[AUDIT] Audit consumer started.
[AUDIT] Assigned partition 0 of topic 'tee.orders'
[AUDIT] Assigned partition 1 of topic 'tee.orders'
[AUDIT] Assigned partition 2 of topic 'tee.orders'
[AUDIT] Assigned partition 0 of topic 'tee.inventory'
[AUDIT] Assigned partition 1 of topic 'tee.inventory'
[AUDIT] Assigned partition 2 of topic 'tee.inventory'
[AUDIT] Received message on topic=tee.inventory partition=0
[AUDIT] Logged event_id=b21710d0-aa6e-45bd-9bde-1eda34b4527f type=INVENTORY_RESERVED topic=tee.inventory
[AUDIT] Received message on topic=tee.inventory partition=0
[AUDIT] Logged event_id=ef85e13e-5ad2-441d-8d8e-9f6ea446ddf7 type=INVENTORY_RESERVED topic=tee.inventory
[AUDIT] Received message on topic=tee.inventory partition=0
[AUDIT] Logged event_id=d6fcfab0-345b-4423-9d67-ca6e74ed8c43 type=INVENTORY_RESERVED topic=tee.inventory
[AUDIT] Received message on topic=tee.inventory partition=0
[AUDIT] Logged event_id=05193a68-a4f2-47de-b256-ff3a8dd68d58 type=INVENTORY_RESERVED topic=tee.inventory
[AUDIT] Received message on topic=tee.inventory partition=0
[AUDIT] Logged event_id=524d7be9-71b1-4d3d-8da4-978446e27a27 type=INVENTORY_RESERVED topic=tee.inventory
[AUDIT] Received message on topic=tee.inventory partition=0
[AUDIT] Logged event_id=53f74a45-7d4f-4cfe-8f7f-19d2e93f92ce type=INVENTORY_RESERVED topic=tee.inventory
[AUDIT] Received message on topic=tee.inventory partition=0
[AUDIT] Logged event_id=6b1acf67-2216-4b6b-9f5d-f6b2f98cce95 type=INVENTORY_RESERVED topic=tee.inventory
[AUDIT] Received message on topic=tee.inventory partition=0
[AUDIT] Logged event_id=9758a499-0c1e-47f2-b8ae-482c4e7d11bc type=INVENTORY_RESERVED topic=tee.inventory
[AUDIT] Received message on topic=tee.inventory partition=0
[AUDIT] Logged event_id=4d1fd536-bb3c-4600-a8f3-9ecb3ce2a786 type=INVENTORY_RESERVED topic=tee.inventory
[AUDIT] Received message on topic=tee.inventory partition=0
[AUDIT] Logged event_id=7e2b687a-7f35-4b2a-925d-202cd5c3589f type=INVENTORY_RESERVED topic=tee.inventory
[AUDIT] Received message on topic=tee.inventory partition=0
[AUDIT] Logged event_id=ca484ec8-a84d-4329-b2f0-c7470c8212fd type=INVENTORY_RESERVED topic=tee.inventory
[AUDIT] Received message on topic=tee.inventory partition=0
[AUDIT] Logged event_id=95789f2b-06b1-426c-b2f7-50f0f65d61b3 type=INVENTORY_RESERVED topic=tee.inventory
[AUDIT] Received message on topic=tee.inventory partition=0
[AUDIT] Logged event_id=1e080794-ebcf-424c-9a36-eab44ea6db95 type=INVENTORY_RESERVED topic=tee.inventory
[AUDIT] Received message on topic=tee.inventory partition=0
[AUDIT] Logged event_id=24e9066c-4af2-4040-8653-020bf650f6b7 type=INVENTORY_RESERVED topic=tee.inventory
[AUDIT] Received message on topic=tee.inventory partition=0
[AUDIT] Logged event_id=33c705aa-ba24-4824-84d3-b83608a8814e type=INVENTORY_RESERVED topic=tee.inventory
[AUDIT] Received message on topic=tee.inventory partition=0
[AUDIT] Logged event_id=85294d89-8368-4e88-ba79-c6edbe3ec45a type=INVENTORY_RESERVED topic=tee.inventory
[AUDIT] Received message on topic=tee.inventory partition=0
[AUDIT] Logged event_id=6f9656dd-d455-4aaf-a051-16fd38706d6d type=INVENTORY_RESERVED topic=tee.inventory
[AUDIT] Received message on topic=tee.inventory partition=0
[AUDIT] Logged event_id=63936b44-98bd-483c-8d04-d9e700d937e9 type=INVENTORY_RESERVED topic=tee.inventory
[AUDIT] Received message on topic=tee.inventory partition=0
[AUDIT] Logged event_id=0950c16a-66b9-4d9e-9c0b-0684b67f6a2a type=INVENTORY_RESERVED topic=tee.inventory
[AUDIT] Received message on topic=tee.inventory partition=0
[AUDIT] Logged event_id=9dd113e7-5673-4c9a-a7c5-c91ee9bc3fa2 type=INVENTORY_RESERVED topic=tee.inventory
[AUDIT] Received message on topic=tee.inventory partition=0
[AUDIT] Logged event_id=9402af86-980b-46d3-858e-2da0d28f06da type=INVENTORY_RESERVED topic=tee.inventory
[AUDIT] Received message on topic=tee.inventory partition=0
[AUDIT] Logged event_id=dca0f727-eda3-476a-a621-3b57173c4064 type=INVENTORY_RESERVED topic=tee.inventory
[AUDIT] Received message on topic=tee.inventory partition=0
[AUDIT] Logged event_id=8444e545-979b-45df-844c-72ea6803710f type=INVENTORY_RESERVED topic=tee.inventory
[AUDIT] Received message on topic=tee.inventory partition=0
[AUDIT] Logged event_id=a9969a43-542f-47a5-88da-98184cc4d367 type=INVENTORY_RESERVED topic=tee.inventory
[AUDIT] Received message on topic=tee.inventory partition=0
[AUDIT] Logged event_id=a1702da7-a555-479b-b698-9962a959341c type=INVENTORY_RESERVED topic=tee.inventory
[AUDIT] Received message on topic=tee.inventory partition=0
[AUDIT] Logged event_id=211a69e1-0957-4f39-a61d-fe97a077d087 type=INVENTORY_REJECTED topic=tee.inventory
[AUDIT] Received message on topic=tee.inventory partition=0
[AUDIT] Logged event_id=27906260-2513-42dd-8f28-368dc8b8d2d0 type=INVENTORY_RESERVED topic=tee.inventory
[AUDIT] Received message on topic=tee.inventory partition=0
[AUDIT] Logged event_id=07cf8e09-61e3-43c4-bd3b-07aa8f85022a type=INVENTORY_RESERVED topic=tee.inventory
[AUDIT] Received message on topic=tee.inventory partition=0
[AUDIT] Logged event_id=1a2a1cf0-e0bf-4aa2-a847-c677134eb08e type=INVENTORY_REJECTED topic=tee.inventory
[AUDIT] Received message on topic=tee.inventory partition=0
[AUDIT] Logged event_id=e68a872e-7c5f-4234-ab56-c01459c380a0 type=INVENTORY_RESERVED topic=tee.inventory
[AUDIT] Received message on topic=tee.inventory partition=0
[AUDIT] Logged event_id=5e9c93b5-ca7a-4ec0-9e42-5b9423e73f00 type=INVENTORY_RESERVED topic=tee.inventory
[AUDIT] Received message on topic=tee.inventory partition=0
[AUDIT] Logged event_id=278c0eb8-78b9-495f-8400-e684591aa8c1 type=INVENTORY_RESERVED topic=tee.inventory
[AUDIT] Received message on topic=tee.inventory partition=0
[AUDIT] Logged event_id=36ff2658-cbf2-427a-a3bb-567722bbee88 type=INVENTORY_RESERVED topic=tee.inventory
[AUDIT] Received message on topic=tee.inventory partition=0
[AUDIT] Logged event_id=2a7894ad-9c49-4028-a906-80257b185337 type=INVENTORY_RESERVED topic=tee.inventory
[AUDIT] Received message on topic=tee.inventory partition=0
[AUDIT] Logged event_id=4662a1e1-ee5a-418f-81ca-6751d44da086 type=INVENTORY_RESERVED topic=tee.inventory
[AUDIT] Received message on topic=tee.inventory partition=1
[AUDIT] Logged event_id=9624826c-e821-40e4-936b-931af525ecc0 type=INVENTORY_RESERVED topic=tee.inventory
[AUDIT] Received message on topic=tee.inventory partition=1
[AUDIT] Logged event_id=a2763e5e-0fff-48b4-95ef-f4af33180b6e type=INVENTORY_RESERVED topic=tee.inventory
[AUDIT] Received message on topic=tee.inventory partition=1
[AUDIT] Logged event_id=6d2e1301-7bb6-40a9-a590-5109716b3690 type=INVENTORY_RESERVED topic=tee.inventory
[AUDIT] Received message on topic=tee.inventory partition=1
[AUDIT] Logged event_id=f9a4f09b-dc6b-4a09-843d-662524f94343 type=INVENTORY_RESERVED topic=tee.inventory
[AUDIT] Received message on topic=tee.inventory partition=1
[AUDIT] Logged event_id=0e127458-9ee6-4ac9-b4bc-726b56ec85b0 type=INVENTORY_RESERVED topic=tee.inventory
[AUDIT] Received message on topic=tee.inventory partition=1
[AUDIT] Logged event_id=d0edbea2-685c-42a4-bad7-96c8f1d4b1e4 type=INVENTORY_RESERVED topic=tee.inventory
[AUDIT] Received message on topic=tee.inventory partition=1
[AUDIT] Logged event_id=9d83b978-a71b-4c1c-8640-7ec4c40a7188 type=INVENTORY_RESERVED topic=tee.inventory
[AUDIT] Received message on topic=tee.inventory partition=1
[AUDIT] Logged event_id=130858fd-c9f5-4ecb-b9cf-5ad80e978ba5 type=INVENTORY_RESERVED topic=tee.inventory
[AUDIT] Received message on topic=tee.inventory partition=1
[AUDIT] Logged event_id=c0551d2f-f580-42af-8b42-074461e252bf type=INVENTORY_RESERVED topic=tee.inventory
[AUDIT] Received message on topic=tee.inventory partition=1
[AUDIT] Logged event_id=26bb02d6-c779-4c00-92ae-6e35f02346bd type=INVENTORY_REJECTED topic=tee.inventory
[AUDIT] Received message on topic=tee.inventory partition=1
[AUDIT] Logged event_id=8f13e87a-77c2-46c0-8dea-7805a5ab4eea type=INVENTORY_RESERVED topic=tee.inventory
[AUDIT] Received message on topic=tee.inventory partition=1
[AUDIT] Logged event_id=2bba2087-ea07-4363-9db2-d099b71dc4d2 type=INVENTORY_REJECTED topic=tee.inventory
[AUDIT] Received message on topic=tee.inventory partition=1
[AUDIT] Logged event_id=cd3dfd62-6df3-442d-b94a-e0353c622d5a type=INVENTORY_RESERVED topic=tee.inventory
[AUDIT] Received message on topic=tee.inventory partition=1
[AUDIT] Logged event_id=721e213a-0ba9-48e3-a289-d83fb87f1d2d type=INVENTORY_RESERVED topic=tee.inventory
[AUDIT] Received message on topic=tee.inventory partition=1
[AUDIT] Logged event_id=33b8e83e-8bb1-4350-a2c5-fb9f08dcf3ac type=INVENTORY_RESERVED topic=tee.inventory
[AUDIT] Received message on topic=tee.inventory partition=1
[AUDIT] Logged event_id=bfe80bd4-59b7-4742-844f-0c4e01232ced type=INVENTORY_RESERVED topic=tee.inventory
[AUDIT] Received message on topic=tee.inventory partition=1
[AUDIT] Logged event_id=6f50c1fb-bee6-4d60-9207-52162f1bbe97 type=INVENTORY_RESERVED topic=tee.inventory
[AUDIT] Received message on topic=tee.inventory partition=1
[AUDIT] Logged event_id=4c394cd8-b2b5-4175-8d33-fe43b9a88d2d type=INVENTORY_RESERVED topic=tee.inventory
[AUDIT] Received message on topic=tee.inventory partition=1
[AUDIT] Logged event_id=fdc86f1f-5a76-43a4-9e3f-268423825c61 type=INVENTORY_RESERVED topic=tee.inventory
[AUDIT] Received message on topic=tee.inventory partition=1
[AUDIT] Logged event_id=f4d908e0-dc99-484b-813a-f7a1a3aeb999 type=INVENTORY_RESERVED topic=tee.inventory
[AUDIT] Received message on topic=tee.inventory partition=1
[AUDIT] Logged event_id=bb1a51cf-c210-4efc-a772-736235fd8087 type=INVENTORY_RESERVED topic=tee.inventory
[AUDIT] Received message on topic=tee.inventory partition=1
[AUDIT] Logged event_id=67580798-2d66-4254-adf9-eec996fb7f5a type=INVENTORY_RESERVED topic=tee.inventory
[AUDIT] Received message on topic=tee.inventory partition=1
[AUDIT] Logged event_id=08b8bea0-db25-497b-84f4-bd2eee851a26 type=INVENTORY_RESERVED topic=tee.inventory
[AUDIT] Received message on topic=tee.inventory partition=1
[AUDIT] Logged event_id=fad64b73-851e-4cc2-81f2-b85f1bd6d591 type=INVENTORY_RESERVED topic=tee.inventory
[AUDIT] Received message on topic=tee.inventory partition=1
[AUDIT] Logged event_id=19408356-9bb4-4e54-91ed-a740f83785e2 type=INVENTORY_RESERVED topic=tee.inventory
[AUDIT] Received message on topic=tee.inventory partition=1
[AUDIT] Logged event_id=626cc07d-8ded-4bff-bfe9-ef9b993e983b type=INVENTORY_RESERVED topic=tee.inventory
[AUDIT] Received message on topic=tee.inventory partition=1
[AUDIT] Logged event_id=0a97328b-3dbe-4ff1-93b1-9062c1d21fa8 type=INVENTORY_RESERVED topic=tee.inventory
[AUDIT] Received message on topic=tee.inventory partition=1
[AUDIT] Logged event_id=48257700-d5e5-49f2-b991-d42d669841a1 type=INVENTORY_RESERVED topic=tee.inventory
[AUDIT] Received message on topic=tee.inventory partition=1
[AUDIT] Logged event_id=13a4ad9c-b4a2-4618-85c8-f6c15f27ed6e type=INVENTORY_REJECTED topic=tee.inventory
[AUDIT] Received message on topic=tee.inventory partition=1
[AUDIT] Logged event_id=bbdb958f-352f-4638-a5e6-7017ced3bfdd type=INVENTORY_RESERVED topic=tee.inventory
[AUDIT] Received message on topic=tee.inventory partition=1
[AUDIT] Logged event_id=e4451698-97f5-44e3-a139-de26cf4a9dde type=INVENTORY_RESERVED topic=tee.inventory
[AUDIT] Received message on topic=tee.inventory partition=2
[AUDIT] Logged event_id=69ddfe5a-0cdd-4b17-9648-d6a05aedc672 type=INVENTORY_RESERVED topic=tee.inventory
[AUDIT] Received message on topic=tee.inventory partition=2
[AUDIT] Logged event_id=b012198c-9691-4efc-9e69-9215ac90ef65 type=INVENTORY_RESERVED topic=tee.inventory
[AUDIT] Received message on topic=tee.inventory partition=2
[AUDIT] Logged event_id=05c5a4be-114f-484f-b8c1-63254b894ccc type=INVENTORY_RESERVED topic=tee.inventory
[AUDIT] Received message on topic=tee.inventory partition=2
[AUDIT] Logged event_id=1366f2d5-01ad-4437-b8ad-4e6f9a2af564 type=INVENTORY_RESERVED topic=tee.inventory
[AUDIT] Received message on topic=tee.inventory partition=2
[AUDIT] Logged event_id=731366aa-d355-4af2-9047-5fe5fc2d3b64 type=INVENTORY_RESERVED topic=tee.inventory
[AUDIT] Received message on topic=tee.inventory partition=2
[AUDIT] Logged event_id=7053566e-87fc-4980-84e3-fc844496ed47 type=INVENTORY_RESERVED topic=tee.inventory
[AUDIT] Received message on topic=tee.inventory partition=2
[AUDIT] Logged event_id=9b674bab-8f44-43a2-8f96-bd81e4a279a2 type=INVENTORY_RESERVED topic=tee.inventory
[AUDIT] Received message on topic=tee.inventory partition=2
[AUDIT] Logged event_id=11f18f9c-94a2-4c3b-835b-fd0ab05c49b7 type=INVENTORY_RESERVED topic=tee.inventory
[AUDIT] Received message on topic=tee.inventory partition=2
[AUDIT] Logged event_id=19c38984-ce82-4852-9667-4a68169bacd5 type=INVENTORY_RESERVED topic=tee.inventory
[AUDIT] Received message on topic=tee.inventory partition=2
[AUDIT] Logged event_id=6529a408-8213-469e-9af5-19c0f865d143 type=INVENTORY_RESERVED topic=tee.inventory
[AUDIT] Received message on topic=tee.inventory partition=2
[AUDIT] Logged event_id=09db3923-4c30-4bf6-abf7-d722cac5f817 type=INVENTORY_RESERVED topic=tee.inventory
[AUDIT] Received message on topic=tee.inventory partition=2
[AUDIT] Logged event_id=bc147e60-58b8-406d-8fc7-fe3b449f0c51 type=INVENTORY_RESERVED topic=tee.inventory
[AUDIT] Received message on topic=tee.inventory partition=2
[AUDIT] Logged event_id=6ae3d7ef-df6b-47c9-85a7-faa115efeb36 type=INVENTORY_RESERVED topic=tee.inventory
[AUDIT] Received message on topic=tee.inventory partition=2
[AUDIT] Logged event_id=159f7f99-6f72-4886-93bf-93f2b51372f7 type=INVENTORY_RESERVED topic=tee.inventory
[AUDIT] Received message on topic=tee.inventory partition=2
[AUDIT] Logged event_id=951e7f7d-123f-4e17-b47e-0eec37c5cf08 type=INVENTORY_RESERVED topic=tee.inventory
[AUDIT] Received message on topic=tee.inventory partition=2
[AUDIT] Logged event_id=d7f14ce9-5149-415d-88f6-0f545f5ffb6a type=INVENTORY_RESERVED topic=tee.inventory
[AUDIT] Received message on topic=tee.inventory partition=2
[AUDIT] Logged event_id=43ed2881-0654-48e2-b0df-314ac9af721c type=INVENTORY_RESERVED topic=tee.inventory
[AUDIT] Received message on topic=tee.inventory partition=2
[AUDIT] Logged event_id=2a3ce334-ae34-4e50-b447-83469eaea749 type=INVENTORY_RESERVED topic=tee.inventory
[AUDIT] Received message on topic=tee.inventory partition=2
[AUDIT] Logged event_id=f5632fd4-fd2a-4315-9caf-65bb938091dc type=INVENTORY_RESERVED topic=tee.inventory
[AUDIT] Received message on topic=tee.inventory partition=2
[AUDIT] Logged event_id=5e98f463-b532-4cda-bcbf-040e9465ff77 type=INVENTORY_RESERVED topic=tee.inventory
[AUDIT] Received message on topic=tee.inventory partition=2
[AUDIT] Logged event_id=e7bbc6fe-0d64-4e3c-a7dd-814e7fbbe98c type=INVENTORY_RESERVED topic=tee.inventory
[AUDIT] Received message on topic=tee.inventory partition=2
[AUDIT] Logged event_id=aa0132a3-8922-4fb8-acc5-5ebe7a1a0e11 type=INVENTORY_RESERVED topic=tee.inventory
[AUDIT] Received message on topic=tee.inventory partition=2
[AUDIT] Logged event_id=0ee6b808-51b7-41bf-b5fd-bbab103285ae type=INVENTORY_RESERVED topic=tee.inventory
[AUDIT] Received message on topic=tee.inventory partition=2
[AUDIT] Logged event_id=4591bccb-0cb9-487e-a921-74fd1bf1e446 type=INVENTORY_RESERVED topic=tee.inventory
[AUDIT] Received message on topic=tee.inventory partition=2
[AUDIT] Logged event_id=38ba8947-4ad7-4169-828c-b503cfd411f7 type=INVENTORY_RESERVED topic=tee.inventory
[AUDIT] Received message on topic=tee.inventory partition=2
[AUDIT] Logged event_id=ff84c952-7e35-493d-915b-4b88658a3063 type=INVENTORY_RESERVED topic=tee.inventory
[AUDIT] Received message on topic=tee.inventory partition=2
[AUDIT] Logged event_id=f58c4568-c530-413f-8eff-5a88db15219d type=INVENTORY_RESERVED topic=tee.inventory
[AUDIT] Received message on topic=tee.inventory partition=2
[AUDIT] Logged event_id=97070217-607a-4269-9de1-204d6474a561 type=INVENTORY_RESERVED topic=tee.inventory
[AUDIT] Received message on topic=tee.orders partition=0
[AUDIT] Logged event_id=a69fb90e-624d-419b-8dea-138d1a08fc95 type=ORDER_CREATED topic=tee.orders
[AUDIT] Received message on topic=tee.orders partition=0
[AUDIT] Logged event_id=436caf4e-5530-48de-8e48-5a1cbc12194f type=ORDER_CREATED topic=tee.orders
[AUDIT] Received message on topic=tee.orders partition=0
[AUDIT] DB ERROR: invalid input syntax for type json
LINE 3: ...         VALUES (NULL, 'UNPARSEABLE', NULL, NULL, 'NOT A JSO...
                                                             ^
DETAIL:  Token "NOT" is invalid.
CONTEXT:  JSON data, line 1: NOT...

[AUDIT] Received message on topic=tee.orders partition=0
[AUDIT] Logged event_id=a9be42f4-4d90-4f8d-a53e-4d7425419202 type=ORDER_CREATED topic=tee.orders
[AUDIT] Received message on topic=tee.orders partition=0
[AUDIT] Logged event_id=b2139f1d-ac16-4f45-b177-d46037fbf478 type=ORDER_CREATED topic=tee.orders
[AUDIT] Received message on topic=tee.orders partition=0
[AUDIT] Logged event_id=ab7067f8-7b46-4f37-aa07-f42c2b5a4923 type=ORDER_CREATED topic=tee.orders
[AUDIT] Received message on topic=tee.orders partition=0
[AUDIT] Logged event_id=38c30e1a-1a55-4fea-a3e5-1821bc4aba2a type=ORDER_CREATED topic=tee.orders
[AUDIT] Received message on topic=tee.orders partition=0
[AUDIT] DB ERROR: invalid input syntax for type json
LINE 3: ...         VALUES (NULL, 'UNPARSEABLE', NULL, NULL, 'NOT A JSO...
                                                             ^
DETAIL:  Token "NOT" is invalid.
CONTEXT:  JSON data, line 1: NOT...

[AUDIT] Received message on topic=tee.orders partition=0
[AUDIT] Logged event_id=22411abd-d52b-47fa-ab20-0742b9a6b7f1 type=ORDER_CREATED topic=tee.orders
[AUDIT] Received message on topic=tee.orders partition=0
[AUDIT] DB ERROR: invalid input syntax for type json
LINE 3: ...         VALUES (NULL, 'UNPARSEABLE', NULL, NULL, 'NOT A JSO...
                                                             ^
DETAIL:  Token "NOT" is invalid.
CONTEXT:  JSON data, line 1: NOT...

[AUDIT] Received message on topic=tee.orders partition=0
[AUDIT] Logged event_id=fecf7341-9cb6-4fdc-8bbf-08bb1003dc9c type=ORDER_CREATED topic=tee.orders
[AUDIT] Received message on topic=tee.orders partition=0
[AUDIT] Logged event_id=e6091967-7842-4d07-af74-a4dd323f8aea type=ORDER_CREATED topic=tee.orders
[AUDIT] Received message on topic=tee.orders partition=0
[AUDIT] Logged event_id=bc2b05b9-792b-4ac8-949a-d97f701fa732 type=ORDER_CREATED topic=tee.orders
[AUDIT] Received message on topic=tee.orders partition=0
[AUDIT] Logged event_id=39a57c1c-9ada-46d4-8e16-537ccdb9f0b0 type=ORDER_CREATED topic=tee.orders
[AUDIT] Received message on topic=tee.orders partition=0
[AUDIT] Logged event_id=d0d4bca0-0e84-4d8e-9bff-0e708892bc1c type=ORDER_CREATED topic=tee.orders
[AUDIT] Received message on topic=tee.orders partition=0
[AUDIT] Logged event_id=e8cb17a4-6e12-4228-8125-3cdd1266486e type=ORDER_CREATED topic=tee.orders
[AUDIT] Received message on topic=tee.orders partition=0
[AUDIT] DB ERROR: invalid input syntax for type json
LINE 3: ...         VALUES (NULL, 'UNPARSEABLE', NULL, NULL, 'NOT A JSO...
                                                             ^
DETAIL:  Token "NOT" is invalid.
CONTEXT:  JSON data, line 1: NOT...

[AUDIT] Received message on topic=tee.orders partition=0
[AUDIT] Logged event_id=d29db7c3-ba49-4cf0-a171-76f23aef0824 type=ORDER_CREATED topic=tee.orders
[AUDIT] Received message on topic=tee.orders partition=0
[AUDIT] Logged event_id=e0a219fa-0796-422d-acc5-a40fdafd8483 type=ORDER_CREATED topic=tee.orders
[AUDIT] Received message on topic=tee.orders partition=0
[AUDIT] Logged event_id=4aa1a17f-93e4-4100-8814-9ba06607890e type=ORDER_CREATED topic=tee.orders
[AUDIT] Received message on topic=tee.orders partition=0
[AUDIT] Logged event_id=17c1885b-f27c-46d8-a737-e365e6a66d3d type=ORDER_CREATED topic=tee.orders
[AUDIT] Received message on topic=tee.orders partition=0
[AUDIT] Logged event_id=780527c8-8d15-4e25-b7c0-f2cc2d1d6002 type=ORDER_CREATED topic=tee.orders
[AUDIT] Received message on topic=tee.orders partition=0
[AUDIT] Logged event_id=84084df6-daa9-4b4c-8f78-1a7904a8b7b2 type=ORDER_CREATED topic=tee.orders
[AUDIT] Received message on topic=tee.orders partition=0
[AUDIT] Logged event_id=2e1609ae-2a86-4a37-81c1-6e9bea7f6bd6 type=ORDER_CREATED topic=tee.orders
[AUDIT] Received message on topic=tee.orders partition=0
[AUDIT] Logged event_id=97a523b4-80f5-4b60-9b62-21bd8fc65fdb type=ORDER_CREATED topic=tee.orders
[AUDIT] Received message on topic=tee.orders partition=0
[AUDIT] Logged event_id=15151ca1-5b0c-402a-8682-ba90e690593b type=ORDER_CREATED topic=tee.orders
[AUDIT] Received message on topic=tee.orders partition=0
[AUDIT] Logged event_id=eb4f5588-f334-4081-9ad7-246d524a4546 type=ORDER_CREATED topic=tee.orders
[AUDIT] Received message on topic=tee.orders partition=0
[AUDIT] Logged event_id=2d77d89c-c817-40e1-b6df-12bc509ab9ff type=ORDER_CREATED topic=tee.orders
[AUDIT] Received message on topic=tee.orders partition=0
[AUDIT] Logged event_id=061c384c-0213-4c25-9269-ed4bbb4feffa type=ORDER_CREATED topic=tee.orders
[AUDIT] Received message on topic=tee.orders partition=0
[AUDIT] Logged event_id=93b6df41-6f7a-41e2-9cdf-276f328c109c type=ORDER_CREATED topic=tee.orders
[AUDIT] Received message on topic=tee.orders partition=0
[AUDIT] Logged event_id=c3f09afc-9dcc-423c-b768-ff62e03ff776 type=ORDER_CREATED topic=tee.orders
[AUDIT] Received message on topic=tee.orders partition=0
[AUDIT] Logged event_id=7d639608-2eae-44e6-81d7-d96ef6be5657 type=ORDER_CREATED topic=tee.orders
[AUDIT] Received message on topic=tee.orders partition=0
[AUDIT] Logged event_id=4f0dea17-03a7-4029-a8e5-2d1f0a7e805d type=ORDER_CREATED topic=tee.orders
[AUDIT] Received message on topic=tee.orders partition=0
[AUDIT] Logged event_id=7ae18d01-f573-4b4b-9b1e-a0e41bebb690 type=ORDER_CREATED topic=tee.orders
[AUDIT] Received message on topic=tee.orders partition=0
[AUDIT] Logged event_id=bb354010-e2d6-4128-ba39-b9175d6ec9c3 type=ORDER_CREATED topic=tee.orders
[AUDIT] Received message on topic=tee.orders partition=0
[AUDIT] Logged event_id=7bf0610f-8e1a-45a5-a513-66a82e349130 type=ORDER_CREATED topic=tee.orders
[AUDIT] Received message on topic=tee.orders partition=0
[AUDIT] Logged event_id=b78b58b3-44a0-4e6f-9f86-c26becd52e79 type=ORDER_CREATED topic=tee.orders
[AUDIT] Received message on topic=tee.orders partition=0
[AUDIT] Logged event_id=53eb4343-4d2e-469b-967d-4a2b4495b324 type=ORDER_CREATED topic=tee.orders
[AUDIT] Received message on topic=tee.orders partition=0
[AUDIT] DB ERROR: invalid input syntax for type json
LINE 3: ...         VALUES (NULL, 'UNPARSEABLE', NULL, NULL, 'NOT A JSO...
                                                             ^
DETAIL:  Token "NOT" is invalid.
CONTEXT:  JSON data, line 1: NOT...

[AUDIT] Received message on topic=tee.orders partition=0
[AUDIT] DB ERROR: invalid input syntax for type json
LINE 3: ...         VALUES (NULL, 'UNPARSEABLE', NULL, NULL, 'NOT A JSO...
                                                             ^
DETAIL:  Token "NOT" is invalid.
CONTEXT:  JSON data, line 1: NOT...

[AUDIT] Received message on topic=tee.orders partition=0
[AUDIT] Logged event_id=0af8a389-4ffc-4e40-b505-6642f6097c04 type=ORDER_CREATED topic=tee.orders
[AUDIT] Received message on topic=tee.orders partition=0
[AUDIT] DB ERROR: invalid input syntax for type json
LINE 3: ...         VALUES (NULL, 'UNPARSEABLE', NULL, NULL, 'NOT A JSO...
                                                             ^
DETAIL:  Token "NOT" is invalid.
CONTEXT:  JSON data, line 1: NOT...

[AUDIT] Received message on topic=tee.orders partition=0
[AUDIT] Logged event_id=38f85854-5e36-4564-bb5f-59f3c2a4670f type=ORDER_CREATED topic=tee.orders
[AUDIT] Received message on topic=tee.orders partition=0
[AUDIT] DB ERROR: invalid input syntax for type json
LINE 3: ...         VALUES (NULL, 'UNPARSEABLE', NULL, NULL, 'NOT A JSO...
                                                             ^
DETAIL:  Token "NOT" is invalid.
CONTEXT:  JSON data, line 1: NOT...

[AUDIT] Received message on topic=tee.orders partition=0
[AUDIT] Logged event_id=682ff361-4cc0-477d-ac41-725f184902e4 type=ORDER_CREATED topic=tee.orders
[AUDIT] Received message on topic=tee.orders partition=1
[AUDIT] Logged event_id=fd784867-e7ee-45c4-ad14-4d897ea41021 type=ORDER_CREATED topic=tee.orders
[AUDIT] Received message on topic=tee.orders partition=1
[AUDIT] Logged event_id=50c6b157-93e4-44b5-88f0-91e844a2d1b2 type=ORDER_CREATED topic=tee.orders
[AUDIT] Received message on topic=tee.orders partition=1
[AUDIT] Logged event_id=a86ce327-64c1-4afb-ba63-9dded445384c type=ORDER_CREATED topic=tee.orders
[AUDIT] Received message on topic=tee.orders partition=1
[AUDIT] Logged event_id=87e998b0-c54e-43f4-86a3-40cfc513499a type=ORDER_CREATED topic=tee.orders
[AUDIT] Received message on topic=tee.orders partition=1
[AUDIT] DB ERROR: invalid input syntax for type json
LINE 3: ...         VALUES (NULL, 'UNPARSEABLE', NULL, NULL, 'NOT A JSO...
                                                             ^
DETAIL:  Token "NOT" is invalid.
CONTEXT:  JSON data, line 1: NOT...

[AUDIT] Received message on topic=tee.orders partition=1
[AUDIT] Logged event_id=86ebe6e3-684b-4d61-99f0-e0511c4a5115 type=ORDER_CREATED topic=tee.orders
[AUDIT] Received message on topic=tee.orders partition=1
[AUDIT] Logged event_id=a9fd3e18-24c9-4348-890a-cdb17fdd5a2a type=ORDER_CREATED topic=tee.orders
[AUDIT] Received message on topic=tee.orders partition=1
[AUDIT] Logged event_id=f388c4fa-20f7-4b11-8473-8d9dee333bd4 type=ORDER_CREATED topic=tee.orders
[AUDIT] Received message on topic=tee.orders partition=1
[AUDIT] Logged event_id=de89c773-b259-4303-a3f4-348773ac3d1c type=ORDER_CREATED topic=tee.orders
[AUDIT] Received message on topic=tee.orders partition=1
[AUDIT] Logged event_id=1579ac20-5c93-4b95-ab44-8e6a811d7fd3 type=ORDER_CREATED topic=tee.orders
[AUDIT] Received message on topic=tee.orders partition=1
[AUDIT] DB ERROR: invalid input syntax for type json
LINE 3: ...         VALUES (NULL, 'UNPARSEABLE', NULL, NULL, 'NOT A JSO...
                                                             ^
DETAIL:  Token "NOT" is invalid.
CONTEXT:  JSON data, line 1: NOT...

[AUDIT] Received message on topic=tee.orders partition=1
[AUDIT] Logged event_id=c5905783-694a-4a17-8db7-7b389e713136 type=ORDER_CREATED topic=tee.orders
[AUDIT] Received message on topic=tee.orders partition=1
[AUDIT] Logged event_id=e748f835-d053-4c8e-bc7e-109cc30490c4 type=ORDER_CREATED topic=tee.orders
[AUDIT] Received message on topic=tee.orders partition=1
[AUDIT] DB ERROR: invalid input syntax for type json
LINE 3: ...         VALUES (NULL, 'UNPARSEABLE', NULL, NULL, 'NOT A JSO...
                                                             ^
DETAIL:  Token "NOT" is invalid.
CONTEXT:  JSON data, line 1: NOT...

[AUDIT] Received message on topic=tee.orders partition=1
[AUDIT] Logged event_id=fbc482f1-5032-4d0c-a362-82fb6d0ea23a type=ORDER_CREATED topic=tee.orders
[AUDIT] Received message on topic=tee.orders partition=1
[AUDIT] Logged event_id=310b4a33-f06f-45cd-b9bb-4e56072c4211 type=ORDER_CREATED topic=tee.orders
[AUDIT] Received message on topic=tee.orders partition=1
[AUDIT] DB ERROR: invalid input syntax for type json
LINE 3: ...         VALUES (NULL, 'UNPARSEABLE', NULL, NULL, 'NOT A JSO...
                                                             ^
DETAIL:  Token "NOT" is invalid.
CONTEXT:  JSON data, line 1: NOT...

[AUDIT] Received message on topic=tee.orders partition=1
[AUDIT] Logged event_id=6d8b63cc-f69a-4086-b816-2a8209bbe37e type=ORDER_CREATED topic=tee.orders
[AUDIT] Received message on topic=tee.orders partition=1
[AUDIT] Logged event_id=1e2bc2e0-720a-4bad-9cc8-3d229f226591 type=ORDER_CREATED topic=tee.orders
[AUDIT] Received message on topic=tee.orders partition=1
[AUDIT] Logged event_id=1cc200e7-92d4-45e7-bf5b-f0c75e179a4d type=ORDER_CREATED topic=tee.orders
[AUDIT] Received message on topic=tee.orders partition=1
[AUDIT] Logged event_id=48a2939b-92ff-4163-abee-896361408edf type=ORDER_CREATED topic=tee.orders
[AUDIT] Received message on topic=tee.orders partition=1
[AUDIT] Logged event_id=03fe6557-598e-4c5b-8091-d1baab1f6d46 type=ORDER_CREATED topic=tee.orders
[AUDIT] Received message on topic=tee.orders partition=1
[AUDIT] Logged event_id=dd87aab7-f4f4-480a-8a51-9b889f10ea02 type=ORDER_CREATED topic=tee.orders
[AUDIT] Received message on topic=tee.orders partition=1
[AUDIT] Logged event_id=4efbf28c-c7bd-40eb-b518-7efeec83b1fb type=ORDER_CREATED topic=tee.orders
[AUDIT] Received message on topic=tee.orders partition=1
[AUDIT] Logged event_id=7872cece-25db-46be-88b4-134832b9b147 type=ORDER_CREATED topic=tee.orders
[AUDIT] Received message on topic=tee.orders partition=1
[AUDIT] Logged event_id=8504446c-fa1a-4cf9-9f93-3a74cdd9a8bd type=ORDER_CREATED topic=tee.orders
[AUDIT] Received message on topic=tee.orders partition=1
[AUDIT] Logged event_id=f86f88ec-99b1-4aa6-a234-2f55dc50830e type=ORDER_CREATED topic=tee.orders
[AUDIT] Received message on topic=tee.orders partition=1
[AUDIT] Logged event_id=3cdd3837-ba06-49ec-979b-52742d8239b9 type=ORDER_CREATED topic=tee.orders
[AUDIT] Received message on topic=tee.orders partition=1
[AUDIT] Logged event_id=ea2d764e-9d5f-4dd3-8596-fdc4c166465a type=ORDER_CREATED topic=tee.orders
[AUDIT] Received message on topic=tee.orders partition=1
[AUDIT] Logged event_id=044864cf-03a0-4922-b12b-5f63bf799d9e type=ORDER_CREATED topic=tee.orders
[AUDIT] Received message on topic=tee.orders partition=1
[AUDIT] Logged event_id=781b4743-df81-4646-95d6-55ccaea12d80 type=ORDER_CREATED topic=tee.orders
[AUDIT] Received message on topic=tee.orders partition=1
[AUDIT] Logged event_id=888f9ed1-bda8-445a-9f2f-9355856e94e3 type=ORDER_CREATED topic=tee.orders
[AUDIT] Received message on topic=tee.orders partition=1
[AUDIT] Logged event_id=2b029bd0-ece3-49f9-9752-b3ded816b5af type=ORDER_CREATED topic=tee.orders
[AUDIT] Received message on topic=tee.orders partition=1
[AUDIT] Logged event_id=a9cecd32-570b-456d-a220-cd9ee26998e5 type=ORDER_CREATED topic=tee.orders
[AUDIT] Received message on topic=tee.orders partition=1
[AUDIT] Logged event_id=ef4ef932-5206-4ce6-84f9-85c7924e668b type=ORDER_CREATED topic=tee.orders
[AUDIT] Received message on topic=tee.orders partition=1
[AUDIT] Logged event_id=195a1d4c-0abd-4019-809a-6d1fdfd9e170 type=ORDER_CREATED topic=tee.orders
[AUDIT] Received message on topic=tee.orders partition=1
[AUDIT] DB ERROR: invalid input syntax for type json
LINE 3: ...         VALUES (NULL, 'UNPARSEABLE', NULL, NULL, 'NOT A JSO...
                                                             ^
DETAIL:  Token "NOT" is invalid.
CONTEXT:  JSON data, line 1: NOT...

[AUDIT] Received message on topic=tee.orders partition=1
[AUDIT] Logged event_id=6c75cb91-e718-4d87-a612-549534bc2c2a type=ORDER_CREATED topic=tee.orders
[AUDIT] Received message on topic=tee.orders partition=1
[AUDIT] DB ERROR: invalid input syntax for type json
LINE 3: ...         VALUES (NULL, 'UNPARSEABLE', NULL, NULL, 'NOT A JSO...
                                                             ^
DETAIL:  Token "NOT" is invalid.
CONTEXT:  JSON data, line 1: NOT...

[AUDIT] Received message on topic=tee.orders partition=1
[AUDIT] Logged event_id=fbf1a92c-fe5d-419f-99e4-6537d7a4fdf8 type=ORDER_CREATED topic=tee.orders
[AUDIT] Received message on topic=tee.orders partition=1
[AUDIT] Logged event_id=c675c6f5-9732-4b32-a06d-ba1699a9eff9 type=ORDER_CREATED topic=tee.orders
[AUDIT] Received message on topic=tee.orders partition=2
[AUDIT] DB ERROR: invalid input syntax for type json
LINE 3: ...         VALUES (NULL, 'UNPARSEABLE', NULL, NULL, 'NOT A JSO...
                                                             ^
DETAIL:  Token "NOT" is invalid.
CONTEXT:  JSON data, line 1: NOT...

[AUDIT] Received message on topic=tee.orders partition=2
[AUDIT] Logged event_id=2fe347ab-5170-4fd6-ad59-6f75542594c9 type=ORDER_CREATED topic=tee.orders
[AUDIT] Received message on topic=tee.orders partition=2
[AUDIT] Logged event_id=13774841-0bce-4843-9ffb-96c293423ae4 type=ORDER_CREATED topic=tee.orders
[AUDIT] Received message on topic=tee.orders partition=2
[AUDIT] Logged event_id=8a3394c5-aa56-439c-81a4-d7dd0ddc72c7 type=ORDER_CREATED topic=tee.orders
[AUDIT] Received message on topic=tee.orders partition=2
[AUDIT] Logged event_id=e355b18c-6237-4533-a029-0c7ff65bcf19 type=ORDER_CREATED topic=tee.orders
[AUDIT] Received message on topic=tee.orders partition=2
[AUDIT] Logged event_id=5513ec43-f50c-4ec4-87d5-fd02cffe8b2b type=ORDER_CREATED topic=tee.orders
[AUDIT] Received message on topic=tee.orders partition=2
[AUDIT] Logged event_id=c430a54f-ab4a-4caf-a354-44a2bc736886 type=ORDER_CREATED topic=tee.orders
[AUDIT] Received message on topic=tee.orders partition=2
[AUDIT] DB ERROR: invalid input syntax for type json
LINE 3: ...         VALUES (NULL, 'UNPARSEABLE', NULL, NULL, 'NOT A JSO...
                                                             ^
DETAIL:  Token "NOT" is invalid.
CONTEXT:  JSON data, line 1: NOT...

[AUDIT] Received message on topic=tee.orders partition=2
[AUDIT] Logged event_id=72502a6a-6dc8-41f4-a606-75176b172fc1 type=ORDER_CREATED topic=tee.orders
[AUDIT] Received message on topic=tee.orders partition=2
[AUDIT] Logged event_id=294c2a4f-be12-4c9a-8ad6-d3b330d3ed42 type=ORDER_CREATED topic=tee.orders
[AUDIT] Received message on topic=tee.orders partition=2
[AUDIT] Logged event_id=3a1c1a8e-cdbd-48fd-8276-8fffdf8d3bc0 type=ORDER_CREATED topic=tee.orders
[AUDIT] Received message on topic=tee.orders partition=2
[AUDIT] Logged event_id=0616ef13-af82-4480-961d-3b2c6829c6bb type=ORDER_CREATED topic=tee.orders
[AUDIT] Received message on topic=tee.orders partition=2
[AUDIT] Logged event_id=d52685ec-3268-4666-84b0-74ee02f7c2a7 type=ORDER_CREATED topic=tee.orders
[AUDIT] Received message on topic=tee.orders partition=2
[AUDIT] Logged event_id=1662b2a0-b912-402e-9c8d-717562c09ed7 type=ORDER_CREATED topic=tee.orders
[AUDIT] Received message on topic=tee.orders partition=2
[AUDIT] Logged event_id=0bb43c92-29b0-45a4-bb9b-31783112cc17 type=ORDER_CREATED topic=tee.orders
[AUDIT] Received message on topic=tee.orders partition=2
[AUDIT] Logged event_id=73ce71cd-56d0-403e-b4be-e9ba0e2894fc type=ORDER_CREATED topic=tee.orders
[AUDIT] Received message on topic=tee.orders partition=2
[AUDIT] DB ERROR: invalid input syntax for type json
LINE 3: ...         VALUES (NULL, 'UNPARSEABLE', NULL, NULL, 'NOT A JSO...
                                                             ^
DETAIL:  Token "NOT" is invalid.
CONTEXT:  JSON data, line 1: NOT...

[AUDIT] Received message on topic=tee.orders partition=2
[AUDIT] Logged event_id=81076828-0900-4dee-ab79-59693bbf0631 type=ORDER_CREATED topic=tee.orders
[AUDIT] Received message on topic=tee.orders partition=2
[AUDIT] Logged event_id=5046b1f6-e88a-47a2-9307-fe42f64add53 type=ORDER_CREATED topic=tee.orders
[AUDIT] Received message on topic=tee.orders partition=2
[AUDIT] Logged event_id=bade4bd9-37bd-4b48-bd01-22344013c773 type=ORDER_CREATED topic=tee.orders
[AUDIT] Received message on topic=tee.orders partition=2
[AUDIT] Logged event_id=4d3a80ab-957a-478a-9b0e-782ae46bdacf type=ORDER_CREATED topic=tee.orders
[AUDIT] Received message on topic=tee.orders partition=2
[AUDIT] Logged event_id=eeb96d78-0c5f-4fd5-b086-b7d7e323bddc type=ORDER_CREATED topic=tee.orders
[AUDIT] Received message on topic=tee.orders partition=2
[AUDIT] Logged event_id=943cd7de-691b-4256-aabc-95a7b6251995 type=ORDER_CREATED topic=tee.orders
[AUDIT] Received message on topic=tee.orders partition=2
[AUDIT] Logged event_id=f1009124-f358-46d0-9742-7254a647cd54 type=ORDER_CREATED topic=tee.orders
[AUDIT] Received message on topic=tee.orders partition=2
[AUDIT] DB ERROR: invalid input syntax for type json
LINE 3: ...         VALUES (NULL, 'UNPARSEABLE', NULL, NULL, 'NOT A JSO...
                                                             ^
DETAIL:  Token "NOT" is invalid.
CONTEXT:  JSON data, line 1: NOT...

[AUDIT] Received message on topic=tee.orders partition=2
[AUDIT] DB ERROR: invalid input syntax for type json
LINE 3: ...         VALUES (NULL, 'UNPARSEABLE', NULL, NULL, 'NOT A JSO...
                                                             ^
DETAIL:  Token "NOT" is invalid.
CONTEXT:  JSON data, line 1: NOT...

[AUDIT] Received message on topic=tee.orders partition=2
[AUDIT] Logged event_id=6e072b6b-8abb-4020-b527-8119fc0634ac type=ORDER_CREATED topic=tee.orders
[AUDIT] Received message on topic=tee.orders partition=2
[AUDIT] Logged event_id=4aafb123-a722-4112-aa1e-54d7ccbc1eb7 type=ORDER_CREATED topic=tee.orders
[AUDIT] Received message on topic=tee.orders partition=2
[AUDIT] Logged event_id=c555d3af-b145-4679-9cbd-cfee781c0b80 type=ORDER_CREATED topic=tee.orders
[AUDIT] Received message on topic=tee.orders partition=2
[AUDIT] Logged event_id=b223acc7-4bbb-4d87-8004-0c47fee3407f type=ORDER_CREATED topic=tee.orders
[AUDIT] Received message on topic=tee.orders partition=2
[AUDIT] DB ERROR: invalid input syntax for type json
LINE 3: ...         VALUES (NULL, 'UNPARSEABLE', NULL, NULL, 'NOT A JSO...
                                                             ^
DETAIL:  Token "NOT" is invalid.
CONTEXT:  JSON data, line 1: NOT...

[AUDIT] Received message on topic=tee.orders partition=2
[AUDIT] Logged event_id=c2dba5a3-2863-4c98-aac8-b64dda60a7f5 type=ORDER_CREATED topic=tee.orders
[AUDIT] Received message on topic=tee.orders partition=2
[AUDIT] Logged event_id=77c0f8aa-f93b-4170-aa63-f85656df1b51 type=ORDER_CREATED topic=tee.orders
[AUDIT] Received message on topic=tee.orders partition=2
[AUDIT] Logged event_id=5af2a97d-26a3-4b77-8ecd-cbc5d90746dd type=ORDER_CREATED topic=tee.orders
[AUDIT] Received message on topic=tee.orders partition=2
[AUDIT] Logged event_id=4a114425-f969-405c-b4bb-24be7716d631 type=ORDER_CREATED topic=tee.orders
[AUDIT] Received message on topic=tee.orders partition=2
[AUDIT] Logged event_id=f3a9c67e-a240-470d-89c5-d343b20b9fb6 type=ORDER_CREATED topic=tee.orders
[AUDIT] Received message on topic=tee.inventory partition=0
[AUDIT] Logged event_id=8363fa1f-0efe-4db1-be63-5937c50d362f type=INVENTORY_RESERVED topic=tee.inventory
[AUDIT] Received message on topic=tee.inventory partition=0
[AUDIT] Logged event_id=f58eef34-dc85-499f-a74f-b7cac4cd0617 type=INVENTORY_RESERVED topic=tee.inventory
[AUDIT] Received message on topic=tee.inventory partition=0
[AUDIT] Logged event_id=1ed7b3df-b4a8-4f9d-89cc-7efca080ed53 type=INVENTORY_RESERVED topic=tee.inventory
[AUDIT] Received message on topic=tee.inventory partition=0
[AUDIT] Logged event_id=d6c1d9b9-188c-47c5-bef6-829149508d59 type=INVENTORY_RESERVED topic=tee.inventory
[AUDIT] Received message on topic=tee.orders partition=1
[AUDIT] DB ERROR: invalid input syntax for type json
LINE 3: ...         VALUES (NULL, 'UNPARSEABLE', NULL, NULL, 'NOT A JSO...
                                                             ^
DETAIL:  Token "NOT" is invalid.
CONTEXT:  JSON data, line 1: NOT...

[AUDIT] Received message on topic=tee.inventory partition=0
[AUDIT] Logged event_id=608c3fa0-e1a2-4da2-9d1e-0ccf13be683f type=INVENTORY_RESERVED topic=tee.inventory
[AUDIT] Received message on topic=tee.inventory partition=0
[AUDIT] Logged event_id=22206c36-0817-4ff6-ad71-804eedaf1cbb type=INVENTORY_RESERVED topic=tee.inventory
[AUDIT] Received message on topic=tee.inventory partition=0
[AUDIT] Logged event_id=809cb10b-25d6-45ce-988d-3e08a6bc5642 type=INVENTORY_RESERVED topic=tee.inventory
[AUDIT] Received message on topic=tee.inventory partition=0
[AUDIT] Logged event_id=e1f21491-0278-49d2-b443-f50d1077be92 type=INVENTORY_RESERVED topic=tee.inventory
[AUDIT] Received message on topic=tee.inventory partition=0
[AUDIT] Logged event_id=fb798c30-005d-4b88-9dd3-45f0b9a0a349 type=INVENTORY_RESERVED topic=tee.inventory
[AUDIT] Received message on topic=tee.orders partition=2
[AUDIT] Logged event_id=1b22b269-5e7a-452a-8615-d58d6323a3cb type=ORDER_CREATED topic=tee.orders
[AUDIT] Received message on topic=tee.inventory partition=0
[AUDIT] Logged event_id=5c0823a5-24a3-452b-9087-a0cd776cda63 type=INVENTORY_RESERVED topic=tee.inventory
[AUDIT] Received message on topic=tee.inventory partition=0
[AUDIT] Logged event_id=275c6e93-55cc-4eb7-8ed4-a905b00b69f7 type=INVENTORY_RESERVED topic=tee.inventory
[AUDIT] Received message on topic=tee.inventory partition=0
[AUDIT] Logged event_id=cd4c4222-6e69-4095-b009-fff5bc43d959 type=INVENTORY_RESERVED topic=tee.inventory
[AUDIT] Received message on topic=tee.inventory partition=0
[AUDIT] Logged event_id=e699a904-05c7-4899-9ee8-e8aa4af6ffdf type=INVENTORY_RESERVED topic=tee.inventory
[AUDIT] Received message on topic=tee.inventory partition=0
[AUDIT] Logged event_id=6df8995d-e34c-4801-a7c4-19b2364771ac type=INVENTORY_RESERVED topic=tee.inventory
[AUDIT] Received message on topic=tee.inventory partition=0
[AUDIT] Logged event_id=670fa093-f6b1-431c-8a4f-633d8004d834 type=INVENTORY_RESERVED topic=tee.inventory
[AUDIT] Received message on topic=tee.inventory partition=0
[AUDIT] Logged event_id=149dbd33-586b-4f53-9e45-ed4eee8de983 type=INVENTORY_RESERVED topic=tee.inventory
[AUDIT] Received message on topic=tee.orders partition=2
[AUDIT] Logged event_id=b2bc7d0a-22a1-45da-960d-f7a2d66d61e0 type=ORDER_CREATED topic=tee.orders
[AUDIT] Received message on topic=tee.inventory partition=0
[AUDIT] Logged event_id=70307d7c-45d5-4371-b9d2-9fd5bd053789 type=INVENTORY_RESERVED topic=tee.inventory
[AUDIT] Received message on topic=tee.inventory partition=0
[AUDIT] Logged event_id=b8a19b20-bcdf-48fe-b0af-76405d12181e type=INVENTORY_RESERVED topic=tee.inventory
[AUDIT] Received message on topic=tee.inventory partition=0
[AUDIT] Logged event_id=8c3b252b-9569-4870-91fa-b3d135145f48 type=INVENTORY_RESERVED topic=tee.inventory
[AUDIT] Received message on topic=tee.inventory partition=0
[AUDIT] Logged event_id=e0e0cf3b-ff33-427c-8be9-b402c91f1bd2 type=INVENTORY_RESERVED topic=tee.inventory
[AUDIT] Received message on topic=tee.inventory partition=0
[AUDIT] Logged event_id=9a461a5f-951d-4a8a-8caa-4067eeb5ec05 type=INVENTORY_RESERVED topic=tee.inventory
[AUDIT] Received message on topic=tee.inventory partition=0
[AUDIT] Logged event_id=24e0b58c-6b85-434e-b0cb-390346cc059e type=INVENTORY_RESERVED topic=tee.inventory
[AUDIT] Received message on topic=tee.inventory partition=0
[AUDIT] Logged event_id=37b8ad66-f9f3-48a1-afe6-0b1aba3b38cc type=INVENTORY_RESERVED topic=tee.inventory
[AUDIT] Received message on topic=tee.inventory partition=0
[AUDIT] Logged event_id=37fc9493-e56e-4292-9f38-b093a6c7f1f3 type=INVENTORY_RESERVED topic=tee.inventory
[AUDIT] Received message on topic=tee.orders partition=2
[AUDIT] Logged event_id=0df4ad4d-3e17-44f3-9285-ef39677ac1af type=ORDER_CREATED topic=tee.orders
[AUDIT] Received message on topic=tee.inventory partition=0
[AUDIT] Logged event_id=523fb257-2eca-4c93-a3f4-2d744fa4f7ad type=INVENTORY_RESERVED topic=tee.inventory
[AUDIT] Received message on topic=tee.inventory partition=0
[AUDIT] Logged event_id=2d6c8d64-175d-447e-92f0-a3685b067105 type=INVENTORY_RESERVED topic=tee.inventory
[AUDIT] Received message on topic=tee.inventory partition=0
[AUDIT] Logged event_id=2e9dc912-68a3-4ed8-b371-28a7d6be8162 type=INVENTORY_RESERVED topic=tee.inventory
[AUDIT] Received message on topic=tee.inventory partition=0
[AUDIT] Logged event_id=56e898cf-3441-4b88-ad05-259c17918d4e type=INVENTORY_RESERVED topic=tee.inventory
[AUDIT] Received message on topic=tee.inventory partition=0
[AUDIT] Logged event_id=e59b8c19-0e88-4dfb-b357-fd7a3f27f16c type=INVENTORY_RESERVED topic=tee.inventory
[AUDIT] Received message on topic=tee.inventory partition=0
[AUDIT] Logged event_id=6320aeef-def7-44bd-8385-4070ebfb1aa0 type=INVENTORY_RESERVED topic=tee.inventory
[AUDIT] Received message on topic=tee.inventory partition=0
[AUDIT] Logged event_id=c4aac2f0-d780-48b8-a87e-53221f7961b7 type=INVENTORY_RESERVED topic=tee.inventory
[AUDIT] Received message on topic=tee.inventory partition=0
[AUDIT] Logged event_id=e4436bbe-f3c7-4a8e-aac7-76212f9da37e type=INVENTORY_RESERVED topic=tee.inventory
[AUDIT] Received message on topic=tee.orders partition=1
[AUDIT] Logged event_id=f4738c32-caee-40ee-a09a-0c566c651413 type=ORDER_CREATED topic=tee.orders
[AUDIT] Received message on topic=tee.inventory partition=0
[AUDIT] Logged event_id=56d9ae51-e788-43f2-b225-c9fa19e2a31f type=INVENTORY_RESERVED topic=tee.inventory
[AUDIT] Received message on topic=tee.inventory partition=0
[AUDIT] Logged event_id=120e8949-e369-4a46-8192-7db5db3b2552 type=INVENTORY_RESERVED topic=tee.inventory
[AUDIT] Received message on topic=tee.inventory partition=0
[AUDIT] Logged event_id=f22d5cd9-e462-4719-8d4d-265a6f5bca61 type=INVENTORY_RESERVED topic=tee.inventory
[AUDIT] Received message on topic=tee.inventory partition=0
[AUDIT] Logged event_id=24a7ada3-5c48-4973-888c-b2626f18bbf1 type=INVENTORY_RESERVED topic=tee.inventory
[AUDIT] Received message on topic=tee.orders partition=0
[AUDIT] Logged event_id=2fd59d72-4da0-4b23-a38d-ea2c54f2b269 type=ORDER_CREATED topic=tee.orders
[AUDIT] Received message on topic=tee.inventory partition=0
[AUDIT] Logged event_id=2bafaa0a-fd5b-44dd-a0c5-ed5f12d44cfc type=INVENTORY_RESERVED topic=tee.inventory
[AUDIT] Received message on topic=tee.inventory partition=1
[AUDIT] Logged event_id=7c4f4560-5f23-44e9-9cbb-d75998659860 type=INVENTORY_RESERVED topic=tee.inventory
[AUDIT] Received message on topic=tee.inventory partition=1
[AUDIT] Logged event_id=7024f518-e5c4-477f-9c0e-849358c435a9 type=INVENTORY_RESERVED topic=tee.inventory
[AUDIT] Received message on topic=tee.inventory partition=1
[AUDIT] Logged event_id=13f719ac-1f62-4882-af1c-6793a773dba9 type=INVENTORY_RESERVED topic=tee.inventory
[AUDIT] Received message on topic=tee.inventory partition=1
[AUDIT] Logged event_id=aa95c618-7c53-4818-bad9-f95f13da5006 type=INVENTORY_RESERVED topic=tee.inventory
[AUDIT] Received message on topic=tee.inventory partition=1
[AUDIT] Logged event_id=c3d81559-64a7-417e-ba37-12c587f4a0de type=INVENTORY_RESERVED topic=tee.inventory
[AUDIT] Received message on topic=tee.orders partition=2
[AUDIT] DB ERROR: invalid input syntax for type json
LINE 3: ...         VALUES (NULL, 'UNPARSEABLE', NULL, NULL, 'NOT A JSO...
                                                             ^
DETAIL:  Token "NOT" is invalid.
CONTEXT:  JSON data, line 1: NOT...

[AUDIT] Received message on topic=tee.inventory partition=1
[AUDIT] Logged event_id=02e13c24-6c6a-4e77-89e7-08dedc4400b3 type=INVENTORY_RESERVED topic=tee.inventory
[AUDIT] Received message on topic=tee.inventory partition=1
[AUDIT] Logged event_id=b57c05c3-407a-4052-9736-e703c4444558 type=INVENTORY_RESERVED topic=tee.inventory
[AUDIT] Received message on topic=tee.inventory partition=1
[AUDIT] Logged event_id=18ce6c82-ce1c-4ccf-8a9f-f3cd95d1711b type=INVENTORY_RESERVED topic=tee.inventory
[AUDIT] Received message on topic=tee.inventory partition=1
[AUDIT] Logged event_id=2d35da3a-ffcc-4446-94ba-55d533481e0c type=INVENTORY_RESERVED topic=tee.inventory
[AUDIT] Received message on topic=tee.inventory partition=1
[AUDIT] Logged event_id=f8a7a41e-c00f-49d4-8825-2cfdc0215f25 type=INVENTORY_RESERVED topic=tee.inventory
[AUDIT] Received message on topic=tee.orders partition=2
[AUDIT] DB ERROR: invalid input syntax for type json
LINE 3: ...         VALUES (NULL, 'UNPARSEABLE', NULL, NULL, 'NOT A JSO...
                                                             ^
DETAIL:  Token "NOT" is invalid.
CONTEXT:  JSON data, line 1: NOT...

[AUDIT] Received message on topic=tee.inventory partition=1
[AUDIT] Logged event_id=eb5f6829-402f-4f03-aae2-4feaffbf0e23 type=INVENTORY_RESERVED topic=tee.inventory
[AUDIT] Received message on topic=tee.inventory partition=1
[AUDIT] Logged event_id=18866f17-3dc2-43b3-9c05-05755f74fd93 type=INVENTORY_RESERVED topic=tee.inventory
[AUDIT] Received message on topic=tee.inventory partition=1
[AUDIT] Logged event_id=fae73d07-6cf0-475b-8292-bc34ef764d92 type=INVENTORY_RESERVED topic=tee.inventory
[AUDIT] Received message on topic=tee.inventory partition=1
[AUDIT] Logged event_id=44766a05-4b29-4efc-8a80-60c288db1343 type=INVENTORY_RESERVED topic=tee.inventory
[AUDIT] Received message on topic=tee.inventory partition=1
[AUDIT] Logged event_id=3d1b874e-bdd6-42e3-b9ca-b9f31f5d2887 type=INVENTORY_RESERVED topic=tee.inventory
[AUDIT] Received message on topic=tee.inventory partition=1
[AUDIT] Logged event_id=70d1fcdc-fa62-4a04-bf20-37676da68c61 type=INVENTORY_RESERVED topic=tee.inventory
[AUDIT] Received message on topic=tee.orders partition=2
[AUDIT] Logged event_id=1fd07f08-8090-4a91-b2ae-bc9aeee282c2 type=ORDER_CREATED topic=tee.orders
[AUDIT] Received message on topic=tee.inventory partition=1
[AUDIT] Logged event_id=f4b89251-295a-4abf-b784-df473ee87ae8 type=INVENTORY_RESERVED topic=tee.inventory
[AUDIT] Received message on topic=tee.inventory partition=1
[AUDIT] Logged event_id=46a568b6-be48-409d-8422-0318800f55f2 type=INVENTORY_RESERVED topic=tee.inventory
[AUDIT] Received message on topic=tee.inventory partition=1
[AUDIT] Logged event_id=31877d9b-41d3-4af5-9453-78711be6f264 type=INVENTORY_RESERVED topic=tee.inventory
[AUDIT] Received message on topic=tee.inventory partition=1
[AUDIT] Logged event_id=c871456a-0e9d-4863-ab4c-53ada7f3e2c7 type=INVENTORY_RESERVED topic=tee.inventory
[AUDIT] Received message on topic=tee.inventory partition=1
[AUDIT] Logged event_id=180456b2-3b94-4d42-93ba-6247817aab89 type=INVENTORY_REJECTED topic=tee.inventory
[AUDIT] Received message on topic=tee.inventory partition=1
[AUDIT] Logged event_id=0e5a90dd-946e-4306-86f3-d8b64c1f3be6 type=INVENTORY_RESERVED topic=tee.inventory
[AUDIT] Received message on topic=tee.inventory partition=1
[AUDIT] Logged event_id=6c027a15-7f87-4487-91fc-8981d0996458 type=INVENTORY_RESERVED topic=tee.inventory
[AUDIT] Received message on topic=tee.orders partition=1
[AUDIT] DB ERROR: invalid input syntax for type json
LINE 3: ...         VALUES (NULL, 'UNPARSEABLE', NULL, NULL, 'NOT A JSO...
                                                             ^
DETAIL:  Token "NOT" is invalid.
CONTEXT:  JSON data, line 1: NOT...

[AUDIT] Received message on topic=tee.inventory partition=1
[AUDIT] Logged event_id=0ae08393-8155-467f-baa2-8e636fe49cff type=INVENTORY_RESERVED topic=tee.inventory
[AUDIT] Received message on topic=tee.inventory partition=1
[AUDIT] Logged event_id=ae302477-307a-4cbf-a9f6-8d9e59d655ab type=INVENTORY_RESERVED topic=tee.inventory
[AUDIT] Received message on topic=tee.inventory partition=1
[AUDIT] Logged event_id=d8366e36-d147-4afa-b24f-3f44d0cb1c14 type=INVENTORY_REJECTED topic=tee.inventory
[AUDIT] Received message on topic=tee.inventory partition=1
[AUDIT] Logged event_id=1b6a5f96-c436-4e4d-91c9-bea1afde2e74 type=INVENTORY_RESERVED topic=tee.inventory
[AUDIT] Received message on topic=tee.inventory partition=1
[AUDIT] Logged event_id=785a41f4-e7ee-4f59-a08f-c8188547230e type=INVENTORY_RESERVED topic=tee.inventory
[AUDIT] Received message on topic=tee.inventory partition=1
[AUDIT] Logged event_id=56764ad3-3c15-4d6d-beca-d75d15300685 type=INVENTORY_RESERVED topic=tee.inventory
[AUDIT] Received message on topic=tee.inventory partition=1
[AUDIT] Logged event_id=ab2092e7-f580-4e2d-87c5-66cdbd1ceb0c type=INVENTORY_REJECTED topic=tee.inventory
[AUDIT] Received message on topic=tee.orders partition=0
[AUDIT] DB ERROR: invalid input syntax for type json
LINE 3: ...         VALUES (NULL, 'UNPARSEABLE', NULL, NULL, 'NOT A JSO...
                                                             ^
DETAIL:  Token "NOT" is invalid.
CONTEXT:  JSON data, line 1: NOT...

[AUDIT] Received message on topic=tee.inventory partition=1
[AUDIT] Logged event_id=b064bb40-b32a-45e2-b139-7d520eab6313 type=INVENTORY_REJECTED topic=tee.inventory
[AUDIT] Received message on topic=tee.inventory partition=1
[AUDIT] Logged event_id=e9204aef-dc7c-4f26-b603-c8e52b8f4fb1 type=INVENTORY_RESERVED topic=tee.inventory
[AUDIT] Received message on topic=tee.inventory partition=1
[AUDIT] Logged event_id=5628f503-654a-4b6a-bfd3-b6d53da35843 type=INVENTORY_RESERVED topic=tee.inventory
[AUDIT] Received message on topic=tee.inventory partition=1
[AUDIT] Logged event_id=3d89b153-3824-4cca-bac0-03cb7ae1da81 type=INVENTORY_RESERVED topic=tee.inventory
[AUDIT] Received message on topic=tee.inventory partition=1
[AUDIT] Logged event_id=a0b9b31a-4e72-400b-90a8-9161ee1177f1 type=INVENTORY_RESERVED topic=tee.inventory
[AUDIT] Received message on topic=tee.orders partition=2
[AUDIT] Logged event_id=02622f09-20a6-425f-8295-13e26cbd1e82 type=ORDER_CREATED topic=tee.orders
[AUDIT] Received message on topic=tee.inventory partition=2
[AUDIT] Logged event_id=e0030ed0-3d21-4ea4-a116-5f0bb4a8ad5a type=INVENTORY_REJECTED topic=tee.inventory
[AUDIT] Received message on topic=tee.inventory partition=2
[AUDIT] Logged event_id=58dd600e-3dc0-42ab-9184-88ec9c0eb552 type=INVENTORY_RESERVED topic=tee.inventory
[AUDIT] Received message on topic=tee.inventory partition=2
[AUDIT] Logged event_id=10c2833c-6081-4139-ad61-1a0600c6bc1d type=INVENTORY_RESERVED topic=tee.inventory
[AUDIT] Received message on topic=tee.inventory partition=2
[AUDIT] Logged event_id=877309e5-dcec-41c8-a742-81ff1f96bbfb type=INVENTORY_RESERVED topic=tee.inventory
[AUDIT] Received message on topic=tee.inventory partition=2
[AUDIT] Logged event_id=f7c7a1cd-e3dd-41a0-95f3-f8831bac37aa type=INVENTORY_RESERVED topic=tee.inventory
[AUDIT] Received message on topic=tee.inventory partition=2
[AUDIT] Logged event_id=7d723ce4-6e13-45dc-a25c-663f3866a1e2 type=INVENTORY_RESERVED topic=tee.inventory
[AUDIT] Received message on topic=tee.inventory partition=2
[AUDIT] Logged event_id=6b31c598-4e00-4748-a689-f941cdab8edb type=INVENTORY_RESERVED topic=tee.inventory
[AUDIT] Received message on topic=tee.orders partition=1
[AUDIT] Logged event_id=fc9af73c-2220-4aff-8490-ddbdbf711f0d type=ORDER_CREATED topic=tee.orders
[AUDIT] Received message on topic=tee.inventory partition=2
[AUDIT] Logged event_id=df5250ae-443d-4970-966f-5b6c503bca01 type=INVENTORY_RESERVED topic=tee.inventory
[AUDIT] Received message on topic=tee.inventory partition=2
[AUDIT] Logged event_id=95d3f898-a19c-43d5-aa85-5064603d28b1 type=INVENTORY_RESERVED topic=tee.inventory
[AUDIT] Received message on topic=tee.inventory partition=2
[AUDIT] Logged event_id=1c2689f7-2452-45ca-ba5a-13b9eff3ab38 type=INVENTORY_REJECTED topic=tee.inventory
[AUDIT] Received message on topic=tee.inventory partition=2
[AUDIT] Logged event_id=38037f6a-69f4-4a98-be91-508986afffc5 type=INVENTORY_RESERVED topic=tee.inventory
[AUDIT] Received message on topic=tee.inventory partition=2
[AUDIT] Logged event_id=720810cc-9320-4562-a8b6-7cbf2a6e12ba type=INVENTORY_RESERVED topic=tee.inventory
[AUDIT] Received message on topic=tee.inventory partition=2
[AUDIT] Logged event_id=de9229e8-ba5c-447d-a239-32e7f8f268ac type=INVENTORY_RESERVED topic=tee.inventory
[AUDIT] Received message on topic=tee.inventory partition=2
[AUDIT] Logged event_id=73ce6685-b0a5-4cdc-a9a4-da0e8d955637 type=INVENTORY_RESERVED topic=tee.inventory
[AUDIT] Received message on topic=tee.orders partition=2
[AUDIT] Logged event_id=fbb7bf58-5896-476d-9772-7a08f4c854f5 type=ORDER_CREATED topic=tee.orders
[AUDIT] Received message on topic=tee.inventory partition=2
[AUDIT] Logged event_id=65d0ec4f-b2ca-4fd6-8023-6c547304d7d9 type=INVENTORY_REJECTED topic=tee.inventory
[AUDIT] Received message on topic=tee.inventory partition=2
[AUDIT] Logged event_id=754be8ab-c4c3-4009-8a2d-93e6336d3162 type=INVENTORY_RESERVED topic=tee.inventory
[AUDIT] Received message on topic=tee.inventory partition=2
[AUDIT] Logged event_id=371eef8b-9a80-475b-a967-685ade0ea988 type=INVENTORY_REJECTED topic=tee.inventory
[AUDIT] Received message on topic=tee.inventory partition=2
[AUDIT] Logged event_id=f46d6f6c-7b06-4c7c-913b-d9f802a60704 type=INVENTORY_RESERVED topic=tee.inventory
[AUDIT] Received message on topic=tee.inventory partition=2
[AUDIT] Logged event_id=663031df-07c1-4502-b114-774492ca4252 type=INVENTORY_RESERVED topic=tee.inventory
[AUDIT] Received message on topic=tee.inventory partition=2
[AUDIT] Logged event_id=10c59606-0c71-41dc-abfe-5cabe3f5278e type=INVENTORY_RESERVED topic=tee.inventory
[AUDIT] Received message on topic=tee.inventory partition=2
[AUDIT] Logged event_id=b0cc74cc-40d8-4378-b444-776a45e1d31e type=INVENTORY_RESERVED topic=tee.inventory
[AUDIT] Received message on topic=tee.orders partition=0
[AUDIT] Logged event_id=9138d746-a4cb-4324-8323-ea55003ebd29 type=ORDER_CREATED topic=tee.orders
[AUDIT] Received message on topic=tee.inventory partition=2
[AUDIT] Logged event_id=a5b75a1a-856b-4b77-a570-78953cea5b1f type=INVENTORY_RESERVED topic=tee.inventory
[AUDIT] Received message on topic=tee.inventory partition=2
[AUDIT] Logged event_id=c6c2b18e-a07c-457d-ab15-9bb28ef81d90 type=INVENTORY_RESERVED topic=tee.inventory
[AUDIT] Received message on topic=tee.inventory partition=2
[AUDIT] Logged event_id=62477aae-03be-48bc-9a01-1641c9d8b16f type=INVENTORY_RESERVED topic=tee.inventory
[AUDIT] Received message on topic=tee.inventory partition=2
[AUDIT] Logged event_id=34889744-43c1-4b75-a0bd-3208dffeccfc type=INVENTORY_RESERVED topic=tee.inventory
[AUDIT] Received message on topic=tee.orders partition=1
[AUDIT] DB ERROR: invalid input syntax for type json
LINE 3: ...         VALUES (NULL, 'UNPARSEABLE', NULL, NULL, 'NOT A JSO...
                                                             ^
DETAIL:  Token "NOT" is invalid.
CONTEXT:  JSON data, line 1: NOT...

[AUDIT] Received message on topic=tee.inventory partition=2
[AUDIT] Logged event_id=54490dc5-e311-4e12-bfc3-aba51c45871d type=INVENTORY_REJECTED topic=tee.inventory
[AUDIT] Received message on topic=tee.inventory partition=2
[AUDIT] Logged event_id=cc9765d1-1639-4f2d-b603-41fbd3df07b7 type=INVENTORY_RESERVED topic=tee.inventory
[AUDIT] Received message on topic=tee.inventory partition=2
[AUDIT] Logged event_id=7f93e5ea-49ee-4b7a-8154-fe7b3fed7b15 type=INVENTORY_RESERVED topic=tee.inventory
[AUDIT] Received message on topic=tee.inventory partition=2
[AUDIT] Logged event_id=e1459852-ad97-44d3-886a-96ebed90de24 type=INVENTORY_REJECTED topic=tee.inventory
[AUDIT] Received message on topic=tee.inventory partition=2
[AUDIT] Logged event_id=bf407a7f-3d2c-4044-8756-55e881cbbbc9 type=INVENTORY_REJECTED topic=tee.inventory
[AUDIT] Received message on topic=tee.inventory partition=2
[AUDIT] Logged event_id=f3420698-1bef-48ff-a69a-178bf2ef1a2d type=INVENTORY_REJECTED topic=tee.inventory
[AUDIT] Received message on topic=tee.inventory partition=2
[AUDIT] Logged event_id=616b840d-4430-4e93-8363-4d4ddabdc953 type=INVENTORY_REJECTED topic=tee.inventory
[AUDIT] Received message on topic=tee.orders partition=1
[AUDIT] Logged event_id=53acbabc-f2dc-4ff3-bc57-a7c16e523a49 type=ORDER_CREATED topic=tee.orders
[AUDIT] Received message on topic=tee.inventory partition=2
[AUDIT] Logged event_id=7050f95b-a3a5-427a-ba98-19b77a4ec434 type=INVENTORY_RESERVED topic=tee.inventory
[AUDIT] Received message on topic=tee.inventory partition=1
[AUDIT] Logged event_id=adcf1473-f6e4-44a5-96eb-5c1a668d9c12 type=INVENTORY_RESERVED topic=tee.inventory
[AUDIT] Received message on topic=tee.inventory partition=0
[AUDIT] Logged event_id=2600970e-59a3-4562-bf3f-7a2db292076d type=INVENTORY_RESERVED topic=tee.inventory
[AUDIT] Received message on topic=tee.inventory partition=2
[AUDIT] Logged event_id=b05bc887-7070-4827-8750-3a75db0a4529 type=INVENTORY_REJECTED topic=tee.inventory
[AUDIT] Received message on topic=tee.orders partition=1
[AUDIT] Logged event_id=1260174f-eb2d-4acf-93a4-61422a8954aa type=ORDER_CREATED topic=tee.orders
[AUDIT] Received message on topic=tee.inventory partition=2
[AUDIT] Logged event_id=e950f529-eb69-4e10-901a-6f13d29fb8bf type=INVENTORY_REJECTED topic=tee.inventory
[AUDIT] Received message on topic=tee.inventory partition=1
[AUDIT] Logged event_id=3e832a36-7906-4f5f-ae55-32455f681003 type=INVENTORY_REJECTED topic=tee.inventory
[AUDIT] Received message on topic=tee.inventory partition=2
[AUDIT] Logged event_id=0b22113c-87d3-49d5-9a7b-99c834db19b7 type=INVENTORY_REJECTED topic=tee.inventory
[AUDIT] Received message on topic=tee.inventory partition=0
[AUDIT] Logged event_id=6c4fe83f-bdb8-4974-9077-b7c543ba9c3d type=INVENTORY_RESERVED topic=tee.inventory
[AUDIT] Received message on topic=tee.inventory partition=1
[AUDIT] Logged event_id=0236d725-7123-459d-943e-cb7e84c4c1b3 type=INVENTORY_REJECTED topic=tee.inventory
[AUDIT] Received message on topic=tee.inventory partition=1
[AUDIT] Logged event_id=f414d3e1-655f-4bb7-8cf7-b114673cd7c4 type=INVENTORY_RESERVED topic=tee.inventory
[AUDIT] Received message on topic=tee.orders partition=1
[AUDIT] Logged event_id=810b873f-c6ad-4611-9544-f2e7ea386ae9 type=ORDER_CREATED topic=tee.orders
[AUDIT] Received message on topic=tee.inventory partition=1
[AUDIT] Logged event_id=96d0bfc2-ee2f-4cc2-a7b2-5ae489e80c50 type=INVENTORY_REJECTED topic=tee.inventory
[AUDIT] Received message on topic=tee.orders partition=2
[AUDIT] Logged event_id=ee6c909b-00b2-4e25-b391-630d0173ba28 type=ORDER_CREATED topic=tee.orders
[AUDIT] Received message on topic=tee.inventory partition=2
[AUDIT] Logged event_id=a8d5580b-ba50-41cb-9514-4d559ae6a52b type=INVENTORY_RESERVED topic=tee.inventory
[AUDIT] Received message on topic=tee.orders partition=2
[AUDIT] DB ERROR: invalid input syntax for type json
LINE 3: ...         VALUES (NULL, 'UNPARSEABLE', NULL, NULL, 'NOT A JSO...
                                                             ^
DETAIL:  Token "NOT" is invalid.
CONTEXT:  JSON data, line 1: NOT...

[AUDIT] Received message on topic=tee.orders partition=2
[AUDIT] Logged event_id=d5cf34c9-787f-43db-9b55-cfc0b2809652 type=ORDER_CREATED topic=tee.orders
[AUDIT] Received message on topic=tee.inventory partition=2
[AUDIT] Logged event_id=38070232-e7ff-4958-a580-afde611b2fa9 type=INVENTORY_RESERVED topic=tee.inventory
[AUDIT] Received message on topic=tee.orders partition=0
[AUDIT] DB ERROR: invalid input syntax for type json
LINE 3: ...         VALUES (NULL, 'UNPARSEABLE', NULL, NULL, 'NOT A JSO...
                                                             ^
DETAIL:  Token "NOT" is invalid.
CONTEXT:  JSON data, line 1: NOT...

[AUDIT] Received message on topic=tee.orders partition=1
[AUDIT] Logged event_id=98062982-4c70-4a16-8bc4-3dcc861f1468 type=ORDER_CREATED topic=tee.orders
[AUDIT] Received message on topic=tee.inventory partition=1
[AUDIT] Logged event_id=e31b6357-f12d-4788-ba1a-8e77777b716e type=INVENTORY_RESERVED topic=tee.inventory
[AUDIT] Received message on topic=tee.orders partition=0
[AUDIT] DB ERROR: invalid input syntax for type json
LINE 3: ...         VALUES (NULL, 'UNPARSEABLE', NULL, NULL, 'NOT A JSO...
                                                             ^
DETAIL:  Token "NOT" is invalid.
CONTEXT:  JSON data, line 1: NOT...

[AUDIT] Received message on topic=tee.orders partition=0
[AUDIT] Logged event_id=7d49e04b-eca0-48fd-b2d9-abcffeed1b64 type=ORDER_CREATED topic=tee.orders
[AUDIT] Received message on topic=tee.inventory partition=0
[AUDIT] Logged event_id=0097a3c8-a099-46ff-94b8-25d851b428bd type=INVENTORY_REJECTED topic=tee.inventory
[AUDIT] Received message on topic=tee.orders partition=1
[AUDIT] DB ERROR: invalid input syntax for type json
LINE 3: ...         VALUES (NULL, 'UNPARSEABLE', NULL, NULL, 'NOT A JSO...
                                                             ^
DETAIL:  Token "NOT" is invalid.
CONTEXT:  JSON data, line 1: NOT...

[AUDIT] Received message on topic=tee.orders partition=0
[AUDIT] Logged event_id=4ce53bd2-e190-43c1-ae9c-e07e87eeba8d type=ORDER_CREATED topic=tee.orders
[AUDIT] Received message on topic=tee.inventory partition=0
[AUDIT] Logged event_id=e268dcd7-39ad-4405-b130-44b38c854e83 type=INVENTORY_RESERVED topic=tee.inventory
[AUDIT] Received message on topic=tee.orders partition=2
[AUDIT] Logged event_id=5889bc0c-1896-4177-b9ae-988483048b4b type=ORDER_CREATED topic=tee.orders
[AUDIT] Received message on topic=tee.inventory partition=2
[AUDIT] Logged event_id=3191758d-ac27-41a3-98c8-7ef9af686b51 type=INVENTORY_RESERVED topic=tee.inventory
[AUDIT] Received message on topic=tee.orders partition=2
[AUDIT] Logged event_id=7c47c10d-3c52-4057-8dc3-a37e70ec6917 type=ORDER_CREATED topic=tee.orders
[AUDIT] Received message on topic=tee.inventory partition=2
[AUDIT] Logged event_id=942621f9-768e-4dcf-9004-8b9cc2231a5d type=INVENTORY_REJECTED topic=tee.inventory
[AUDIT] Received message on topic=tee.orders partition=2
[AUDIT] Logged event_id=e8b581fb-d629-44ab-ae20-670a97ec6235 type=ORDER_CREATED topic=tee.orders
[AUDIT] Received message on topic=tee.inventory partition=2
[AUDIT] Logged event_id=9c1ac137-a74c-4128-acf3-71d3337344d9 type=INVENTORY_REJECTED topic=tee.inventory
[AUDIT] Received message on topic=tee.orders partition=0
[AUDIT] Logged event_id=b757b8de-09e4-4ece-922e-4a4a6d529eaf type=ORDER_CREATED topic=tee.orders
[AUDIT] Received message on topic=tee.inventory partition=0
[AUDIT] Logged event_id=a62762f2-6893-4046-b48d-9925c035076b type=INVENTORY_REJECTED topic=tee.inventory
[AUDIT] Received message on topic=tee.orders partition=0
[AUDIT] Logged event_id=4cb66fc8-853f-40e3-a510-7c78065a4c44 type=ORDER_CREATED topic=tee.orders
[AUDIT] Received message on topic=tee.inventory partition=0
[AUDIT] Logged event_id=721c746a-d7a9-41b6-a428-e7d4ab6d1515 type=INVENTORY_RESERVED topic=tee.inventory
[AUDIT] Received message on topic=tee.orders partition=1
[AUDIT] Logged event_id=82fe2816-73c2-4b71-b496-6d37135ea513 type=ORDER_CREATED topic=tee.orders
[AUDIT] Received message on topic=tee.inventory partition=1
[AUDIT] Logged event_id=f0164d07-dda8-4daa-beb8-492be994e3aa type=INVENTORY_REJECTED topic=tee.inventory
[AUDIT] Received message on topic=tee.orders partition=0
[AUDIT] Logged event_id=d84c0e8a-8de7-4f2a-9646-28fd4eafccfc type=ORDER_CREATED topic=tee.orders
[AUDIT] Received message on topic=tee.inventory partition=0
[AUDIT] Logged event_id=f4ae1b7b-74d3-4dc4-afdf-b3b5114823bf type=INVENTORY_REJECTED topic=tee.inventory
[AUDIT] Received message on topic=tee.orders partition=0
[AUDIT] Logged event_id=be61924e-0435-429c-aa36-acd851c02af6 type=ORDER_CREATED topic=tee.orders
[AUDIT] Received message on topic=tee.inventory partition=0
[AUDIT] Logged event_id=84f96a8c-eb16-4043-82c3-f4d0471508d0 type=INVENTORY_RESERVED topic=tee.inventory
[AUDIT] Received message on topic=tee.orders partition=2
[AUDIT] Logged event_id=75901f64-fb9c-4686-9a9b-a08ff7929400 type=ORDER_CREATED topic=tee.orders
[AUDIT] Received message on topic=tee.inventory partition=2
[AUDIT] Logged event_id=ba580e55-086d-4dce-978c-f0fbd564d773 type=INVENTORY_REJECTED topic=tee.inventory
[AUDIT] Received message on topic=tee.orders partition=2
[AUDIT] DB ERROR: invalid input syntax for type json
LINE 3: ...         VALUES (NULL, 'UNPARSEABLE', NULL, NULL, 'NOT A JSO...
                                                             ^
DETAIL:  Token "NOT" is invalid.
CONTEXT:  JSON data, line 1: NOT...

[AUDIT] Received message on topic=tee.orders partition=0
[AUDIT] Logged event_id=f0c90ed3-7200-4993-9098-4f166d4468c4 type=ORDER_CREATED topic=tee.orders
[AUDIT] Received message on topic=tee.inventory partition=0
[AUDIT] Logged event_id=0d70d86b-aafc-4b3a-8f8d-e4a7c8b0f5ef type=INVENTORY_REJECTED topic=tee.inventory
[AUDIT] Received message on topic=tee.orders partition=0
[AUDIT] Logged event_id=11de37d9-dc34-47fe-8e01-acc37d2474fc type=ORDER_CREATED topic=tee.orders
[AUDIT] Received message on topic=tee.inventory partition=0
[AUDIT] Logged event_id=9af31286-0089-4c37-8b97-5b6f0411ea90 type=INVENTORY_RESERVED topic=tee.inventory
[AUDIT] Received message on topic=tee.orders partition=0
[AUDIT] DB ERROR: invalid input syntax for type json
LINE 3: ...         VALUES (NULL, 'UNPARSEABLE', NULL, NULL, 'NOT A JSO...
                                                             ^
DETAIL:  Token "NOT" is invalid.
CONTEXT:  JSON data, line 1: NOT...

[AUDIT] Received message on topic=tee.orders partition=1
[AUDIT] Logged event_id=ea18e831-ff3c-464c-889c-b99e7980c3ae type=ORDER_CREATED topic=tee.orders
[AUDIT] Received message on topic=tee.inventory partition=1
[AUDIT] Logged event_id=0581f8bf-82d3-4774-b898-1d2c7ba17e94 type=INVENTORY_REJECTED topic=tee.inventory
[AUDIT] Received message on topic=tee.orders partition=0
[AUDIT] DB ERROR: invalid input syntax for type json
LINE 3: ...         VALUES (NULL, 'UNPARSEABLE', NULL, NULL, 'NOT A JSO...
                                                             ^
DETAIL:  Token "NOT" is invalid.
CONTEXT:  JSON data, line 1: NOT...

[AUDIT] Received message on topic=tee.orders partition=1
[AUDIT] DB ERROR: invalid input syntax for type json
LINE 3: ...         VALUES (NULL, 'UNPARSEABLE', NULL, NULL, 'NOT A JSO...
                                                             ^
DETAIL:  Token "NOT" is invalid.
CONTEXT:  JSON data, line 1: NOT...

[AUDIT] Received message on topic=tee.orders partition=1
[AUDIT] Logged event_id=01b9ca49-3c64-47ab-b93b-d28bbc92bcec type=ORDER_CREATED topic=tee.orders
[AUDIT] Received message on topic=tee.inventory partition=1
[AUDIT] Logged event_id=a76de7b8-10e5-4f31-b972-f535f56b7b4a type=INVENTORY_RESERVED topic=tee.inventory
[AUDIT] Received message on topic=tee.orders partition=1
[AUDIT] Logged event_id=fbf1b5a2-f440-453a-8edc-867e6f474c2a type=ORDER_CREATED topic=tee.orders
[AUDIT] Received message on topic=tee.inventory partition=1
[AUDIT] Logged event_id=3e120d6e-d448-4870-8cac-23fc52bfffd9 type=INVENTORY_RESERVED topic=tee.inventory
[AUDIT] Received message on topic=tee.orders partition=2
[AUDIT] Logged event_id=f7b8f470-d20b-4435-b509-7af53713feb9 type=ORDER_CREATED topic=tee.orders
[AUDIT] Received message on topic=tee.inventory partition=2
[AUDIT] Logged event_id=79937c47-5ef4-437b-b585-40c77b8a6356 type=INVENTORY_REJECTED topic=tee.inventory
[AUDIT] Received message on topic=tee.orders partition=2
[AUDIT] Logged event_id=ebe30e26-7932-48e6-ab62-8b0006ad5bdd type=ORDER_CREATED topic=tee.orders
[AUDIT] Received message on topic=tee.inventory partition=2
[AUDIT] Logged event_id=062e75dc-2b09-46b4-bcf3-52a6c3fb6c44 type=INVENTORY_RESERVED topic=tee.inventory
[AUDIT] Received message on topic=tee.orders partition=1
[AUDIT] Logged event_id=be5efbf5-8088-4c8b-bb92-eb3bf6238135 type=ORDER_CREATED topic=tee.orders
[AUDIT] Received message on topic=tee.inventory partition=1
[AUDIT] Logged event_id=58e8dd2f-2b15-45ce-8731-f3206b380956 type=INVENTORY_RESERVED topic=tee.inventory
[AUDIT] Received message on topic=tee.orders partition=0
[AUDIT] Logged event_id=ab6acc4a-fba0-4dd8-b8ec-497937e78578 type=ORDER_CREATED topic=tee.orders
[AUDIT] Received message on topic=tee.inventory partition=0
[AUDIT] Logged event_id=34b69e7d-84d5-4f6c-a2df-6efe23513543 type=INVENTORY_RESERVED topic=tee.inventory
[AUDIT] Received message on topic=tee.orders partition=0
[AUDIT] Logged event_id=007ed614-a19d-41cd-97db-8162a3d032a3 type=ORDER_CREATED topic=tee.orders
[AUDIT] Received message on topic=tee.inventory partition=0
[AUDIT] Logged event_id=e8d48dd9-667f-4887-8566-80f8bd88ae28 type=INVENTORY_REJECTED topic=tee.inventory
[AUDIT] Received message on topic=tee.orders partition=2
[AUDIT] Logged event_id=534e00ad-3fa4-4bf5-a9a6-4002f7bb705e type=ORDER_CREATED topic=tee.orders
[AUDIT] Received message on topic=tee.inventory partition=2
[AUDIT] Logged event_id=611efd36-9763-4dd8-8119-ea19ba4a6d69 type=INVENTORY_REJECTED topic=tee.inventory
[AUDIT] Received message on topic=tee.orders partition=2
[AUDIT] Logged event_id=61d090fe-f776-451f-b68f-54c0765dd01d type=ORDER_CREATED topic=tee.orders
[AUDIT] Received message on topic=tee.inventory partition=2
[AUDIT] Logged event_id=52a59f3b-3b8b-4556-88dd-b440e4809b67 type=INVENTORY_RESERVED topic=tee.inventory
[AUDIT] Received message on topic=tee.orders partition=0
[AUDIT] Logged event_id=da2c163e-601e-493e-8a14-268c1b339ea7 type=ORDER_CREATED topic=tee.orders
[AUDIT] Received message on topic=tee.inventory partition=0
[AUDIT] Logged event_id=9917b704-da3b-4fb1-acaa-d0e49acda6bb type=INVENTORY_REJECTED topic=tee.inventory
[AUDIT] Received message on topic=tee.orders partition=1
[AUDIT] Logged event_id=7bb79d2f-ecc4-4f2f-8aaa-52e0640b8d46 type=ORDER_CREATED topic=tee.orders
[AUDIT] Received message on topic=tee.inventory partition=1
[AUDIT] Logged event_id=ceea8849-e31b-4c35-b4f8-b2187367a790 type=INVENTORY_REJECTED topic=tee.inventory
[AUDIT] Received message on topic=tee.orders partition=1
[AUDIT] Logged event_id=6b3c4cfb-9c54-4836-aa37-191ace368796 type=ORDER_CREATED topic=tee.orders
[AUDIT] Received message on topic=tee.inventory partition=1
[AUDIT] Logged event_id=e5988888-fbf3-4614-adc0-05d0500491b7 type=INVENTORY_RESERVED topic=tee.inventory
[AUDIT] Received message on topic=tee.orders partition=2
[AUDIT] Logged event_id=fcde3895-4f64-40d4-99b4-3f6caa067d25 type=ORDER_CREATED topic=tee.orders
[AUDIT] Received message on topic=tee.inventory partition=2
[AUDIT] Logged event_id=28b83ace-e06b-4aad-8145-dd3eb2f545e7 type=INVENTORY_RESERVED topic=tee.inventory
[AUDIT] Received message on topic=tee.orders partition=1
[AUDIT] Logged event_id=a8d33dfc-0b7f-4837-8559-38b4d02ce831 type=ORDER_CREATED topic=tee.orders
[AUDIT] Received message on topic=tee.inventory partition=1
[AUDIT] Logged event_id=f59d2cd3-f101-4dc8-b1f0-448369dbdea1 type=INVENTORY_RESERVED topic=tee.inventory
[AUDIT] Received message on topic=tee.orders partition=2
[AUDIT] DB ERROR: invalid input syntax for type json
LINE 3: ...         VALUES (NULL, 'UNPARSEABLE', NULL, NULL, 'NOT A JSO...
                                                             ^
DETAIL:  Token "NOT" is invalid.
CONTEXT:  JSON data, line 1: NOT...

[AUDIT] Received message on topic=tee.orders partition=0
[AUDIT] Logged event_id=2615c740-6e44-4069-88cf-18b531e4f2a0 type=ORDER_CREATED topic=tee.orders
[AUDIT] Received message on topic=tee.inventory partition=0
[AUDIT] Logged event_id=b4ea4e25-ba69-4f4b-a19d-52b9c6b138f7 type=INVENTORY_RESERVED topic=tee.inventory
[AUDIT] Received message on topic=tee.orders partition=2
[AUDIT] Logged event_id=b143348f-584e-48d4-9880-44d628943e97 type=ORDER_CREATED topic=tee.orders
[AUDIT] Received message on topic=tee.inventory partition=2
[AUDIT] Logged event_id=affab5df-908c-4f1f-9297-8d9a0437b52d type=INVENTORY_REJECTED topic=tee.inventory
[AUDIT] Received message on topic=tee.orders partition=0
[AUDIT] Logged event_id=5fd4cdb0-5b7a-4841-b5f9-944bee5f8ab7 type=ORDER_CREATED topic=tee.orders
[AUDIT] Received message on topic=tee.inventory partition=0
[AUDIT] Logged event_id=19ba6192-035f-43aa-8549-8e80a480553c type=INVENTORY_REJECTED topic=tee.inventory
[AUDIT] Received message on topic=tee.orders partition=0
[AUDIT] DB ERROR: invalid input syntax for type json
LINE 3: ...         VALUES (NULL, 'UNPARSEABLE', NULL, NULL, 'NOT A JSO...
                                                             ^
DETAIL:  Token "NOT" is invalid.
CONTEXT:  JSON data, line 1: NOT...

[AUDIT] Received message on topic=tee.orders partition=0
[AUDIT] Logged event_id=0666d7f9-b729-4005-9ace-33b977bcc7bf type=ORDER_CREATED topic=tee.orders
[AUDIT] Received message on topic=tee.inventory partition=0
[AUDIT] Logged event_id=a1d5ddce-6a13-4df5-9da9-5dc0178729ea type=INVENTORY_RESERVED topic=tee.inventory
[AUDIT] Received message on topic=tee.orders partition=2
[AUDIT] Logged event_id=4b288263-8827-4767-91a2-ed2bc13a5f40 type=ORDER_CREATED topic=tee.orders
[AUDIT] Received message on topic=tee.inventory partition=2
[AUDIT] Logged event_id=28ef8556-efa3-4a77-b53f-8e316a35d201 type=INVENTORY_REJECTED topic=tee.inventory
[AUDIT] Received message on topic=tee.orders partition=2
[AUDIT] Logged event_id=6a27d24a-8ed9-43a8-afc5-1f1f48328aa4 type=ORDER_CREATED topic=tee.orders
[AUDIT] Received message on topic=tee.inventory partition=2
[AUDIT] Logged event_id=9b0b4192-0035-40da-ae30-6f97cf73d5e2 type=INVENTORY_RESERVED topic=tee.inventory
[AUDIT] Received message on topic=tee.orders partition=1
[AUDIT] Logged event_id=1f54f3ce-e1b5-4623-8375-dd8b88841ca8 type=ORDER_CREATED topic=tee.orders
[AUDIT] Received message on topic=tee.inventory partition=1
[AUDIT] Logged event_id=8511d083-3750-4127-8465-6ea0efb23a95 type=INVENTORY_REJECTED topic=tee.inventory
[AUDIT] Received message on topic=tee.orders partition=0
[AUDIT] Logged event_id=00f3a95b-e7cb-47cc-ae80-c1b31f567960 type=ORDER_CREATED topic=tee.orders
[AUDIT] Received message on topic=tee.inventory partition=0
[AUDIT] Logged event_id=a9310ed2-b739-43b2-9c91-1f7c29ea2ed8 type=INVENTORY_RESERVED topic=tee.inventory
[AUDIT] Received message on topic=tee.orders partition=0
[AUDIT] Logged event_id=c070f326-a861-4385-a2e7-8ee22c03af7a type=ORDER_CREATED topic=tee.orders
[AUDIT] Received message on topic=tee.inventory partition=0
[AUDIT] Logged event_id=cbc3261f-e4c5-436d-a51a-0e695749e897 type=INVENTORY_RESERVED topic=tee.inventory
[AUDIT] Received message on topic=tee.orders partition=1
[AUDIT] Logged event_id=4440bb90-c9af-44e0-a0b3-e17db4cf83f3 type=ORDER_CREATED topic=tee.orders
[AUDIT] Received message on topic=tee.inventory partition=1
[AUDIT] Logged event_id=4ab230dd-bf57-4d8b-8bbb-341726e55ee9 type=INVENTORY_RESERVED topic=tee.inventory
[AUDIT] Received message on topic=tee.orders partition=0
[AUDIT] Logged event_id=d46f9abc-ddba-4615-853c-1978a0588d86 type=ORDER_CREATED topic=tee.orders
[AUDIT] Received message on topic=tee.inventory partition=0
[AUDIT] Logged event_id=6ac2dff9-d57d-4eb4-a44c-6dd07ac7c022 type=INVENTORY_REJECTED topic=tee.inventory
[AUDIT] Received message on topic=tee.orders partition=1
[AUDIT] DB ERROR: invalid input syntax for type json
LINE 3: ...         VALUES (NULL, 'UNPARSEABLE', NULL, NULL, 'NOT A JSO...
                                                             ^
DETAIL:  Token "NOT" is invalid.
CONTEXT:  JSON data, line 1: NOT...

[AUDIT] Received message on topic=tee.orders partition=0
[AUDIT] Logged event_id=ac68d4ce-b87e-4e86-bd8b-b25989a4ac7d type=ORDER_CREATED topic=tee.orders
[AUDIT] Received message on topic=tee.inventory partition=0
[AUDIT] Logged event_id=624991d6-94d0-470c-ad84-e891c0714e57 type=INVENTORY_REJECTED topic=tee.inventory
[AUDIT] Received message on topic=tee.orders partition=2
[AUDIT] Logged event_id=e025743d-c721-4ab7-90ac-092a3071c4ee type=ORDER_CREATED topic=tee.orders
[AUDIT] Received message on topic=tee.inventory partition=2
[AUDIT] Logged event_id=09a45ed3-143b-424e-b082-65b7cb3be68c type=INVENTORY_REJECTED topic=tee.inventory
[AUDIT] Received message on topic=tee.orders partition=2
[AUDIT] Logged event_id=b5228d87-ea4c-4ecc-b79e-f78fd591fb9e type=ORDER_CREATED topic=tee.orders
[AUDIT] Received message on topic=tee.inventory partition=2
[AUDIT] Logged event_id=8022562c-8f90-4974-9e4b-29283930a791 type=INVENTORY_REJECTED topic=tee.inventory
[AUDIT] Received message on topic=tee.orders partition=1
[AUDIT] Logged event_id=30745f89-fc79-4e62-ad84-58f0b2ece664 type=ORDER_CREATED topic=tee.orders
[AUDIT] Received message on topic=tee.inventory partition=1
[AUDIT] Logged event_id=a63d48ff-ac6c-4b2e-b20c-afb40f836377 type=INVENTORY_REJECTED topic=tee.inventory
[AUDIT] Received message on topic=tee.orders partition=2
[AUDIT] Logged event_id=ebd8dfce-3b71-4189-bc95-d1e3efa66f31 type=ORDER_CREATED topic=tee.orders
[AUDIT] Received message on topic=tee.inventory partition=2
[AUDIT] Logged event_id=04aeea39-bf2e-4fcb-8a72-ead6afcfbaf9 type=INVENTORY_REJECTED topic=tee.inventory
[AUDIT] Received message on topic=tee.orders partition=2
[AUDIT] Logged event_id=3ff72da7-821a-4b3a-a97c-61040e8acba0 type=ORDER_CREATED topic=tee.orders
[AUDIT] Received message on topic=tee.inventory partition=2
[AUDIT] Logged event_id=8d8cb1b2-e1f7-44c9-adfb-a0669de846be type=INVENTORY_REJECTED topic=tee.inventory
[AUDIT] Received message on topic=tee.orders partition=1
[AUDIT] Logged event_id=3983b48d-76ec-4ae4-b064-8275bc04a6b2 type=ORDER_CREATED topic=tee.orders
[AUDIT] Received message on topic=tee.inventory partition=1
[AUDIT] Logged event_id=7ec97ef5-e3cd-49e9-9f72-8dc34f4972ee type=INVENTORY_REJECTED topic=tee.inventory
[AUDIT] Received message on topic=tee.orders partition=0
[AUDIT] DB ERROR: invalid input syntax for type json
LINE 3: ...         VALUES (NULL, 'UNPARSEABLE', NULL, NULL, 'NOT A JSO...
                                                             ^
DETAIL:  Token "NOT" is invalid.
CONTEXT:  JSON data, line 1: NOT...

[AUDIT] Received message on topic=tee.orders partition=2
[AUDIT] Logged event_id=7eb2873f-48f0-453e-8797-6b40cd5745e1 type=ORDER_CREATED topic=tee.orders
[AUDIT] Received message on topic=tee.inventory partition=2
[AUDIT] Logged event_id=6bd06ea0-c136-4426-a4d8-ef62872bf995 type=INVENTORY_REJECTED topic=tee.inventory
[AUDIT] Received message on topic=tee.orders partition=2
[AUDIT] Logged event_id=7a715479-a690-425c-8dcd-40701026dee0 type=ORDER_CREATED topic=tee.orders
[AUDIT] Received message on topic=tee.inventory partition=2
[AUDIT] Logged event_id=2449943c-a5e9-4c82-862b-507f9fbcaf88 type=INVENTORY_REJECTED topic=tee.inventory
[AUDIT] Received message on topic=tee.orders partition=1
[AUDIT] Logged event_id=6fb3846d-5e42-432c-b677-c5662bfbb5d1 type=ORDER_CREATED topic=tee.orders
[AUDIT] Received message on topic=tee.inventory partition=1
[AUDIT] Logged event_id=4f2431dd-4514-4f56-83f7-3c52e53f28fc type=INVENTORY_REJECTED topic=tee.inventory
[AUDIT] Received message on topic=tee.orders partition=0
[AUDIT] Logged event_id=8fa8bbe8-9e25-4004-8eac-4e5bf696b415 type=ORDER_CREATED topic=tee.orders
[AUDIT] Received message on topic=tee.inventory partition=0
[AUDIT] Logged event_id=c313068b-a7c8-4cf6-8c10-9c8bb7865873 type=INVENTORY_REJECTED topic=tee.inventory
[AUDIT] Received message on topic=tee.orders partition=0
[AUDIT] Logged event_id=7a3e2112-53c3-4aab-bd9c-704fbfcef3f2 type=ORDER_CREATED topic=tee.orders
[AUDIT] Received message on topic=tee.inventory partition=0
[AUDIT] Logged event_id=a3a0e80b-d35f-44de-8f65-3f7f82ebd862 type=INVENTORY_REJECTED topic=tee.inventory
[AUDIT] Received message on topic=tee.orders partition=2
[AUDIT] Logged event_id=12dd85d9-669d-4589-81c1-70ca176e651a type=ORDER_CREATED topic=tee.orders
[AUDIT] Received message on topic=tee.inventory partition=2
[AUDIT] Logged event_id=f60d8734-2cc8-409a-9e14-0bc25cce3508 type=INVENTORY_RESERVED topic=tee.inventory
[AUDIT] Received message on topic=tee.orders partition=0
[AUDIT] DB ERROR: invalid input syntax for type json
LINE 3: ...         VALUES (NULL, 'UNPARSEABLE', NULL, NULL, 'NOT A JSO...
                                                             ^
DETAIL:  Token "NOT" is invalid.
CONTEXT:  JSON data, line 1: NOT...

[AUDIT] Received message on topic=tee.orders partition=1
[AUDIT] Logged event_id=9900b907-8a45-4730-b560-df72b383f196 type=ORDER_CREATED topic=tee.orders
[AUDIT] Received message on topic=tee.inventory partition=1
[AUDIT] Logged event_id=2fa9c949-9db2-49be-a796-2ec017e4c2dd type=INVENTORY_REJECTED topic=tee.inventory
[AUDIT] Received message on topic=tee.orders partition=1
[AUDIT] Logged event_id=aa2c0e39-8a9d-4407-80a8-342e5d9cc103 type=ORDER_CREATED topic=tee.orders
[AUDIT] Received message on topic=tee.inventory partition=1
[AUDIT] Logged event_id=f620614a-e3c4-421c-a59c-1ef41c0aeaba type=INVENTORY_REJECTED topic=tee.inventory
[AUDIT] Received message on topic=tee.orders partition=1
[AUDIT] Logged event_id=b5c209e1-44b7-4729-b1f6-0980a91d04d8 type=ORDER_CREATED topic=tee.orders
[AUDIT] Received message on topic=tee.inventory partition=1
[AUDIT] Logged event_id=d5e18e3f-c07f-4f5a-bc41-21e4b3555173 type=INVENTORY_REJECTED topic=tee.inventory
[AUDIT] Received message on topic=tee.orders partition=2
[AUDIT] Logged event_id=c8d8bdbe-2d42-4607-81e1-4a22e13f84a7 type=ORDER_CREATED topic=tee.orders
[AUDIT] Received message on topic=tee.inventory partition=2
[AUDIT] Logged event_id=1ae6be69-841f-412e-a723-eeae231a062e type=INVENTORY_REJECTED topic=tee.inventory
[AUDIT] Received message on topic=tee.orders partition=1
[AUDIT] Logged event_id=d9006a29-a2cc-49d2-a46e-5c713b4a57ef type=ORDER_CREATED topic=tee.orders
[AUDIT] Received message on topic=tee.inventory partition=1
[AUDIT] Logged event_id=803b4b0c-2e12-4001-a262-f81d5fd60d46 type=INVENTORY_REJECTED topic=tee.inventory
[AUDIT] Received message on topic=tee.orders partition=1
[AUDIT] Logged event_id=298603d3-23bf-49d5-b5f4-0dfb867bf8af type=ORDER_CREATED topic=tee.orders
[AUDIT] Received message on topic=tee.inventory partition=1
[AUDIT] Logged event_id=6d8b3d43-efb9-4d41-bb9a-a144f3c76733 type=INVENTORY_REJECTED topic=tee.inventory
[AUDIT] Received message on topic=tee.orders partition=0
[AUDIT] Logged event_id=0b7af37d-6ae5-45fc-a6f7-8ce66fbde54c type=ORDER_CREATED topic=tee.orders
[AUDIT] Received message on topic=tee.inventory partition=0
[AUDIT] Logged event_id=9ac9dd95-0383-4d67-9445-793546ea163a type=INVENTORY_REJECTED topic=tee.inventory
[AUDIT] Received message on topic=tee.orders partition=0
[AUDIT] DB ERROR: invalid input syntax for type json
LINE 3: ...         VALUES (NULL, 'UNPARSEABLE', NULL, NULL, 'NOT A JSO...
                                                             ^
DETAIL:  Token "NOT" is invalid.
CONTEXT:  JSON data, line 1: NOT...

[AUDIT] Received message on topic=tee.orders partition=1
[AUDIT] DB ERROR: invalid input syntax for type json
LINE 3: ...         VALUES (NULL, 'UNPARSEABLE', NULL, NULL, 'NOT A JSO...
                                                             ^
DETAIL:  Token "NOT" is invalid.
CONTEXT:  JSON data, line 1: NOT...

[AUDIT] Received message on topic=tee.orders partition=0
[AUDIT] Logged event_id=f357d01e-c63f-4c8b-8768-111a184b458f type=ORDER_CREATED topic=tee.orders
[AUDIT] Received message on topic=tee.inventory partition=0
[AUDIT] Logged event_id=0e768588-31e6-49c9-adcf-f72d7ccf140d type=INVENTORY_REJECTED topic=tee.inventory
[AUDIT] Received message on topic=tee.orders partition=0
[AUDIT] Logged event_id=9343e9f4-d627-460b-8e2e-195be45dd99c type=ORDER_CREATED topic=tee.orders
[AUDIT] Received message on topic=tee.inventory partition=0
[AUDIT] Logged event_id=1d8b10e9-f62e-4118-9283-d7d1b7f25311 type=INVENTORY_REJECTED topic=tee.inventory
[AUDIT] Received message on topic=tee.orders partition=1
[AUDIT] Logged event_id=aaefa7a0-87cb-4274-8b47-d78d2b8200a9 type=ORDER_CREATED topic=tee.orders
[AUDIT] Received message on topic=tee.inventory partition=1
[AUDIT] Logged event_id=baacd28a-373a-4a47-9cd6-b39864b975dc type=INVENTORY_REJECTED topic=tee.inventory
[AUDIT] Received message on topic=tee.orders partition=2
[AUDIT] DB ERROR: invalid input syntax for type json
LINE 3: ...         VALUES (NULL, 'UNPARSEABLE', NULL, NULL, 'NOT A JSO...
                                                             ^
DETAIL:  Token "NOT" is invalid.
CONTEXT:  JSON data, line 1: NOT...

[AUDIT] Received message on topic=tee.orders partition=1
[AUDIT] Logged event_id=244ff346-c897-4345-9c86-3ccaec2b6606 type=ORDER_CREATED topic=tee.orders
[AUDIT] Received message on topic=tee.inventory partition=1
[AUDIT] Logged event_id=1e4b7f69-30f6-4ac0-82d9-f6d12f67eb07 type=INVENTORY_REJECTED topic=tee.inventory
[AUDIT] Received message on topic=tee.orders partition=0
[AUDIT] Logged event_id=5d5f959a-015c-4f44-bc86-a8a0b4727159 type=ORDER_CREATED topic=tee.orders
[AUDIT] Received message on topic=tee.inventory partition=0
[AUDIT] Logged event_id=1ec6dd47-9c81-4244-aa1d-35ed5be0d2bb type=INVENTORY_REJECTED topic=tee.inventory
[AUDIT] Received message on topic=tee.orders partition=0
[AUDIT] Logged event_id=ee47a4a8-18a6-42d5-9a21-a930140087cb type=ORDER_CREATED topic=tee.orders
[AUDIT] Received message on topic=tee.inventory partition=0
[AUDIT] Logged event_id=83a6b90d-80b6-44f5-a8c3-80c220c1b5d7 type=INVENTORY_REJECTED topic=tee.inventory
[AUDIT] Received message on topic=tee.orders partition=2
[AUDIT] Logged event_id=faee76ba-074f-4743-b58b-841fd8b6d4ed type=ORDER_CREATED topic=tee.orders
[AUDIT] Received message on topic=tee.inventory partition=2
[AUDIT] Logged event_id=f236b701-4585-4395-853f-1cb9660cb144 type=INVENTORY_REJECTED topic=tee.inventory
[AUDIT] Received message on topic=tee.orders partition=0
[AUDIT] Logged event_id=8e7825f9-10d4-4513-ac43-359a84fa2e81 type=ORDER_CREATED topic=tee.orders
[AUDIT] Received message on topic=tee.inventory partition=0
[AUDIT] Logged event_id=042d0456-b980-4896-aed0-b8fd78e0aa79 type=INVENTORY_REJECTED topic=tee.inventory
[AUDIT] Received message on topic=tee.orders partition=0
[AUDIT] Logged event_id=74f53dab-1414-47cd-a79e-d2582f785759 type=ORDER_CREATED topic=tee.orders
[AUDIT] Received message on topic=tee.inventory partition=0
[AUDIT] Logged event_id=3353b457-625a-4035-b8f7-36656f8fa36b type=INVENTORY_REJECTED topic=tee.inventory
[AUDIT] Received message on topic=tee.orders partition=0
[AUDIT] Logged event_id=ad5188fc-e619-401f-bfa8-d2c05a507a2b type=ORDER_CREATED topic=tee.orders
[AUDIT] Received message on topic=tee.inventory partition=0
[AUDIT] Logged event_id=a4f8117a-58dc-49b8-adb4-130e1a2cffbc type=INVENTORY_REJECTED topic=tee.inventory
[AUDIT] Received message on topic=tee.orders partition=0
[AUDIT] DB ERROR: invalid input syntax for type json
LINE 3: ...         VALUES (NULL, 'UNPARSEABLE', NULL, NULL, 'NOT A JSO...
                                                             ^
DETAIL:  Token "NOT" is invalid.
CONTEXT:  JSON data, line 1: NOT...

[AUDIT] Received message on topic=tee.orders partition=1
[AUDIT] DB ERROR: invalid input syntax for type json
LINE 3: ...         VALUES (NULL, 'UNPARSEABLE', NULL, NULL, 'NOT A JSO...
                                                             ^
DETAIL:  Token "NOT" is invalid.
CONTEXT:  JSON data, line 1: NOT...

[AUDIT] Received message on topic=tee.orders partition=2
[AUDIT] Logged event_id=7f8fdad3-31df-4c34-8657-b9decb9baf74 type=ORDER_CREATED topic=tee.orders
[AUDIT] Received message on topic=tee.inventory partition=2
[AUDIT] Logged event_id=735cc46f-af60-459c-bc15-3106f8702adb type=INVENTORY_REJECTED topic=tee.inventory
[AUDIT] Received message on topic=tee.orders partition=2
[AUDIT] Logged event_id=6f3c12ea-7c9c-411b-82c6-b937e30b3c76 type=ORDER_CREATED topic=tee.orders
[AUDIT] Received message on topic=tee.inventory partition=2
[AUDIT] Logged event_id=bb0d0d94-bed0-4eee-b6bf-155620477de0 type=INVENTORY_RESERVED topic=tee.inventory
[AUDIT] Received message on topic=tee.orders partition=1
[AUDIT] Logged event_id=9e679642-0fcc-44a4-95c6-01ab7083e2e7 type=ORDER_CREATED topic=tee.orders
[AUDIT] Received message on topic=tee.inventory partition=1
[AUDIT] Logged event_id=0b8128ef-abac-441c-95a9-eb794c1ae3b1 type=INVENTORY_REJECTED topic=tee.inventory
[AUDIT] Received message on topic=tee.orders partition=2
[AUDIT] DB ERROR: invalid input syntax for type json
LINE 3: ...         VALUES (NULL, 'UNPARSEABLE', NULL, NULL, 'NOT A JSO...
                                                             ^
DETAIL:  Token "NOT" is invalid.
CONTEXT:  JSON data, line 1: NOT...

[AUDIT] Received message on topic=tee.orders partition=1
[AUDIT] Logged event_id=bce79557-5d9f-42b5-9252-ef2da11c45d5 type=ORDER_CREATED topic=tee.orders
[AUDIT] Received message on topic=tee.inventory partition=1
[AUDIT] Logged event_id=64d04e35-9c1d-4af0-9eac-9f1848921684 type=INVENTORY_REJECTED topic=tee.inventory
[AUDIT] Received message on topic=tee.orders partition=1
[AUDIT] Logged event_id=546f31d7-88e7-4df9-94e2-76fd8870bac4 type=ORDER_CREATED topic=tee.orders
[AUDIT] Received message on topic=tee.inventory partition=1
[AUDIT] Logged event_id=a23d023f-6002-48b4-990f-99723e21f27a type=INVENTORY_REJECTED topic=tee.inventory
[AUDIT] Received message on topic=tee.orders partition=0
[AUDIT] Logged event_id=07ddbb66-4a25-45e6-b3b6-7a4c3c7ab591 type=ORDER_CREATED topic=tee.orders
[AUDIT] Received message on topic=tee.inventory partition=0
[AUDIT] Logged event_id=5decbfd0-635c-4d8a-9888-b8770e6143b5 type=INVENTORY_REJECTED topic=tee.inventory
[AUDIT] Received message on topic=tee.orders partition=2
[AUDIT] Logged event_id=b4d143ce-80ca-457b-92c2-fa89a269a8f7 type=ORDER_CREATED topic=tee.orders
[AUDIT] Received message on topic=tee.inventory partition=2
[AUDIT] Logged event_id=10c0fc55-2037-4200-aee7-eb5db2ba6f56 type=INVENTORY_REJECTED topic=tee.inventory
[AUDIT] Received message on topic=tee.orders partition=2
[AUDIT] DB ERROR: invalid input syntax for type json
LINE 3: ...         VALUES (NULL, 'UNPARSEABLE', NULL, NULL, 'NOT A JSO...
                                                             ^
DETAIL:  Token "NOT" is invalid.
CONTEXT:  JSON data, line 1: NOT...

[AUDIT] Received message on topic=tee.orders partition=0
[AUDIT] Logged event_id=26107481-1809-4b35-aad0-8ee4743fb60c type=ORDER_CREATED topic=tee.orders
[AUDIT] Received message on topic=tee.inventory partition=0
[AUDIT] Logged event_id=b67b9d48-3a14-4090-a210-e0d445d47031 type=INVENTORY_REJECTED topic=tee.inventory
