[CONSUMER] Order persistence service started.
[CONSUMER] Assigned partition 0 of topic 'tee.inventory'
[CONSUMER] Assigned partition 1 of topic 'tee.inventory'
[CONSUMER] Assigned partition 2 of topic 'tee.inventory'
[CONSUMER] Received message on partition 0
[CONSUMER] PERSISTED event_id=ef85e13e-5ad2-441d-8d8e-9f6ea446ddf7 type=INVENTORY_RESERVED order_id=706c5022-310a-44e8-9555-a64dba149403
[CONSUMER] Received message on partition 0
[CONSUMER] PERSISTED event_id=d6fcfab0-345b-4423-9d67-ca6e74ed8c43 type=INVENTORY_RESERVED order_id=ec32845e-48ae-4eb6-b3a1-2a8863f7bd9c
[CONSUMER] Received message on partition 0
[CONSUMER] PERSISTED event_id=05193a68-a4f2-47de-b256-ff3a8dd68d58 type=INVENTORY_RESERVED order_id=1dd1523b-3e4a-41b7-941f-e3d101dd48c3
[CONSUMER] Received message on partition 0
[CONSUMER] PERSISTED event_id=524d7be9-71b1-4d3d-8da4-978446e27a27 type=INVENTORY_RESERVED order_id=0c008c38-86c5-4977-b2b9-b1d7f25dd0d7
[CONSUMER] Received message on partition 0
[CONSUMER] PERSISTED event_id=53f74a45-7d4f-4cfe-8f7f-19d2e93f92ce type=INVENTORY_RESERVED order_id=db801472-b288-4774-bed3-8f2737b8690b
[CONSUMER] Received message on partition 0
[CONSUMER] PERSISTED event_id=6b1acf67-2216-4b6b-9f5d-f6b2f98cce95 type=INVENTORY_RESERVED order_id=458b451e-af7f-4a2d-87ca-80dd5b46b4bf
[CONSUMER] Received message on partition 0
[CONSUMER] PERSISTED event_id=9758a499-0c1e-47f2-b8ae-482c4e7d11bc type=INVENTORY_RESERVED order_id=7bd56155-5534-41ce-8d62-b9e9f5f6fe4b
[CONSUMER] Received message on partition 0
[CONSUMER] PERSISTED event_id=4d1fd536-bb3c-4600-a8f3-9ecb3ce2a786 type=INVENTORY_RESERVED order_id=dc3d9808-b0eb-46dd-9c8b-74eb4db4249a
[CONSUMER] Received message on partition 0
[CONSUMER] PERSISTED event_id=7e2b687a-7f35-4b2a-925d-202cd5c3589f type=INVENTORY_RESERVED order_id=e9531407-ef36-4717-ad95-7b4f69cdc4e3
[CONSUMER] Received message on partition 0
[CONSUMER] PERSISTED event_id=ca484ec8-a84d-4329-b2f0-c7470c8212fd type=INVENTORY_RESERVED order_id=7fda2d3c-f17a-4921-adb1-f76274380ad2
[CONSUMER] Received message on partition 0
[CONSUMER] PERSISTED event_id=95789f2b-06b1-426c-b2f7-50f0f65d61b3 type=INVENTORY_RESERVED order_id=ce743816-09a7-436e-9eaa-b46adb25347e
[CONSUMER] Received message on partition 0
[CONSUMER] PERSISTED event_id=1e080794-ebcf-424c-9a36-eab44ea6db95 type=INVENTORY_RESERVED order_id=aa925f99-1b6b-43f6-8fae-eb817554d801
[CONSUMER] Received message on partition 0
[CONSUMER] PERSISTED event_id=24e9066c-4af2-4040-8653-020bf650f6b7 type=INVENTORY_RESERVED order_id=e9ca4ec8-f66b-41d1-82a4-c350e54af429
[CONSUMER] Received message on partition 0
[CONSUMER] PERSISTED event_id=33c705aa-ba24-4824-84d3-b83608a8814e type=INVENTORY_RESERVED order_id=50164d99-6c99-4efe-b29d-6ee28620df2a
[CONSUMER] Received message on partition 0
[CONSUMER] PERSISTED event_id=85294d89-8368-4e88-ba79-c6edbe3ec45a type=INVENTORY_RESERVED order_id=1e104d08-1e22-4c26-bd08-f983a753fa03
[CONSUMER] Received message on partition 0
[CONSUMER] PERSISTED event_id=6f9656dd-d455-4aaf-a051-16fd38706d6d type=INVENTORY_RESERVED order_id=0a189235-dba7-4ec4-ba17-db5701c3049f
[CONSUMER] Received message on partition 0
[CONSUMER] PERSISTED event_id=63936b44-98bd-483c-8d04-d9e700d937e9 type=INVENTORY_RESERVED order_id=1fae2d58-8b42-42ad-85ff-5f4ccda05f65
[CONSUMER] Received message on partition 0
[CONSUMER] PERSISTED event_id=0950c16a-66b9-4d9e-9c0b-0684b67f6a2a type=INVENTORY_RESERVED order_id=0ae23c9b-595b-488b-a3e2-dcf2c245e545
[CONSUMER] Received message on partition 0
[CONSUMER] PERSISTED event_id=9dd113e7-5673-4c9a-a7c5-c91ee9bc3fa2 type=INVENTORY_RESERVED order_id=e5482a3e-f39c-4a22-8976-8bebe741dccf
[CONSUMER] Received message on partition 0
[CONSUMER] PERSISTED event_id=9402af86-980b-46d3-858e-2da0d28f06da type=INVENTORY_RESERVED order_id=81eb1c1d-37fd-48f1-be4d-8ef7bc210cfb
[CONSUMER] Received message on partition 0
[CONSUMER] PERSISTED event_id=dca0f727-eda3-476a-a621-3b57173c4064 type=INVENTORY_RESERVED order_id=68a0523e-60ab-4d3d-99d5-b3acaf406caf
[CONSUMER] Received message on partition 0
[CONSUMER] PERSISTED event_id=8444e545-979b-45df-844c-72ea6803710f type=INVENTORY_RESERVED order_id=7fa3f249-4b64-4aa0-8eb5-4d8accd5c58b
[CONSUMER] Received message on partition 0
[CONSUMER] PERSISTED event_id=a9969a43-542f-47a5-88da-98184cc4d367 type=INVENTORY_RESERVED order_id=6ffe7ca3-905d-4ad5-9d8d-b84cec581743
[CONSUMER] Received message on partition 0
[CONSUMER] PERSISTED event_id=a1702da7-a555-479b-b698-9962a959341c type=INVENTORY_RESERVED order_id=e3b1b640-03a4-4416-bad2-c0f16badf1df
[CONSUMER] Received message on partition 0
[CONSUMER] PERSISTED event_id=211a69e1-0957-4f39-a61d-fe97a077d087 type=INVENTORY_REJECTED order_id=696d78da-1cb7-480c-b6f6-952128cdb5db
[CONSUMER] Received message on partition 0
[CONSUMER] PERSISTED event_id=27906260-2513-42dd-8f28-368dc8b8d2d0 type=INVENTORY_RESERVED order_id=627a574e-dbd0-45f7-ac2d-0229202308af
[CONSUMER] Received message on partition 0
[CONSUMER] PERSISTED event_id=07cf8e09-61e3-43c4-bd3b-07aa8f85022a type=INVENTORY_RESERVED order_id=a6417a31-519d-4aa8-a589-d399b630a5fb
[CONSUMER] Received message on partition 0
[CONSUMER] PERSISTED event_id=1a2a1cf0-e0bf-4aa2-a847-c677134eb08e type=INVENTORY_REJECTED order_id=0e28e829-1650-4d29-ad3a-898c7f9520d7
[CONSUMER] Received message on partition 0
[CONSUMER] PERSISTED event_id=e68a872e-7c5f-4234-ab56-c01459c380a0 type=INVENTORY_RESERVED order_id=32225f31-14d4-4e9f-ac65-8bf2b3c11965
[CONSUMER] Received message on partition 0
[CONSUMER] PERSISTED event_id=5e9c93b5-ca7a-4ec0-9e42-5b9423e73f00 type=INVENTORY_RESERVED order_id=9e87b5ee-4a0f-44c1-9301-23044087a379
[CONSUMER] Received message on partition 0
[CONSUMER] PERSISTED event_id=278c0eb8-78b9-495f-8400-e684591aa8c1 type=INVENTORY_RESERVED order_id=8744c281-a6cc-456c-aefd-83d047b18529
[CONSUMER] Received message on partition 0
[CONSUMER] PERSISTED event_id=36ff2658-cbf2-427a-a3bb-567722bbee88 type=INVENTORY_RESERVED order_id=5d2665d2-56b2-4e4e-b956-73a5aac76353
[CONSUMER] Received message on partition 0
[CONSUMER] PERSISTED event_id=2a7894ad-9c49-4028-a906-80257b185337 type=INVENTORY_RESERVED order_id=466fc72a-5d41-4279-a735-fff38a7a6434
[CONSUMER] Received message on partition 0
[CONSUMER] PERSISTED event_id=4662a1e1-ee5a-418f-81ca-6751d44da086 type=INVENTORY_RESERVED order_id=0aefdeeb-b691-47e5-ac50-5823777cae36
[CONSUMER] Received message on partition 1
[CONSUMER] PERSISTED event_id=9624826c-e821-40e4-936b-931af525ecc0 type=INVENTORY_RESERVED order_id=b7817153-402b-40f5-ab35-f7ba640ff2de
[CONSUMER] Received message on partition 1
[CONSUMER] PERSISTED event_id=a2763e5e-0fff-48b4-95ef-f4af33180b6e type=INVENTORY_RESERVED order_id=8a908982-71fc-4143-8b64-dd4a17c76fa9
[CONSUMER] Received message on partition 1
[CONSUMER] PERSISTED event_id=6d2e1301-7bb6-40a9-a590-5109716b3690 type=INVENTORY_RESERVED order_id=5dd5255c-d725-4a59-be6f-af8df3bc8d51
[CONSUMER] Received message on partition 1
[CONSUMER] PERSISTED event_id=f9a4f09b-dc6b-4a09-843d-662524f94343 type=INVENTORY_RESERVED order_id=639478f7-03e6-480e-aaea-d57c01bf75c7
[CONSUMER] Received message on partition 1
[CONSUMER] PERSISTED event_id=0e127458-9ee6-4ac9-b4bc-726b56ec85b0 type=INVENTORY_RESERVED order_id=45f46673-3081-4cb3-a73c-9059ae7e0d16
[CONSUMER] Received message on partition 1
[CONSUMER] PERSISTED event_id=d0edbea2-685c-42a4-bad7-96c8f1d4b1e4 type=INVENTORY_RESERVED order_id=66c8d782-0a79-4c76-89a6-12458a9e7393
[CONSUMER] Received message on partition 1
[CONSUMER] PERSISTED event_id=9d83b978-a71b-4c1c-8640-7ec4c40a7188 type=INVENTORY_RESERVED order_id=af53fd05-19d5-4f5f-895a-4a4b979fbbbf
[CONSUMER] Received message on partition 1
[CONSUMER] PERSISTED event_id=130858fd-c9f5-4ecb-b9cf-5ad80e978ba5 type=INVENTORY_RESERVED order_id=f4daebc6-df29-400a-a00d-4dcac8ba5ab8
[CONSUMER] Received message on partition 1
[CONSUMER] PERSISTED event_id=c0551d2f-f580-42af-8b42-074461e252bf type=INVENTORY_RESERVED order_id=33fa6a36-a045-456f-a8fb-f7524ea8006c
[CONSUMER] Received message on partition 1
[CONSUMER] PERSISTED event_id=26bb02d6-c779-4c00-92ae-6e35f02346bd type=INVENTORY_REJECTED order_id=a07187fb-c5be-4e13-ad7d-7df8290ad9cd
[CONSUMER] Received message on partition 1
[CONSUMER] PERSISTED event_id=8f13e87a-77c2-46c0-8dea-7805a5ab4eea type=INVENTORY_RESERVED order_id=2f303ef8-77b1-4306-9871-a40016030e8a
[CONSUMER] Received message on partition 1
[CONSUMER] PERSISTED event_id=2bba2087-ea07-4363-9db2-d099b71dc4d2 type=INVENTORY_REJECTED order_id=0240681b-a8dd-4094-8403-f5a9099a275b
[CONSUMER] Received message on partition 1
[CONSUMER] PERSISTED event_id=cd3dfd62-6df3-442d-b94a-e0353c622d5a type=INVENTORY_RESERVED order_id=4ff76fd1-7d30-4e51-a8b4-4dfe3eefc7dc
[CONSUMER] Received message on partition 1
[CONSUMER] PERSISTED event_id=721e213a-0ba9-48e3-a289-d83fb87f1d2d type=INVENTORY_RESERVED order_id=21e23cd3-0fa2-4c02-8e10-c7bf38bce546
[CONSUMER] Received message on partition 1
[CONSUMER] PERSISTED event_id=33b8e83e-8bb1-4350-a2c5-fb9f08dcf3ac type=INVENTORY_RESERVED order_id=b3dadffb-6cac-41cd-a18b-35bd5d4c3c57
[CONSUMER] Received message on partition 1
[CONSUMER] PERSISTED event_id=bfe80bd4-59b7-4742-844f-0c4e01232ced type=INVENTORY_RESERVED order_id=41196eb9-0b64-410b-ac99-868b3994ef6e
[CONSUMER] Received message on partition 1
[CONSUMER] PERSISTED event_id=6f50c1fb-bee6-4d60-9207-52162f1bbe97 type=INVENTORY_RESERVED order_id=0f06b830-032e-4d70-b2f6-b25b414d2780
[CONSUMER] Received message on partition 1
[CONSUMER] PERSISTED event_id=4c394cd8-b2b5-4175-8d33-fe43b9a88d2d type=INVENTORY_RESERVED order_id=f9780d30-8b43-4eb5-a2d8-682db5352e64
[CONSUMER] Received message on partition 1
[CONSUMER] PERSISTED event_id=fdc86f1f-5a76-43a4-9e3f-268423825c61 type=INVENTORY_RESERVED order_id=26733ad9-aa99-41c6-ad6c-14751bd5ca4e
[CONSUMER] Received message on partition 1
[CONSUMER] PERSISTED event_id=f4d908e0-dc99-484b-813a-f7a1a3aeb999 type=INVENTORY_RESERVED order_id=c4e54079-ef8e-41fc-a38d-753fe824d823
[CONSUMER] Received message on partition 1
[CONSUMER] PERSISTED event_id=bb1a51cf-c210-4efc-a772-736235fd8087 type=INVENTORY_RESERVED order_id=1e7ca84c-2608-4e87-8c50-39d3bf804258
[CONSUMER] Received message on partition 1
[CONSUMER] PERSISTED event_id=67580798-2d66-4254-adf9-eec996fb7f5a type=INVENTORY_RESERVED order_id=be585c2d-59fc-4959-ac2f-b96278856d4f
[CONSUMER] Received message on partition 1
[CONSUMER] PERSISTED event_id=08b8bea0-db25-497b-84f4-bd2eee851a26 type=INVENTORY_RESERVED order_id=9873e443-6631-427c-a0a7-45a8fd7dd08b
[CONSUMER] Received message on partition 1
[CONSUMER] PERSISTED event_id=fad64b73-851e-4cc2-81f2-b85f1bd6d591 type=INVENTORY_RESERVED order_id=092f88bb-e8aa-4c8a-977d-6a319d69e1ba
[CONSUMER] Received message on partition 1
[CONSUMER] PERSISTED event_id=19408356-9bb4-4e54-91ed-a740f83785e2 type=INVENTORY_RESERVED order_id=3be1e155-8f59-4bd9-965d-a8af68efee26
[CONSUMER] Received message on partition 1
[CONSUMER] PERSISTED event_id=626cc07d-8ded-4bff-bfe9-ef9b993e983b type=INVENTORY_RESERVED order_id=58fa7957-fd2f-4843-9476-246ccc8b45c9
[CONSUMER] Received message on partition 1
[CONSUMER] PERSISTED event_id=0a97328b-3dbe-4ff1-93b1-9062c1d21fa8 type=INVENTORY_RESERVED order_id=a5043c45-4ef7-46d3-abf9-877d6f45ff5b
[CONSUMER] Received message on partition 1
[CONSUMER] PERSISTED event_id=48257700-d5e5-49f2-b991-d42d669841a1 type=INVENTORY_RESERVED order_id=b9f65811-1857-4a86-9503-ab68cebbfc24
[CONSUMER] Received message on partition 1
[CONSUMER] PERSISTED event_id=13a4ad9c-b4a2-4618-85c8-f6c15f27ed6e type=INVENTORY_REJECTED order_id=59180003-b045-4b79-a4d6-fabb3a47ae7a
[CONSUMER] Received message on partition 1
[CONSUMER] PERSISTED event_id=bbdb958f-352f-4638-a5e6-7017ced3bfdd type=INVENTORY_RESERVED order_id=410f6ecb-02f3-4b15-a97d-a7f6cc44c966
[CONSUMER] Received message on partition 1
[CONSUMER] PERSISTED event_id=e4451698-97f5-44e3-a139-de26cf4a9dde type=INVENTORY_RESERVED order_id=e9a80aeb-afc0-49a9-bf24-a3bf51cea450
[CONSUMER] Received message on partition 2
[CONSUMER] PERSISTED event_id=69ddfe5a-0cdd-4b17-9648-d6a05aedc672 type=INVENTORY_RESERVED order_id=3cec50c5-191e-4e1d-8c23-7ebbbe9e6ce0
[CONSUMER] Received message on partition 2
[CONSUMER] PERSISTED event_id=b012198c-9691-4efc-9e69-9215ac90ef65 type=INVENTORY_RESERVED order_id=7dd06942-5f6f-4f49-bea0-a510925ac5b5
[CONSUMER] Received message on partition 2
[CONSUMER] PERSISTED event_id=05c5a4be-114f-484f-b8c1-63254b894ccc type=INVENTORY_RESERVED order_id=118432a6-1aa7-4325-9ea7-fb79599efae8
[CONSUMER] Received message on partition 2
[CONSUMER] PERSISTED event_id=1366f2d5-01ad-4437-b8ad-4e6f9a2af564 type=INVENTORY_RESERVED order_id=3fd066e6-9bb1-429d-bb8a-9d36c03403ab
[CONSUMER] Received message on partition 2
[CONSUMER] PERSISTED event_id=731366aa-d355-4af2-9047-5fe5fc2d3b64 type=INVENTORY_RESERVED order_id=ab8ee6dd-215d-45e6-8c5b-38a60b95a90f
[CONSUMER] Received message on partition 2
[CONSUMER] PERSISTED event_id=7053566e-87fc-4980-84e3-fc844496ed47 type=INVENTORY_RESERVED order_id=e6b5ecc2-7722-4f57-aa5b-9d341fd131e4
[CONSUMER] Received message on partition 2
[CONSUMER] PERSISTED event_id=9b674bab-8f44-43a2-8f96-bd81e4a279a2 type=INVENTORY_RESERVED order_id=7cc2aa0d-7b63-4740-837a-ab1bf6e358ad
[CONSUMER] Received message on partition 2
[CONSUMER] PERSISTED event_id=11f18f9c-94a2-4c3b-835b-fd0ab05c49b7 type=INVENTORY_RESERVED order_id=253ea5c9-2c4f-44ac-8202-c30cb24a59b9
[CONSUMER] Received message on partition 2
[CONSUMER] PERSISTED event_id=19c38984-ce82-4852-9667-4a68169bacd5 type=INVENTORY_RESERVED order_id=91e1656e-083c-4549-82bd-0d7eac9a5d35
[CONSUMER] Received message on partition 2
[CONSUMER] PERSISTED event_id=6529a408-8213-469e-9af5-19c0f865d143 type=INVENTORY_RESERVED order_id=89bcd1ae-571a-423b-aa3d-2a63cdcd4570
[CONSUMER] Received message on partition 2
[CONSUMER] PERSISTED event_id=09db3923-4c30-4bf6-abf7-d722cac5f817 type=INVENTORY_RESERVED order_id=8b009f0c-3f34-4f73-a9c5-8ad17e5a09ed
[CONSUMER] Received message on partition 2
[CONSUMER] PERSISTED event_id=bc147e60-58b8-406d-8fc7-fe3b449f0c51 type=INVENTORY_RESERVED order_id=56a73ec0-b189-4e21-934f-85b7d1f04a1c
[CONSUMER] Received message on partition 2
[CONSUMER] PERSISTED event_id=6ae3d7ef-df6b-47c9-85a7-faa115efeb36 type=INVENTORY_RESERVED order_id=8c48fc60-d77d-4fd2-9c48-005db785804b
[CONSUMER] Received message on partition 2
[CONSUMER] PERSISTED event_id=159f7f99-6f72-4886-93bf-93f2b51372f7 type=INVENTORY_RESERVED order_id=ce400da3-4ab2-47cb-8434-48e91ec8d741
[CONSUMER] Received message on partition 2
[CONSUMER] PERSISTED event_id=951e7f7d-123f-4e17-b47e-0eec37c5cf08 type=INVENTORY_RESERVED order_id=0e77ffed-6ea6-4ccf-81ff-3db1f382d173
[CONSUMER] Received message on partition 2
[CONSUMER] PERSISTED event_id=d7f14ce9-5149-415d-88f6-0f545f5ffb6a type=INVENTORY_RESERVED order_id=05b08e42-449d-44a0-8533-27d463670bb5
[CONSUMER] Received message on partition 2
[CONSUMER] PERSISTED event_id=43ed2881-0654-48e2-b0df-314ac9af721c type=INVENTORY_RESERVED order_id=ebc582f6-01c2-49b2-a10e-8a3ef082f7ea
[CONSUMER] Received message on partition 2
[CONSUMER] PERSISTED event_id=2a3ce334-ae34-4e50-b447-83469eaea749 type=INVENTORY_RESERVED order_id=916f23e6-3e6c-4919-a4da-914f30960c4b
[CONSUMER] Received message on partition 2
[CONSUMER] PERSISTED event_id=f5632fd4-fd2a-4315-9caf-65bb938091dc type=INVENTORY_RESERVED order_id=541b5f57-f6d8-401b-be84-5f1907decdb5
[CONSUMER] Received message on partition 2
[CONSUMER] PERSISTED event_id=5e98f463-b532-4cda-bcbf-040e9465ff77 type=INVENTORY_RESERVED order_id=aa035ade-dacf-42a2-83e9-8a7c1061b7ef
[CONSUMER] Received message on partition 2
[CONSUMER] PERSISTED event_id=e7bbc6fe-0d64-4e3c-a7dd-814e7fbbe98c type=INVENTORY_RESERVED order_id=0b5e335e-96f8-4e50-9a5e-86fa98cfb395
[CONSUMER] Received message on partition 2
[CONSUMER] PERSISTED event_id=aa0132a3-8922-4fb8-acc5-5ebe7a1a0e11 type=INVENTORY_RESERVED order_id=2306e916-655e-4eef-b4da-b3349877a7ac
[CONSUMER] Received message on partition 2
[CONSUMER] PERSISTED event_id=0ee6b808-51b7-41bf-b5fd-bbab103285ae type=INVENTORY_RESERVED order_id=b88fff8e-03d6-4326-9158-d36f9a5e13e0
[CONSUMER] Received message on partition 2
[CONSUMER] PERSISTED event_id=4591bccb-0cb9-487e-a921-74fd1bf1e446 type=INVENTORY_RESERVED order_id=b39587a3-0d06-4074-a8a2-270fccd8afeb
[CONSUMER] Received message on partition 2
[CONSUMER] PERSISTED event_id=38ba8947-4ad7-4169-828c-b503cfd411f7 type=INVENTORY_RESERVED order_id=fc8737c0-e47b-4878-a2b0-3ffc8d6268c3
[CONSUMER] Received message on partition 2
[CONSUMER] PERSISTED event_id=ff84c952-7e35-493d-915b-4b88658a3063 type=INVENTORY_RESERVED order_id=9ab0cb48-90e7-437c-a942-7127269f16e2
[CONSUMER] Received message on partition 2
[CONSUMER] PERSISTED event_id=f58c4568-c530-413f-8eff-5a88db15219d type=INVENTORY_RESERVED order_id=dd87ee0e-8c81-41c4-a5b4-1710a670fb4c
[CONSUMER] Received message on partition 2
[CONSUMER] PERSISTED event_id=97070217-607a-4269-9de1-204d6474a561 type=INVENTORY_RESERVED order_id=18c36d38-8ca2-4b73-9eb6-b35174ee74c9
[CONSUMER] Received message on partition 0
[CONSUMER] PERSISTED event_id=8363fa1f-0efe-4db1-be63-5937c50d362f type=INVENTORY_RESERVED order_id=a1b9a802-f104-4028-94b8-5121ee28c997
[CONSUMER] Received message on partition 0
[CONSUMER] PERSISTED event_id=f58eef34-dc85-499f-a74f-b7cac4cd0617 type=INVENTORY_RESERVED order_id=706c5022-310a-44e8-9555-a64dba149403
[CONSUMER] Received message on partition 0
[CONSUMER] PERSISTED event_id=1ed7b3df-b4a8-4f9d-89cc-7efca080ed53 type=INVENTORY_RESERVED order_id=ec32845e-48ae-4eb6-b3a1-2a8863f7bd9c
[CONSUMER] Received message on partition 0
[CONSUMER] PERSISTED event_id=d6c1d9b9-188c-47c5-bef6-829149508d59 type=INVENTORY_RESERVED order_id=1dd1523b-3e4a-41b7-941f-e3d101dd48c3
[CONSUMER] Received message on partition 0
[CONSUMER] PERSISTED event_id=608c3fa0-e1a2-4da2-9d1e-0ccf13be683f type=INVENTORY_RESERVED order_id=0c008c38-86c5-4977-b2b9-b1d7f25dd0d7
[CONSUMER] Received message on partition 0
[CONSUMER] PERSISTED event_id=22206c36-0817-4ff6-ad71-804eedaf1cbb type=INVENTORY_RESERVED order_id=db801472-b288-4774-bed3-8f2737b8690b
[CONSUMER] Received message on partition 0
[CONSUMER] PERSISTED event_id=809cb10b-25d6-45ce-988d-3e08a6bc5642 type=INVENTORY_RESERVED order_id=458b451e-af7f-4a2d-87ca-80dd5b46b4bf
[CONSUMER] Received message on partition 0
[CONSUMER] PERSISTED event_id=e1f21491-0278-49d2-b443-f50d1077be92 type=INVENTORY_RESERVED order_id=7bd56155-5534-41ce-8d62-b9e9f5f6fe4b
[CONSUMER] Received message on partition 0
[CONSUMER] PERSISTED event_id=fb798c30-005d-4b88-9dd3-45f0b9a0a349 type=INVENTORY_RESERVED order_id=dc3d9808-b0eb-46dd-9c8b-74eb4db4249a
[CONSUMER] Received message on partition 0
[CONSUMER] PERSISTED event_id=5c0823a5-24a3-452b-9087-a0cd776cda63 type=INVENTORY_RESERVED order_id=e9531407-ef36-4717-ad95-7b4f69cdc4e3
[CONSUMER] Received message on partition 0
[CONSUMER] PERSISTED event_id=275c6e93-55cc-4eb7-8ed4-a905b00b69f7 type=INVENTORY_RESERVED order_id=7fda2d3c-f17a-4921-adb1-f76274380ad2
[CONSUMER] Received message on partition 0
[CONSUMER] PERSISTED event_id=cd4c4222-6e69-4095-b009-fff5bc43d959 type=INVENTORY_RESERVED order_id=ce743816-09a7-436e-9eaa-b46adb25347e
[CONSUMER] Received message on partition 0
[CONSUMER] PERSISTED event_id=e699a904-05c7-4899-9ee8-e8aa4af6ffdf type=INVENTORY_RESERVED order_id=aa925f99-1b6b-43f6-8fae-eb817554d801
[CONSUMER] Received message on partition 0
[CONSUMER] PERSISTED event_id=6df8995d-e34c-4801-a7c4-19b2364771ac type=INVENTORY_RESERVED order_id=e9ca4ec8-f66b-41d1-82a4-c350e54af429
[CONSUMER] Received message on partition 0
[CONSUMER] PERSISTED event_id=670fa093-f6b1-431c-8a4f-633d8004d834 type=INVENTORY_RESERVED order_id=50164d99-6c99-4efe-b29d-6ee28620df2a
[CONSUMER] Received message on partition 0
[CONSUMER] PERSISTED event_id=149dbd33-586b-4f53-9e45-ed4eee8de983 type=INVENTORY_RESERVED order_id=1e104d08-1e22-4c26-bd08-f983a753fa03
[CONSUMER] Received message on partition 0
[CONSUMER] PERSISTED event_id=70307d7c-45d5-4371-b9d2-9fd5bd053789 type=INVENTORY_RESERVED order_id=0a189235-dba7-4ec4-ba17-db5701c3049f
[CONSUMER] Received message on partition 0
[CONSUMER] PERSISTED event_id=b8a19b20-bcdf-48fe-b0af-76405d12181e type=INVENTORY_RESERVED order_id=1fae2d58-8b42-42ad-85ff-5f4ccda05f65
[CONSUMER] Received message on partition 0
[CONSUMER] PERSISTED event_id=8c3b252b-9569-4870-91fa-b3d135145f48 type=INVENTORY_RESERVED order_id=0ae23c9b-595b-488b-a3e2-dcf2c245e545
[CONSUMER] Received message on partition 0
[CONSUMER] PERSISTED event_id=e0e0cf3b-ff33-427c-8be9-b402c91f1bd2 type=INVENTORY_RESERVED order_id=e5482a3e-f39c-4a22-8976-8bebe741dccf
[CONSUMER] Received message on partition 0
[CONSUMER] PERSISTED event_id=9a461a5f-951d-4a8a-8caa-4067eeb5ec05 type=INVENTORY_RESERVED order_id=81eb1c1d-37fd-48f1-be4d-8ef7bc210cfb
[CONSUMER] Received message on partition 0
[CONSUMER] PERSISTED event_id=24e0b58c-6b85-434e-b0cb-390346cc059e type=INVENTORY_RESERVED order_id=68a0523e-60ab-4d3d-99d5-b3acaf406caf
[CONSUMER] Received message on partition 0
[CONSUMER] PERSISTED event_id=37b8ad66-f9f3-48a1-afe6-0b1aba3b38cc type=INVENTORY_RESERVED order_id=7fa3f249-4b64-4aa0-8eb5-4d8accd5c58b
[CONSUMER] Received message on partition 0
[CONSUMER] PERSISTED event_id=37fc9493-e56e-4292-9f38-b093a6c7f1f3 type=INVENTORY_RESERVED order_id=6ffe7ca3-905d-4ad5-9d8d-b84cec581743
[CONSUMER] Received message on partition 0
[CONSUMER] PERSISTED event_id=523fb257-2eca-4c93-a3f4-2d744fa4f7ad type=INVENTORY_RESERVED order_id=e3b1b640-03a4-4416-bad2-c0f16badf1df
[CONSUMER] Received message on partition 0
[CONSUMER] PERSISTED event_id=2d6c8d64-175d-447e-92f0-a3685b067105 type=INVENTORY_RESERVED order_id=696d78da-1cb7-480c-b6f6-952128cdb5db
[CONSUMER] Received message on partition 0
[CONSUMER] PERSISTED event_id=2e9dc912-68a3-4ed8-b371-28a7d6be8162 type=INVENTORY_RESERVED order_id=627a574e-dbd0-45f7-ac2d-0229202308af
[CONSUMER] Received message on partition 0
[CONSUMER] PERSISTED event_id=56e898cf-3441-4b88-ad05-259c17918d4e type=INVENTORY_RESERVED order_id=a6417a31-519d-4aa8-a589-d399b630a5fb
[CONSUMER] Received message on partition 0
[CONSUMER] PERSISTED event_id=e59b8c19-0e88-4dfb-b357-fd7a3f27f16c type=INVENTORY_RESERVED order_id=0e28e829-1650-4d29-ad3a-898c7f9520d7
[CONSUMER] Received message on partition 0
[CONSUMER] PERSISTED event_id=6320aeef-def7-44bd-8385-4070ebfb1aa0 type=INVENTORY_RESERVED order_id=32225f31-14d4-4e9f-ac65-8bf2b3c11965
[CONSUMER] Received message on partition 0
[CONSUMER] PERSISTED event_id=c4aac2f0-d780-48b8-a87e-53221f7961b7 type=INVENTORY_RESERVED order_id=9e87b5ee-4a0f-44c1-9301-23044087a379
[CONSUMER] Received message on partition 0
[CONSUMER] PERSISTED event_id=e4436bbe-f3c7-4a8e-aac7-76212f9da37e type=INVENTORY_RESERVED order_id=8744c281-a6cc-456c-aefd-83d047b18529
[CONSUMER] Received message on partition 0
[CONSUMER] PERSISTED event_id=56d9ae51-e788-43f2-b225-c9fa19e2a31f type=INVENTORY_RESERVED order_id=5d2665d2-56b2-4e4e-b956-73a5aac76353
[CONSUMER] Received message on partition 0
[CONSUMER] PERSISTED event_id=120e8949-e369-4a46-8192-7db5db3b2552 type=INVENTORY_RESERVED order_id=466fc72a-5d41-4279-a735-fff38a7a6434
[CONSUMER] Received message on partition 0
[CONSUMER] PERSISTED event_id=f22d5cd9-e462-4719-8d4d-265a6f5bca61 type=INVENTORY_RESERVED order_id=0aefdeeb-b691-47e5-ac50-5823777cae36
[CONSUMER] Received message on partition 0
[CONSUMER] PERSISTED event_id=24a7ada3-5c48-4973-888c-b2626f18bbf1 type=INVENTORY_RESERVED order_id=e26194b2-bbae-4418-80c8-65d79a62c2d8
[CONSUMER] Received message on partition 0
[CONSUMER] PERSISTED event_id=2bafaa0a-fd5b-44dd-a0c5-ed5f12d44cfc type=INVENTORY_RESERVED order_id=95347b81-1815-4fca-8353-26effdb10358
[CONSUMER] Received message on partition 1
[CONSUMER] PERSISTED event_id=7c4f4560-5f23-44e9-9cbb-d75998659860 type=INVENTORY_RESERVED order_id=b7817153-402b-40f5-ab35-f7ba640ff2de
[CONSUMER] Received message on partition 1
[CONSUMER] PERSISTED event_id=7024f518-e5c4-477f-9c0e-849358c435a9 type=INVENTORY_RESERVED order_id=8a908982-71fc-4143-8b64-dd4a17c76fa9
[CONSUMER] Received message on partition 1
[CONSUMER] PERSISTED event_id=13f719ac-1f62-4882-af1c-6793a773dba9 type=INVENTORY_RESERVED order_id=5dd5255c-d725-4a59-be6f-af8df3bc8d51
[CONSUMER] Received message on partition 1
[CONSUMER] PERSISTED event_id=aa95c618-7c53-4818-bad9-f95f13da5006 type=INVENTORY_RESERVED order_id=639478f7-03e6-480e-aaea-d57c01bf75c7
[CONSUMER] Received message on partition 1
[CONSUMER] PERSISTED event_id=c3d81559-64a7-417e-ba37-12c587f4a0de type=INVENTORY_RESERVED order_id=45f46673-3081-4cb3-a73c-9059ae7e0d16
[CONSUMER] Received message on partition 1
[CONSUMER] PERSISTED event_id=02e13c24-6c6a-4e77-89e7-08dedc4400b3 type=INVENTORY_RESERVED order_id=66c8d782-0a79-4c76-89a6-12458a9e7393
[CONSUMER] Received message on partition 1
[CONSUMER] PERSISTED event_id=b57c05c3-407a-4052-9736-e703c4444558 type=INVENTORY_RESERVED order_id=af53fd05-19d5-4f5f-895a-4a4b979fbbbf
[CONSUMER] Received message on partition 1
[CONSUMER] PERSISTED event_id=18ce6c82-ce1c-4ccf-8a9f-f3cd95d1711b type=INVENTORY_RESERVED order_id=f4daebc6-df29-400a-a00d-4dcac8ba5ab8
[CONSUMER] Received message on partition 1
[CONSUMER] PERSISTED event_id=2d35da3a-ffcc-4446-94ba-55d533481e0c type=INVENTORY_RESERVED order_id=33fa6a36-a045-456f-a8fb-f7524ea8006c
[CONSUMER] Received message on partition 1
[CONSUMER] PERSISTED event_id=f8a7a41e-c00f-49d4-8825-2cfdc0215f25 type=INVENTORY_RESERVED order_id=a07187fb-c5be-4e13-ad7d-7df8290ad9cd
[CONSUMER] Received message on partition 1
[CONSUMER] PERSISTED event_id=eb5f6829-402f-4f03-aae2-4feaffbf0e23 type=INVENTORY_RESERVED order_id=2f303ef8-77b1-4306-9871-a40016030e8a
[CONSUMER] Received message on partition 1
[CONSUMER] PERSISTED event_id=18866f17-3dc2-43b3-9c05-05755f74fd93 type=INVENTORY_RESERVED order_id=0240681b-a8dd-4094-8403-f5a9099a275b
[CONSUMER] Received message on partition 1
[CONSUMER] PERSISTED event_id=fae73d07-6cf0-475b-8292-bc34ef764d92 type=INVENTORY_RESERVED order_id=4ff76fd1-7d30-4e51-a8b4-4dfe3eefc7dc
[CONSUMER] Received message on partition 1
[CONSUMER] PERSISTED event_id=44766a05-4b29-4efc-8a80-60c288db1343 type=INVENTORY_RESERVED order_id=21e23cd3-0fa2-4c02-8e10-c7bf38bce546
[CONSUMER] Received message on partition 1
[CONSUMER] PERSISTED event_id=3d1b874e-bdd6-42e3-b9ca-b9f31f5d2887 type=INVENTORY_RESERVED order_id=b3dadffb-6cac-41cd-a18b-35bd5d4c3c57
[CONSUMER] Received message on partition 1
[CONSUMER] PERSISTED event_id=70d1fcdc-fa62-4a04-bf20-37676da68c61 type=INVENTORY_RESERVED order_id=41196eb9-0b64-410b-ac99-868b3994ef6e
[CONSUMER] Received message on partition 1
[CONSUMER] PERSISTED event_id=f4b89251-295a-4abf-b784-df473ee87ae8 type=INVENTORY_RESERVED order_id=0f06b830-032e-4d70-b2f6-b25b414d2780
[CONSUMER] Received message on partition 1
[CONSUMER] PERSISTED event_id=46a568b6-be48-409d-8422-0318800f55f2 type=INVENTORY_RESERVED order_id=f9780d30-8b43-4eb5-a2d8-682db5352e64
[CONSUMER] Received message on partition 1
[CONSUMER] PERSISTED event_id=31877d9b-41d3-4af5-9453-78711be6f264 type=INVENTORY_RESERVED order_id=26733ad9-aa99-41c6-ad6c-14751bd5ca4e
[CONSUMER] Received message on partition 1
[CONSUMER] PERSISTED event_id=c871456a-0e9d-4863-ab4c-53ada7f3e2c7 type=INVENTORY_RESERVED order_id=c4e54079-ef8e-41fc-a38d-753fe824d823
[CONSUMER] Received message on partition 1
[CONSUMER] PERSISTED event_id=180456b2-3b94-4d42-93ba-6247817aab89 type=INVENTORY_REJECTED order_id=1e7ca84c-2608-4e87-8c50-39d3bf804258
[CONSUMER] Received message on partition 1
[CONSUMER] PERSISTED event_id=0e5a90dd-946e-4306-86f3-d8b64c1f3be6 type=INVENTORY_RESERVED order_id=be585c2d-59fc-4959-ac2f-b96278856d4f
[CONSUMER] Received message on partition 1
[CONSUMER] PERSISTED event_id=6c027a15-7f87-4487-91fc-8981d0996458 type=INVENTORY_RESERVED order_id=9873e443-6631-427c-a0a7-45a8fd7dd08b
[CONSUMER] Received message on partition 1
[CONSUMER] PERSISTED event_id=0ae08393-8155-467f-baa2-8e636fe49cff type=INVENTORY_RESERVED order_id=092f88bb-e8aa-4c8a-977d-6a319d69e1ba
[CONSUMER] Received message on partition 1
[CONSUMER] PERSISTED event_id=ae302477-307a-4cbf-a9f6-8d9e59d655ab type=INVENTORY_RESERVED order_id=3be1e155-8f59-4bd9-965d-a8af68efee26
[CONSUMER] Received message on partition 1
[CONSUMER] PERSISTED event_id=d8366e36-d147-4afa-b24f-3f44d0cb1c14 type=INVENTORY_REJECTED order_id=58fa7957-fd2f-4843-9476-246ccc8b45c9
[CONSUMER] Received message on partition 1
[CONSUMER] PERSISTED event_id=1b6a5f96-c436-4e4d-91c9-bea1afde2e74 type=INVENTORY_RESERVED order_id=a5043c45-4ef7-46d3-abf9-877d6f45ff5b
[CONSUMER] Received message on partition 1
[CONSUMER] PERSISTED event_id=785a41f4-e7ee-4f59-a08f-c8188547230e type=INVENTORY_RESERVED order_id=b9f65811-1857-4a86-9503-ab68cebbfc24
[CONSUMER] Received message on partition 1
[CONSUMER] PERSISTED event_id=56764ad3-3c15-4d6d-beca-d75d15300685 type=INVENTORY_RESERVED order_id=59180003-b045-4b79-a4d6-fabb3a47ae7a
[CONSUMER] Received message on partition 1
[CONSUMER] PERSISTED event_id=ab2092e7-f580-4e2d-87c5-66cdbd1ceb0c type=INVENTORY_REJECTED order_id=410f6ecb-02f3-4b15-a97d-a7f6cc44c966
[CONSUMER] Received message on partition 1
[CONSUMER] PERSISTED event_id=b064bb40-b32a-45e2-b139-7d520eab6313 type=INVENTORY_REJECTED order_id=e9a80aeb-afc0-49a9-bf24-a3bf51cea450
[CONSUMER] Received message on partition 1
[CONSUMER] PERSISTED event_id=e9204aef-dc7c-4f26-b603-c8e52b8f4fb1 type=INVENTORY_RESERVED order_id=287c1eed-96b5-4ab3-9901-7210e9d2443b
[CONSUMER] Received message on partition 1
[CONSUMER] PERSISTED event_id=5628f503-654a-4b6a-bfd3-b6d53da35843 type=INVENTORY_RESERVED order_id=db10e5d5-f245-453b-a05f-c1c2fcccf5a9
[CONSUMER] Received message on partition 1
[CONSUMER] PERSISTED event_id=3d89b153-3824-4cca-bac0-03cb7ae1da81 type=INVENTORY_RESERVED order_id=bad0e375-f2e4-4f9e-bc17-1d4dcef1e174
[CONSUMER] Received message on partition 1
[CONSUMER] PERSISTED event_id=a0b9b31a-4e72-400b-90a8-9161ee1177f1 type=INVENTORY_RESERVED order_id=92cd5717-d9b4-40d3-8fe8-ec87261d8f14
[CONSUMER] Received message on partition 2
[CONSUMER] PERSISTED event_id=e0030ed0-3d21-4ea4-a116-5f0bb4a8ad5a type=INVENTORY_REJECTED order_id=3cec50c5-191e-4e1d-8c23-7ebbbe9e6ce0
[CONSUMER] Received message on partition 2
[CONSUMER] PERSISTED event_id=58dd600e-3dc0-42ab-9184-88ec9c0eb552 type=INVENTORY_RESERVED order_id=7dd06942-5f6f-4f49-bea0-a510925ac5b5
[CONSUMER] Received message on partition 2
[CONSUMER] PERSISTED event_id=10c2833c-6081-4139-ad61-1a0600c6bc1d type=INVENTORY_RESERVED order_id=118432a6-1aa7-4325-9ea7-fb79599efae8
[CONSUMER] Received message on partition 2
[CONSUMER] PERSISTED event_id=877309e5-dcec-41c8-a742-81ff1f96bbfb type=INVENTORY_RESERVED order_id=3fd066e6-9bb1-429d-bb8a-9d36c03403ab
[CONSUMER] Received message on partition 2
[CONSUMER] PERSISTED event_id=f7c7a1cd-e3dd-41a0-95f3-f8831bac37aa type=INVENTORY_RESERVED order_id=ab8ee6dd-215d-45e6-8c5b-38a60b95a90f
[CONSUMER] Received message on partition 2
[CONSUMER] PERSISTED event_id=7d723ce4-6e13-45dc-a25c-663f3866a1e2 type=INVENTORY_RESERVED order_id=e6b5ecc2-7722-4f57-aa5b-9d341fd131e4
[CONSUMER] Received message on partition 2
[CONSUMER] PERSISTED event_id=6b31c598-4e00-4748-a689-f941cdab8edb type=INVENTORY_RESERVED order_id=7cc2aa0d-7b63-4740-837a-ab1bf6e358ad
[CONSUMER] Received message on partition 2
[CONSUMER] PERSISTED event_id=df5250ae-443d-4970-966f-5b6c503bca01 type=INVENTORY_RESERVED order_id=253ea5c9-2c4f-44ac-8202-c30cb24a59b9
[CONSUMER] Received message on partition 2
[CONSUMER] PERSISTED event_id=95d3f898-a19c-43d5-aa85-5064603d28b1 type=INVENTORY_RESERVED order_id=91e1656e-083c-4549-82bd-0d7eac9a5d35
[CONSUMER] Received message on partition 2
[CONSUMER] PERSISTED event_id=1c2689f7-2452-45ca-ba5a-13b9eff3ab38 type=INVENTORY_REJECTED order_id=89bcd1ae-571a-423b-aa3d-2a63cdcd4570
[CONSUMER] Received message on partition 2
[CONSUMER] PERSISTED event_id=38037f6a-69f4-4a98-be91-508986afffc5 type=INVENTORY_RESERVED order_id=8b009f0c-3f34-4f73-a9c5-8ad17e5a09ed
[CONSUMER] Received message on partition 2
[CONSUMER] PERSISTED event_id=720810cc-9320-4562-a8b6-7cbf2a6e12ba type=INVENTORY_RESERVED order_id=56a73ec0-b189-4e21-934f-85b7d1f04a1c
[CONSUMER] Received message on partition 2
[CONSUMER] PERSISTED event_id=de9229e8-ba5c-447d-a239-32e7f8f268ac type=INVENTORY_RESERVED order_id=8c48fc60-d77d-4fd2-9c48-005db785804b
[CONSUMER] Received message on partition 2
[CONSUMER] PERSISTED event_id=73ce6685-b0a5-4cdc-a9a4-da0e8d955637 type=INVENTORY_RESERVED order_id=ce400da3-4ab2-47cb-8434-48e91ec8d741
[CONSUMER] Received message on partition 2
[CONSUMER] PERSISTED event_id=65d0ec4f-b2ca-4fd6-8023-6c547304d7d9 type=INVENTORY_REJECTED order_id=0e77ffed-6ea6-4ccf-81ff-3db1f382d173
[CONSUMER] Received message on partition 2
[CONSUMER] PERSISTED event_id=754be8ab-c4c3-4009-8a2d-93e6336d3162 type=INVENTORY_RESERVED order_id=05b08e42-449d-44a0-8533-27d463670bb5
[CONSUMER] Received message on partition 2
[CONSUMER] PERSISTED event_id=371eef8b-9a80-475b-a967-685ade0ea988 type=INVENTORY_REJECTED order_id=ebc582f6-01c2-49b2-a10e-8a3ef082f7ea
[CONSUMER] Received message on partition 2
[CONSUMER] PERSISTED event_id=f46d6f6c-7b06-4c7c-913b-d9f802a60704 type=INVENTORY_RESERVED order_id=916f23e6-3e6c-4919-a4da-914f30960c4b
[CONSUMER] Received message on partition 2
[CONSUMER] PERSISTED event_id=663031df-07c1-4502-b114-774492ca4252 type=INVENTORY_RESERVED order_id=541b5f57-f6d8-401b-be84-5f1907decdb5
[CONSUMER] Received message on partition 2
[CONSUMER] PERSISTED event_id=10c59606-0c71-41dc-abfe-5cabe3f5278e type=INVENTORY_RESERVED order_id=aa035ade-dacf-42a2-83e9-8a7c1061b7ef
[CONSUMER] Received message on partition 2
[CONSUMER] PERSISTED event_id=b0cc74cc-40d8-4378-b444-776a45e1d31e type=INVENTORY_RESERVED order_id=0b5e335e-96f8-4e50-9a5e-86fa98cfb395
[CONSUMER] Received message on partition 2
[CONSUMER] PERSISTED event_id=a5b75a1a-856b-4b77-a570-78953cea5b1f type=INVENTORY_RESERVED order_id=2306e916-655e-4eef-b4da-b3349877a7ac
[CONSUMER] Received message on partition 2
[CONSUMER] PERSISTED event_id=c6c2b18e-a07c-457d-ab15-9bb28ef81d90 type=INVENTORY_RESERVED order_id=b88fff8e-03d6-4326-9158-d36f9a5e13e0
[CONSUMER] Received message on partition 2
[CONSUMER] PERSISTED event_id=62477aae-03be-48bc-9a01-1641c9d8b16f type=INVENTORY_RESERVED order_id=b39587a3-0d06-4074-a8a2-270fccd8afeb
[CONSUMER] Received message on partition 2
[CONSUMER] PERSISTED event_id=34889744-43c1-4b75-a0bd-3208dffeccfc type=INVENTORY_RESERVED order_id=fc8737c0-e47b-4878-a2b0-3ffc8d6268c3
[CONSUMER] Received message on partition 2
[CONSUMER] PERSISTED event_id=54490dc5-e311-4e12-bfc3-aba51c45871d type=INVENTORY_REJECTED order_id=9ab0cb48-90e7-437c-a942-7127269f16e2
[CONSUMER] Received message on partition 2
[CONSUMER] PERSISTED event_id=cc9765d1-1639-4f2d-b603-41fbd3df07b7 type=INVENTORY_RESERVED order_id=dd87ee0e-8c81-41c4-a5b4-1710a670fb4c
[CONSUMER] Received message on partition 2
[CONSUMER] PERSISTED event_id=7f93e5ea-49ee-4b7a-8154-fe7b3fed7b15 type=INVENTORY_RESERVED order_id=18c36d38-8ca2-4b73-9eb6-b35174ee74c9
[CONSUMER] Received message on partition 2
[CONSUMER] PERSISTED event_id=e1459852-ad97-44d3-886a-96ebed90de24 type=INVENTORY_REJECTED order_id=69b0cd58-622c-4e7c-a1df-366f0bb67f7d
[CONSUMER] Received message on partition 2
[CONSUMER] PERSISTED event_id=bf407a7f-3d2c-4044-8756-55e881cbbbc9 type=INVENTORY_REJECTED order_id=d634e613-165d-480c-aee8-5793f01cf6a5
[CONSUMER] Received message on partition 2
[CONSUMER] PERSISTED event_id=f3420698-1bef-48ff-a69a-178bf2ef1a2d type=INVENTORY_REJECTED order_id=bca492bb-3892-448a-9428-2f564d4a37fa
[CONSUMER] Received message on partition 2
[CONSUMER] PERSISTED event_id=616b840d-4430-4e93-8363-4d4ddabdc953 type=INVENTORY_REJECTED order_id=7479f3f6-6412-4862-8ade-6802b30cf070
[CONSUMER] Received message on partition 2
[CONSUMER] PERSISTED event_id=7050f95b-a3a5-427a-ba98-19b77a4ec434 type=INVENTORY_RESERVED order_id=de179f6b-c4ad-4a90-b83b-7efb3e64cf70
[CONSUMER] Received message on partition 1
[CONSUMER] PERSISTED event_id=adcf1473-f6e4-44a5-96eb-5c1a668d9c12 type=INVENTORY_RESERVED order_id=0ef37d66-fd5f-4a1b-9f97-f309cd63197a
[CONSUMER] Received message on partition 0
[CONSUMER] PERSISTED event_id=2600970e-59a3-4562-bf3f-7a2db292076d type=INVENTORY_RESERVED order_id=5b87ef8a-e694-4ed3-965a-75bb5de2a0c6
[CONSUMER] Received message on partition 2
[CONSUMER] PERSISTED event_id=b05bc887-7070-4827-8750-3a75db0a4529 type=INVENTORY_REJECTED order_id=6a42e04b-77f6-4dc3-a473-71353186053d
[CONSUMER] Received message on partition 2
[CONSUMER] PERSISTED event_id=e950f529-eb69-4e10-901a-6f13d29fb8bf type=INVENTORY_REJECTED order_id=b2a5ddcb-de5d-4724-af0b-75f8dfa69edb
[CONSUMER] Received message on partition 1
[CONSUMER] PERSISTED event_id=3e832a36-7906-4f5f-ae55-32455f681003 type=INVENTORY_REJECTED order_id=e6d033d7-b075-4723-81eb-4e77a588a14e
[CONSUMER] Received message on partition 2
[CONSUMER] PERSISTED event_id=0b22113c-87d3-49d5-9a7b-99c834db19b7 type=INVENTORY_REJECTED order_id=2f560e0e-f375-48cb-8590-40bda1d4064a
[CONSUMER] Received message on partition 0
[CONSUMER] PERSISTED event_id=6c4fe83f-bdb8-4974-9077-b7c543ba9c3d type=INVENTORY_RESERVED order_id=a45cdf69-274f-4f35-a45e-fd9a37efc62a
[CONSUMER] Received message on partition 1
[CONSUMER] PERSISTED event_id=0236d725-7123-459d-943e-cb7e84c4c1b3 type=INVENTORY_REJECTED order_id=fa5f8902-e125-4f8e-b3d4-3466a724116c
[CONSUMER] Received message on partition 1
[CONSUMER] PERSISTED event_id=f414d3e1-655f-4bb7-8cf7-b114673cd7c4 type=INVENTORY_RESERVED order_id=6585ad0d-5aa3-4df2-9096-d81d97040b46
[CONSUMER] Received message on partition 1
[CONSUMER] PERSISTED event_id=96d0bfc2-ee2f-4cc2-a7b2-5ae489e80c50 type=INVENTORY_REJECTED order_id=234db73f-7645-4d34-ad4e-3df59d0c45e5
[CONSUMER] Received message on partition 2
[CONSUMER] PERSISTED event_id=a8d5580b-ba50-41cb-9514-4d559ae6a52b type=INVENTORY_RESERVED order_id=702d94d5-70d9-4971-9caf-2332275b647e
[CONSUMER] Received message on partition 2
[CONSUMER] PERSISTED event_id=38070232-e7ff-4958-a580-afde611b2fa9 type=INVENTORY_RESERVED order_id=5ac67d93-d271-4959-846a-dd2aabede3d1
[CONSUMER] Received message on partition 1
[CONSUMER] PERSISTED event_id=e31b6357-f12d-4788-ba1a-8e77777b716e type=INVENTORY_RESERVED order_id=7c946336-b931-435b-a013-f61bab781ac9
[CONSUMER] Received message on partition 0
[CONSUMER] PERSISTED event_id=0097a3c8-a099-46ff-94b8-25d851b428bd type=INVENTORY_REJECTED order_id=d0daa22d-0f3c-49d8-8988-42cb717d5607
[CONSUMER] Received message on partition 0
[CONSUMER] PERSISTED event_id=e268dcd7-39ad-4405-b130-44b38c854e83 type=INVENTORY_RESERVED order_id=92b05177-2f49-48f1-96a5-ee03f037cd0f
[CONSUMER] Received message on partition 2
[CONSUMER] PERSISTED event_id=3191758d-ac27-41a3-98c8-7ef9af686b51 type=INVENTORY_RESERVED order_id=5854477c-8a6b-4c3e-ae06-d4b318c64723
[CONSUMER] Received message on partition 2
[CONSUMER] PERSISTED event_id=942621f9-768e-4dcf-9004-8b9cc2231a5d type=INVENTORY_REJECTED order_id=b0ac6489-2781-455b-b12b-aedf161b9406
[CONSUMER] Received message on partition 2
[CONSUMER] PERSISTED event_id=9c1ac137-a74c-4128-acf3-71d3337344d9 type=INVENTORY_REJECTED order_id=2d30b42e-23bc-4f9f-b3e3-d485be4a58cc
[CONSUMER] Received message on partition 0
[CONSUMER] PERSISTED event_id=a62762f2-6893-4046-b48d-9925c035076b type=INVENTORY_REJECTED order_id=4192ad91-d5b4-4147-9693-cff8e8444a29
[CONSUMER] Received message on partition 0
[CONSUMER] PERSISTED event_id=721c746a-d7a9-41b6-a428-e7d4ab6d1515 type=INVENTORY_RESERVED order_id=7c7f95e2-4fbe-4d1b-98b6-77b2fca0f2c6
[CONSUMER] Received message on partition 1
[CONSUMER] PERSISTED event_id=f0164d07-dda8-4daa-beb8-492be994e3aa type=INVENTORY_REJECTED order_id=b6d686c5-8394-4b1d-9540-d5f70c73a3ad
[CONSUMER] Received message on partition 0
[CONSUMER] PERSISTED event_id=f4ae1b7b-74d3-4dc4-afdf-b3b5114823bf type=INVENTORY_REJECTED order_id=e52d4cee-aa95-4e9f-9859-e9961cf2d001
[CONSUMER] Received message on partition 0
[CONSUMER] PERSISTED event_id=84f96a8c-eb16-4043-82c3-f4d0471508d0 type=INVENTORY_RESERVED order_id=c869be65-05b5-44e6-9f57-2884a0033b2d
[CONSUMER] Received message on partition 2
[CONSUMER] PERSISTED event_id=ba580e55-086d-4dce-978c-f0fbd564d773 type=INVENTORY_REJECTED order_id=3f9b9410-e09e-4808-ab92-fcc932406b67
[CONSUMER] Received message on partition 0
[CONSUMER] PERSISTED event_id=0d70d86b-aafc-4b3a-8f8d-e4a7c8b0f5ef type=INVENTORY_REJECTED order_id=72aefcd6-7d3b-48a6-9062-cf03f08b9e15
[CONSUMER] Received message on partition 0
[CONSUMER] PERSISTED event_id=9af31286-0089-4c37-8b97-5b6f0411ea90 type=INVENTORY_RESERVED order_id=8f999dc3-c1ae-4793-9125-2ce107391fbb
[CONSUMER] Received message on partition 1
[CONSUMER] PERSISTED event_id=0581f8bf-82d3-4774-b898-1d2c7ba17e94 type=INVENTORY_REJECTED order_id=ae9d769b-c0ae-4d21-b59a-04c43d93606d
[CONSUMER] Received message on partition 1
[CONSUMER] PERSISTED event_id=a76de7b8-10e5-4f31-b972-f535f56b7b4a type=INVENTORY_RESERVED order_id=16d2175c-e75d-41ce-ae33-085227eba482
[CONSUMER] Received message on partition 1
[CONSUMER] PERSISTED event_id=3e120d6e-d448-4870-8cac-23fc52bfffd9 type=INVENTORY_RESERVED order_id=0dfc9576-9834-4f41-aa29-abd8cf452adf
[CONSUMER] Received message on partition 2
[CONSUMER] PERSISTED event_id=79937c47-5ef4-437b-b585-40c77b8a6356 type=INVENTORY_REJECTED order_id=d6f527cf-ef6f-4658-9256-1366f59291d2
[CONSUMER] Received message on partition 2
[CONSUMER] PERSISTED event_id=062e75dc-2b09-46b4-bcf3-52a6c3fb6c44 type=INVENTORY_RESERVED order_id=57953e56-7c33-42e6-8f86-dc71ffa600f6
[CONSUMER] Received message on partition 1
[CONSUMER] PERSISTED event_id=58e8dd2f-2b15-45ce-8731-f3206b380956 type=INVENTORY_RESERVED order_id=0e32576a-480c-4bc4-838d-99eeea888d89
[CONSUMER] Received message on partition 0
[CONSUMER] PERSISTED event_id=34b69e7d-84d5-4f6c-a2df-6efe23513543 type=INVENTORY_RESERVED order_id=fdbe1061-89ac-4ade-82e3-d309e0185506
[CONSUMER] Received message on partition 0
[CONSUMER] PERSISTED event_id=e8d48dd9-667f-4887-8566-80f8bd88ae28 type=INVENTORY_REJECTED order_id=7fabfe2a-6ae4-4451-872a-a02f601f8d8e
[CONSUMER] Received message on partition 2
[CONSUMER] PERSISTED event_id=611efd36-9763-4dd8-8119-ea19ba4a6d69 type=INVENTORY_REJECTED order_id=bb9e3d54-c186-45a9-8d8f-b13f705c4fb6
[CONSUMER] Received message on partition 2
[CONSUMER] PERSISTED event_id=52a59f3b-3b8b-4556-88dd-b440e4809b67 type=INVENTORY_RESERVED order_id=89c6fd60-43f0-4881-b27e-639578c7216c
[CONSUMER] Received message on partition 0
[CONSUMER] PERSISTED event_id=9917b704-da3b-4fb1-acaa-d0e49acda6bb type=INVENTORY_REJECTED order_id=3d5cac24-56f9-43f2-8a26-fe467e8087a5
[CONSUMER] Received message on partition 1
[CONSUMER] PERSISTED event_id=ceea8849-e31b-4c35-b4f8-b2187367a790 type=INVENTORY_REJECTED order_id=7bc68a6b-54e7-425b-ba56-7b11a4ac397e
[CONSUMER] Received message on partition 1
[CONSUMER] PERSISTED event_id=e5988888-fbf3-4614-adc0-05d0500491b7 type=INVENTORY_RESERVED order_id=74855eba-4239-4061-8306-1c2f204bd1bb
[CONSUMER] Received message on partition 2
[CONSUMER] PERSISTED event_id=28b83ace-e06b-4aad-8145-dd3eb2f545e7 type=INVENTORY_RESERVED order_id=a4167045-3e1f-44c4-a924-ac38e962e777
[CONSUMER] Received message on partition 1
[CONSUMER] PERSISTED event_id=f59d2cd3-f101-4dc8-b1f0-448369dbdea1 type=INVENTORY_RESERVED order_id=39fc58da-0ad1-4ebe-9d21-8c40c5640fc9
[CONSUMER] Received message on partition 0
[CONSUMER] PERSISTED event_id=b4ea4e25-ba69-4f4b-a19d-52b9c6b138f7 type=INVENTORY_RESERVED order_id=c51376b4-386e-4a78-a23d-e345546f8c4b
[CONSUMER] Received message on partition 2
[CONSUMER] PERSISTED event_id=affab5df-908c-4f1f-9297-8d9a0437b52d type=INVENTORY_REJECTED order_id=80333a31-8526-4069-8bd1-9bef9c9fd64c
[CONSUMER] Received message on partition 0
[CONSUMER] PERSISTED event_id=19ba6192-035f-43aa-8549-8e80a480553c type=INVENTORY_REJECTED order_id=0395229c-f8e6-49be-b62e-b02af80ba068
[CONSUMER] Received message on partition 0
[CONSUMER] PERSISTED event_id=a1d5ddce-6a13-4df5-9da9-5dc0178729ea type=INVENTORY_RESERVED order_id=b5053e64-163a-48bd-8521-e68638b6bce0
[CONSUMER] Received message on partition 2
[CONSUMER] PERSISTED event_id=28ef8556-efa3-4a77-b53f-8e316a35d201 type=INVENTORY_REJECTED order_id=7c211cac-f04a-4ae6-88f7-99d679a7e9f2
[CONSUMER] Received message on partition 2
[CONSUMER] PERSISTED event_id=9b0b4192-0035-40da-ae30-6f97cf73d5e2 type=INVENTORY_RESERVED order_id=bd8b77c3-72e3-46e1-bf79-a1dd118dc5a3
[CONSUMER] Received message on partition 1
[CONSUMER] PERSISTED event_id=8511d083-3750-4127-8465-6ea0efb23a95 type=INVENTORY_REJECTED order_id=0908609f-08ad-444e-a08d-47da5e792448
[CONSUMER] Received message on partition 0
[CONSUMER] PERSISTED event_id=a9310ed2-b739-43b2-9c91-1f7c29ea2ed8 type=INVENTORY_RESERVED order_id=da733d65-5079-45a3-8ea8-bf8ad235aed9
[CONSUMER] Received message on partition 0
[CONSUMER] PERSISTED event_id=cbc3261f-e4c5-436d-a51a-0e695749e897 type=INVENTORY_RESERVED order_id=0a3da0f6-1548-465b-9242-afa362924bbb
[CONSUMER] Received message on partition 1
[CONSUMER] PERSISTED event_id=4ab230dd-bf57-4d8b-8bbb-341726e55ee9 type=INVENTORY_RESERVED order_id=581fd4bc-91cd-4beb-aae1-838ba3047b8d
[CONSUMER] Received message on partition 0
[CONSUMER] PERSISTED event_id=6ac2dff9-d57d-4eb4-a44c-6dd07ac7c022 type=INVENTORY_REJECTED order_id=ee819611-c156-4245-8677-60bd6cad4fcf
[CONSUMER] Received message on partition 0
[CONSUMER] PERSISTED event_id=624991d6-94d0-470c-ad84-e891c0714e57 type=INVENTORY_REJECTED order_id=11651344-29ed-43ef-81f5-95556c449ab7
[CONSUMER] Received message on partition 2
[CONSUMER] PERSISTED event_id=09a45ed3-143b-424e-b082-65b7cb3be68c type=INVENTORY_REJECTED order_id=4770bdbe-8650-4ecd-8d1c-03747a8e2fa0
[CONSUMER] Received message on partition 2
[CONSUMER] PERSISTED event_id=8022562c-8f90-4974-9e4b-29283930a791 type=INVENTORY_REJECTED order_id=834cce15-477d-4751-94c4-7c762a9b2ec5
[CONSUMER] Received message on partition 1
[CONSUMER] PERSISTED event_id=a63d48ff-ac6c-4b2e-b20c-afb40f836377 type=INVENTORY_REJECTED order_id=9ca351e4-4017-4be6-ad61-6c498dc9f57e
[CONSUMER] Received message on partition 2
[CONSUMER] PERSISTED event_id=04aeea39-bf2e-4fcb-8a72-ead6afcfbaf9 type=INVENTORY_REJECTED order_id=ef23f7f0-3979-4eeb-bd37-8eab88e0770c
[CONSUMER] Received message on partition 2
[CONSUMER] PERSISTED event_id=8d8cb1b2-e1f7-44c9-adfb-a0669de846be type=INVENTORY_REJECTED order_id=20e22d7f-1d61-49de-874f-e3a26935a8f4
[CONSUMER] Received message on partition 1
[CONSUMER] PERSISTED event_id=7ec97ef5-e3cd-49e9-9f72-8dc34f4972ee type=INVENTORY_REJECTED order_id=93be37a9-fb5f-46ae-b92d-8315f071eda4
[CONSUMER] Received message on partition 2
[CONSUMER] PERSISTED event_id=6bd06ea0-c136-4426-a4d8-ef62872bf995 type=INVENTORY_REJECTED order_id=5abfefde-5b3b-4686-82ce-09ec22b4b4eb
[CONSUMER] Received message on partition 2
[CONSUMER] PERSISTED event_id=2449943c-a5e9-4c82-862b-507f9fbcaf88 type=INVENTORY_REJECTED order_id=d613ac81-3ba3-46a0-bc1d-7347dcead4a2
[CONSUMER] Received message on partition 1
[CONSUMER] PERSISTED event_id=4f2431dd-4514-4f56-83f7-3c52e53f28fc type=INVENTORY_REJECTED order_id=ae884a51-c99d-46e9-8351-380feb15435f
[CONSUMER] Received message on partition 0
[CONSUMER] PERSISTED event_id=c313068b-a7c8-4cf6-8c10-9c8bb7865873 type=INVENTORY_REJECTED order_id=0a6eaa57-f4a2-4126-9956-feba9b1fabae
[CONSUMER] Received message on partition 0
[CONSUMER] PERSISTED event_id=a3a0e80b-d35f-44de-8f65-3f7f82ebd862 type=INVENTORY_REJECTED order_id=1549ba12-3eee-4fe0-aedd-ba56d35631c8
[CONSUMER] Received message on partition 2
[CONSUMER] PERSISTED event_id=f60d8734-2cc8-409a-9e14-0bc25cce3508 type=INVENTORY_RESERVED order_id=dbfa9f61-6ea4-49c7-90c7-e33e04eea992
[CONSUMER] Received message on partition 1
[CONSUMER] PERSISTED event_id=2fa9c949-9db2-49be-a796-2ec017e4c2dd type=INVENTORY_REJECTED order_id=36e6c1c1-25ed-4ec8-a981-7e0556e85f3f
[CONSUMER] Received message on partition 1
[CONSUMER] PERSISTED event_id=f620614a-e3c4-421c-a59c-1ef41c0aeaba type=INVENTORY_REJECTED order_id=bac1f83e-96df-4fb7-88a4-36ca0654eec9
[CONSUMER] Received message on partition 1
[CONSUMER] PERSISTED event_id=d5e18e3f-c07f-4f5a-bc41-21e4b3555173 type=INVENTORY_REJECTED order_id=91d76869-6b41-4d6f-96e3-b537b0c1a52e
[CONSUMER] Received message on partition 2
[CONSUMER] PERSISTED event_id=1ae6be69-841f-412e-a723-eeae231a062e type=INVENTORY_REJECTED order_id=4d3a2975-6d29-4044-9112-1a73c20fa393
[CONSUMER] Received message on partition 1
[CONSUMER] PERSISTED event_id=803b4b0c-2e12-4001-a262-f81d5fd60d46 type=INVENTORY_REJECTED order_id=5138a3b4-89ae-42e0-92dc-8651f4c2240d
[CONSUMER] Received message on partition 1
[CONSUMER] PERSISTED event_id=6d8b3d43-efb9-4d41-bb9a-a144f3c76733 type=INVENTORY_REJECTED order_id=ef98260c-baf9-455d-b92e-e0fa22d610bd
[CONSUMER] Received message on partition 0
[CONSUMER] PERSISTED event_id=9ac9dd95-0383-4d67-9445-793546ea163a type=INVENTORY_REJECTED order_id=e535c65b-af2e-4f53-a929-dbd1f344c736
[CONSUMER] Received message on partition 0
[CONSUMER] PERSISTED event_id=0e768588-31e6-49c9-adcf-f72d7ccf140d type=INVENTORY_REJECTED order_id=bbe54372-16e7-4e54-988e-9367e170e820
[CONSUMER] Received message on partition 0
[CONSUMER] PERSISTED event_id=1d8b10e9-f62e-4118-9283-d7d1b7f25311 type=INVENTORY_REJECTED order_id=96590db2-2412-4926-abd2-a9d14181629a
[CONSUMER] Received message on partition 1
[CONSUMER] PERSISTED event_id=baacd28a-373a-4a47-9cd6-b39864b975dc type=INVENTORY_REJECTED order_id=d30f8dcd-66de-4c66-a0b4-799c6ccbffbe
[CONSUMER] Received message on partition 1
[CONSUMER] PERSISTED event_id=1e4b7f69-30f6-4ac0-82d9-f6d12f67eb07 type=INVENTORY_REJECTED order_id=1d7a3671-e3fc-49d1-8a68-750ed1774470
[CONSUMER] Received message on partition 0
[CONSUMER] PERSISTED event_id=1ec6dd47-9c81-4244-aa1d-35ed5be0d2bb type=INVENTORY_REJECTED order_id=29e27d38-bd16-4015-8fd7-7b947630134d
[CONSUMER] Received message on partition 0
[CONSUMER] PERSISTED event_id=83a6b90d-80b6-44f5-a8c3-80c220c1b5d7 type=INVENTORY_REJECTED order_id=bd181e6f-3298-44b8-84ac-0e6e6bd66d42
[CONSUMER] Received message on partition 2
[CONSUMER] PERSISTED event_id=f236b701-4585-4395-853f-1cb9660cb144 type=INVENTORY_REJECTED order_id=a0d23772-c9ff-441b-a460-c91af848fee5
[CONSUMER] Received message on partition 0
[CONSUMER] PERSISTED event_id=042d0456-b980-4896-aed0-b8fd78e0aa79 type=INVENTORY_REJECTED order_id=d6429499-3229-401e-b540-c2546693f18b
[CONSUMER] Received message on partition 0
[CONSUMER] PERSISTED event_id=3353b457-625a-4035-b8f7-36656f8fa36b type=INVENTORY_REJECTED order_id=1c25f835-2197-41b8-b9a4-9a1bf22c9226
[CONSUMER] Received message on partition 0
[CONSUMER] PERSISTED event_id=a4f8117a-58dc-49b8-adb4-130e1a2cffbc type=INVENTORY_REJECTED order_id=4aa250f5-4cd6-4210-95a2-af4cf7a5861d
[CONSUMER] Received message on partition 2
[CONSUMER] PERSISTED event_id=735cc46f-af60-459c-bc15-3106f8702adb type=INVENTORY_REJECTED order_id=45d54d2c-6797-49df-8aea-504927a8269b
[CONSUMER] Received message on partition 2
[CONSUMER] PERSISTED event_id=bb0d0d94-bed0-4eee-b6bf-155620477de0 type=INVENTORY_RESERVED order_id=000ddea5-eb33-4a11-a610-17403f30a3b0
[CONSUMER] Received message on partition 1
[CONSUMER] PERSISTED event_id=0b8128ef-abac-441c-95a9-eb794c1ae3b1 type=INVENTORY_REJECTED order_id=6b24ed0c-1799-4062-96bd-38d728afc6b0
[CONSUMER] Received message on partition 1
[CONSUMER] PERSISTED event_id=64d04e35-9c1d-4af0-9eac-9f1848921684 type=INVENTORY_REJECTED order_id=5535511a-7b09-45e5-9001-68a0e8f02cb6
[CONSUMER] Received message on partition 1
[CONSUMER] PERSISTED event_id=a23d023f-6002-48b4-990f-99723e21f27a type=INVENTORY_REJECTED order_id=344718b6-3a21-4ca1-97ac-1429abfcbd7b
[CONSUMER] Received message on partition 0
[CONSUMER] PERSISTED event_id=5decbfd0-635c-4d8a-9888-b8770e6143b5 type=INVENTORY_REJECTED order_id=6b2ad2e4-6031-4d35-90bf-f7e5dff1ae7d
[CONSUMER] Received message on partition 2
[CONSUMER] PERSISTED event_id=10c0fc55-2037-4200-aee7-eb5db2ba6f56 type=INVENTORY_REJECTED order_id=cc25ea4d-86c4-4ab5-80e1-11bf67a02f94
[CONSUMER] Received message on partition 0
[CONSUMER] PERSISTED event_id=b67b9d48-3a14-4090-a210-e0d445d47031 type=INVENTORY_REJECTED order_id=95da349c-cbd1-43b5-b949-4d91eed40c9a
