[PRODUCER] Sent invalid message order_id=d10b03af-1a0a-4e35-b113-a27ab0692062
[PRODUCER] ORDER_CREATED order_id=db10e5d5-f245-453b-a05f-c1c2fcccf5a9 color=pink size=L qty=2
[PRODUCER] ORDER_CREATED order_id=e26194b2-bbae-4418-80c8-65d79a62c2d8 color=white size=M qty=3
[PRODUCER] Sent invalid message order_id=968ff956-29ae-434c-9736-7ca0edf9dc38
[PRODUCER] Sent invalid message order_id=f8d41eb2-3ea7-46cb-920d-edc2b2457762
[PRODUCER] ORDER_CREATED order_id=bad0e375-f2e4-4f9e-bc17-1d4dcef1e174 color=red size=XL qty=1
[PRODUCER] ORDER_CREATED order_id=69b0cd58-622c-4e7c-a1df-366f0bb67f7d color=black size=XL qty=1
[PRODUCER] ORDER_CREATED order_id=92cd5717-d9b4-40d3-8fe8-ec87261d8f14 color=red size=XL qty=1
[PRODUCER] ORDER_CREATED order_id=d634e613-165d-480c-aee8-5793f01cf6a5 color=white size=L qty=3
[PRODUCER] ORDER_CREATED order_id=95347b81-1815-4fca-8353-26effdb10358 color=black size=M qty=2
[PRODUCER] Sent invalid message order_id=2bbc016a-1747-4218-bb6d-cc34c6cbb78c
[PRODUCER] ORDER_CREATED order_id=bca492bb-3892-448a-9428-2f564d4a37fa color=black size=S qty=1
[PRODUCER] ORDER_CREATED order_id=7479f3f6-6412-4862-8ade-6802b30cf070 color=white size=L qty=2
[PRODUCER] ORDER_CREATED order_id=de179f6b-c4ad-4a90-b83b-7efb3e64cf70 color=white size=M qty=2
[PRODUCER] ORDER_CREATED order_id=0ef37d66-fd5f-4a1b-9f97-f309cd63197a color=red size=S qty=2
[PRODUCER] ORDER_CREATED order_id=5b87ef8a-e694-4ed3-965a-75bb5de2a0c6 color=red size=S qty=2
[PRODUCER] Sent invalid message order_id=b1d4bf41-bced-4809-8bf0-358a1dd4c295
[PRODUCER] Sent invalid message order_id=e35ab491-abf2-424d-bccb-d79b557ed111
[PRODUCER] ORDER_CREATED order_id=6a42e04b-77f6-4dc3-a473-71353186053d color=red size=XL qty=3
[PRODUCER] Sent invalid message order_id=c3174b77-5928-4e18-a4ea-595358ebca65
[PRODUCER] Sent invalid message order_id=11f8a401-2d22-425d-adbd-7ea276ab7dd4
[PRODUCER] ORDER_CREATED order_id=b2a5ddcb-de5d-4724-af0b-75f8dfa69edb color=black size=S qty=3
[PRODUCER] ORDER_CREATED order_id=e6d033d7-b075-4723-81eb-4e77a588a14e color=black size=S qty=3
[PRODUCER] ORDER_CREATED order_id=2f560e0e-f375-48cb-8590-40bda1d4064a color=black size=M qty=2
[PRODUCER] ORDER_CREATED order_id=a45cdf69-274f-4f35-a45e-fd9a37efc62a color=pink size=L qty=3
[PRODUCER] Sent invalid message order_id=77675cf1-accf-400a-9a44-75c4b6b58e8a
[PRODUCER] ORDER_CREATED order_id=fa5f8902-e125-4f8e-b3d4-3466a724116c color=black size=M qty=3
[PRODUCER] ORDER_CREATED order_id=6585ad0d-5aa3-4df2-9096-d81d97040b46 color=red size=S qty=1
[PRODUCER] ORDER_CREATED order_id=234db73f-7645-4d34-ad4e-3df59d0c45e5 color=red size=L qty=3
[PRODUCER] ORDER_CREATED order_id=702d94d5-70d9-4971-9caf-2332275b647e color=white size=XL qty=2
[PRODUCER] Sent invalid message order_id=75f0310f-bafa-4573-8118-18cc8660c564
[PRODUCER] ORDER_CREATED order_id=5ac67d93-d271-4959-846a-dd2aabede3d1 color=red size=L qty=1
[PRODUCER] Sent invalid message order_id=c28a31bc-d5bf-46ac-91b4-e077a4c8a67a
[PRODUCER] ORDER_CREATED order_id=7c946336-b931-435b-a013-f61bab781ac9 color=red size=M qty=1
[PRODUCER] Sent invalid message order_id=47dfc49a-2f3a-4f63-a0e7-dbc68d54ae4f
[PRODUCER] ORDER_CREATED order_id=d0daa22d-0f3c-49d8-8988-42cb717d5607 color=white size=S qty=3
[PRODUCER] Sent invalid message order_id=1914fab3-fd74-4a78-9946-98db73156766
[PRODUCER] ORDER_CREATED order_id=92b05177-2f49-48f1-96a5-ee03f037cd0f color=pink size=M qty=2
[PRODUCER] ORDER_CREATED order_id=5854477c-8a6b-4c3e-ae06-d4b318c64723 color=red size=S qty=1
[PRODUCER] ORDER_CREATED order_id=b0ac6489-2781-455b-b12b-aedf161b9406 color=black size=M qty=2
[PRODUCER] ORDER_CREATED order_id=2d30b42e-23bc-4f9f-b3e3-d485be4a58cc color=pink size=XL qty=2
[PRODUCER] ORDER_CREATED order_id=4192ad91-d5b4-4147-9693-cff8e8444a29 color=black size=XL qty=3
[PRODUCER] ORDER_CREATED order_id=7c7f95e2-4fbe-4d1b-98b6-77b2fca0f2c6 color=black size=L qty=1
[PRODUCER] ORDER_CREATED order_id=b6d686c5-8394-4b1d-9540-d5f70c73a3ad color=red size=L qty=3
[PRODUCER] ORDER_CREATED order_id=e52d4cee-aa95-4e9f-9859-e9961cf2d001 color=black size=S qty=3
[PRODUCER] ORDER_CREATED order_id=c869be65-05b5-44e6-9f57-2884a0033b2d color=pink size=S qty=2
[PRODUCER] ORDER_CREATED order_id=3f9b9410-e09e-4808-ab92-fcc932406b67 color=red size=XL qty=1
[PRODUCER] Sent invalid message order_id=f86d4171-521f-4356-b5cb-0a748220b705
[PRODUCER] ORDER_CREATED order_id=72aefcd6-7d3b-48a6-9062-cf03f08b9e15 color=red size=XL qty=1
[PRODUCER] ORDER_CREATED order_id=8f999dc3-c1ae-4793-9125-2ce107391fbb color=white size=M qty=2
[PRODUCER] Sent invalid message order_id=bcb44792-a060-41ff-b53a-100b69b22ea0
[PRODUCER] ORDER_CREATED order_id=ae9d769b-c0ae-4d21-b59a-04c43d93606d color=black size=XL qty=1
[PRODUCER] Sent invalid message order_id=e11a841c-f338-4db3-b958-8a2a305a3ecf
[PRODUCER] Sent invalid message order_id=70a66314-7e2a-45a7-b6aa-20a8d03ee1a1
[PRODUCER] ORDER_CREATED order_id=16d2175c-e75d-41ce-ae33-085227eba482 color=red size=S qty=2
[PRODUCER] ORDER_CREATED order_id=0dfc9576-9834-4f41-aa29-abd8cf452adf color=pink size=S qty=2
[PRODUCER] ORDER_CREATED order_id=d6f527cf-ef6f-4658-9256-1366f59291d2 color=black size=S qty=2
[PRODUCER] ORDER_CREATED order_id=57953e56-7c33-42e6-8f86-dc71ffa600f6 color=pink size=L qty=1
[PRODUCER] ORDER_CREATED order_id=0e32576a-480c-4bc4-838d-99eeea888d89 color=pink size=M qty=1
[PRODUCER] ORDER_CREATED order_id=fdbe1061-89ac-4ade-82e3-d309e0185506 color=red size=M qty=3
[PRODUCER] ORDER_CREATED order_id=7fabfe2a-6ae4-4451-872a-a02f601f8d8e color=pink size=XL qty=1
[PRODUCER] ORDER_CREATED order_id=bb9e3d54-c186-45a9-8d8f-b13f705c4fb6 color=black size=M qty=2
[PRODUCER] ORDER_CREATED order_id=89c6fd60-43f0-4881-b27e-639578c7216c color=pink size=S qty=1
[PRODUCER] ORDER_CREATED order_id=3d5cac24-56f9-43f2-8a26-fe467e8087a5 color=red size=M qty=1
[PRODUCER] ORDER_CREATED order_id=7bc68a6b-54e7-425b-ba56-7b11a4ac397e color=white size=M qty=1
[PRODUCER] ORDER_CREATED order_id=74855eba-4239-4061-8306-1c2f204bd1bb color=red size=L qty=1
[PRODUCER] ORDER_CREATED order_id=a4167045-3e1f-44c4-a924-ac38e962e777 color=red size=S qty=1
[PRODUCER] ORDER_CREATED order_id=39fc58da-0ad1-4ebe-9d21-8c40c5640fc9 color=white size=XL qty=1
[PRODUCER] Sent invalid message order_id=c3347334-1314-452b-9b0f-6ddce5fbd3d6
[PRODUCER] ORDER_CREATED order_id=c51376b4-386e-4a78-a23d-e345546f8c4b color=pink size=S qty=1
[PRODUCER] ORDER_CREATED order_id=80333a31-8526-4069-8bd1-9bef9c9fd64c color=white size=L qty=3
[PRODUCER] ORDER_CREATED order_id=0395229c-f8e6-49be-b62e-b02af80ba068 color=black size=M qty=2
[PRODUCER] Sent invalid message order_id=d678f4a3-9049-4be5-a05b-17a24040e39e
[PRODUCER] ORDER_CREATED order_id=b5053e64-163a-48bd-8521-e68638b6bce0 color=black size=M qty=1
[PRODUCER] ORDER_CREATED order_id=7c211cac-f04a-4ae6-88f7-99d679a7e9f2 color=red size=S qty=2
[PRODUCER] ORDER_CREATED order_id=bd8b77c3-72e3-46e1-bf79-a1dd118dc5a3 color=pink size=L qty=3
[PRODUCER] ORDER_CREATED order_id=0908609f-08ad-444e-a08d-47da5e792448 color=white size=L qty=3
[PRODUCER] ORDER_CREATED order_id=da733d65-5079-45a3-8ea8-bf8ad235aed9 color=black size=L qty=3
[PRODUCER] ORDER_CREATED order_id=0a3da0f6-1548-465b-9242-afa362924bbb color=pink size=M qty=3
[PRODUCER] ORDER_CREATED order_id=581fd4bc-91cd-4beb-aae1-838ba3047b8d color=white size=XL qty=2
[PRODUCER] ORDER_CREATED order_id=ee819611-c156-4245-8677-60bd6cad4fcf color=white size=M qty=2
[PRODUCER] Sent invalid message order_id=10be2643-e8ab-4e2b-b26d-edd81a2a931f
[PRODUCER] ORDER_CREATED order_id=11651344-29ed-43ef-81f5-95556c449ab7 color=pink size=M qty=2
[PRODUCER] ORDER_CREATED order_id=4770bdbe-8650-4ecd-8d1c-03747a8e2fa0 color=white size=L qty=2
[PRODUCER] ORDER_CREATED order_id=834cce15-477d-4751-94c4-7c762a9b2ec5 color=white size=M qty=3
[PRODUCER] ORDER_CREATED order_id=9ca351e4-4017-4be6-ad61-6c498dc9f57e color=red size=M qty=2
[PRODUCER] ORDER_CREATED order_id=ef23f7f0-3979-4eeb-bd37-8eab88e0770c color=white size=M qty=1
[PRODUCER] ORDER_CREATED order_id=20e22d7f-1d61-49de-874f-e3a26935a8f4 color=red size=M qty=3
[PRODUCER] ORDER_CREATED order_id=93be37a9-fb5f-46ae-b92d-8315f071eda4 color=red size=M qty=2
[PRODUCER] Sent invalid message order_id=3cb94721-6fd3-4bcf-be40-cd8096f5b913
[PRODUCER] ORDER_CREATED order_id=5abfefde-5b3b-4686-82ce-09ec22b4b4eb color=white size=XL qty=3
[PRODUCER] ORDER_CREATED order_id=d613ac81-3ba3-46a0-bc1d-7347dcead4a2 color=white size=M qty=2
[PRODUCER] ORDER_CREATED order_id=ae884a51-c99d-46e9-8351-380feb15435f color=pink size=XL qty=3
[PRODUCER] ORDER_CREATED order_id=0a6eaa57-f4a2-4126-9956-feba9b1fabae color=black size=M qty=3
[PRODUCER] ORDER_CREATED order_id=1549ba12-3eee-4fe0-aedd-ba56d35631c8 color=black size=M qty=3
[PRODUCER] ORDER_CREATED order_id=dbfa9f61-6ea4-49c7-90c7-e33e04eea992 color=pink size=S qty=2
[PRODUCER] Sent invalid message order_id=7907c5d1-042a-46c9-ad61-2b7db97d1d19
[PRODUCER] ORDER_CREATED order_id=36e6c1c1-25ed-4ec8-a981-7e0556e85f3f color=pink size=S qty=3
[PRODUCER] ORDER_CREATED order_id=bac1f83e-96df-4fb7-88a4-36ca0654eec9 color=white size=L qty=2
[PRODUCER] ORDER_CREATED order_id=91d76869-6b41-4d6f-96e3-b537b0c1a52e color=red size=L qty=3
[PRODUCER] ORDER_CREATED order_id=4d3a2975-6d29-4044-9112-1a73c20fa393 color=white size=XL qty=3
[PRODUCER] ORDER_CREATED order_id=5138a3b4-89ae-42e0-92dc-8651f4c2240d color=pink size=L qty=2
[PRODUCER] ORDER_CREATED order_id=ef98260c-baf9-455d-b92e-e0fa22d610bd color=red size=S qty=2
[PRODUCER] ORDER_CREATED order_id=e535c65b-af2e-4f53-a929-dbd1f344c736 color=red size=XL qty=1
[PRODUCER] Sent invalid message order_id=b927882a-35b1-4c5d-a5a7-9ab5c4998299
[PRODUCER] Sent invalid message order_id=41b108c6-80af-427e-b2d2-ab0694e4ef38
[PRODUCER] ORDER_CREATED order_id=bbe54372-16e7-4e54-988e-9367e170e820 color=pink size=XL qty=2
[PRODUCER] ORDER_CREATED order_id=96590db2-2412-4926-abd2-a9d14181629a color=red size=L qty=3
[PRODUCER] ORDER_CREATED order_id=d30f8dcd-66de-4c66-a0b4-799c6ccbffbe color=red size=S qty=3
[PRODUCER] Sent invalid message order_id=92358bc3-19d1-45a1-bdfd-c3e444d12c51
[PRODUCER] ORDER_CREATED order_id=1d7a3671-e3fc-49d1-8a68-750ed1774470 color=pink size=XL qty=3
[PRODUCER] ORDER_CREATED order_id=29e27d38-bd16-4015-8fd7-7b947630134d color=red size=XL qty=1
[PRODUCER] ORDER_CREATED order_id=bd181e6f-3298-44b8-84ac-0e6e6bd66d42 color=pink size=S qty=3
[PRODUCER] ORDER_CREATED order_id=a0d23772-c9ff-441b-a460-c91af848fee5 color=black size=XL qty=2
[PRODUCER] ORDER_CREATED order_id=d6429499-3229-401e-b540-c2546693f18b color=pink size=L qty=3
[PRODUCER] ORDER_CREATED order_id=1c25f835-2197-41b8-b9a4-9a1bf22c9226 color=red size=XL qty=1
[PRODUCER] ORDER_CREATED order_id=4aa250f5-4cd6-4210-95a2-af4cf7a5861d color=white size=XL qty=3
[PRODUCER] Sent invalid message order_id=bf9fe777-d90f-4c82-809d-fa24b396c083
[PRODUCER] Sent invalid message order_id=0c34f1bf-2aa7-4525-88fc-154b87544a59
[PRODUCER] ORDER_CREATED order_id=45d54d2c-6797-49df-8aea-504927a8269b color=white size=XL qty=3
[PRODUCER] ORDER_CREATED order_id=000ddea5-eb33-4a11-a610-17403f30a3b0 color=white size=L qty=1
[PRODUCER] ORDER_CREATED order_id=6b24ed0c-1799-4062-96bd-38d728afc6b0 color=red size=L qty=3
[PRODUCER] Sent invalid message order_id=0d4967ea-a9e6-40f0-b8ff-2765eb0da82d
[PRODUCER] ORDER_CREATED order_id=5535511a-7b09-45e5-9001-68a0e8f02cb6 color=black size=M qty=3
[PRODUCER] ORDER_CREATED order_id=344718b6-3a21-4ca1-97ac-1429abfcbd7b color=pink size=XL qty=1
[PRODUCER] ORDER_CREATED order_id=6b2ad2e4-6031-4d35-90bf-f7e5dff1ae7d color=pink size=XL qty=3
[PRODUCER] ORDER_CREATED order_id=cc25ea4d-86c4-4ab5-80e1-11bf67a02f94 color=white size=L qty=3
[PRODUCER] Sent invalid message order_id=82864ecf-c250-447d-95a7-b7baada6da56
[PRODUCER] ORDER_CREATED order_id=95da349c-cbd1-43b5-b949-4d91eed40c9a color=black size=L qty=2
