[PRODUCER-CONSUMER] Inventory service started.
[PRODUCER-CONSUMER] Initial stock: {'black_S': 15.0, 'black_M': 15.0, 'black_L': 15.0, 'black_XL': 15.0, 'white_S': 15.0, 'white_M': 15.0, 'white_L': 15.0, 'white_XL': 15.0, 'red_S': 15.0, 'red_M': 15.0, 'red_L': 15.0, 'red_XL': 15.0, 'pink_S': 15.0, 'pink_M': 15.0, 'pink_L': 15.0, 'pink_XL': 15.0}
[PRODUCER-CONSUMER] Assigned partition 0 of topic 'tee.orders'
[PRODUCER-CONSUMER] Assigned partition 1 of topic 'tee.orders'
[PRODUCER-CONSUMER] Assigned partition 2 of topic 'tee.orders'
[PRODUCER-CONSUMER] Received message on partition 0
[PRODUCER-CONSUMER] ORDER OK order_id=a1b9a802-f104-4028-94b8-5121ee28c997 black/S qty=2 stock_after=13.0
[PRODUCER-CONSUMER] Received message on partition 0
[PRODUCER-CONSUMER] ORDER OK order_id=706c5022-310a-44e8-9555-a64dba149403 white/L qty=1 stock_after=14.0
[PRODUCER-CONSUMER] Received message on partition 0
[PRODUCER-CONSUMER] -> DLQ reason=INVALID_JSON order_id=None
[PRODUCER-CONSUMER] Received message on partition 0
[PRODUCER-CONSUMER] ORDER OK order_id=ec32845e-48ae-4eb6-b3a1-2a8863f7bd9c black/M qty=2 stock_after=13.0
[PRODUCER-CONSUMER] Received message on partition 0
[PRODUCER-CONSUMER] ORDER OK order_id=1dd1523b-3e4a-41b7-941f-e3d101dd48c3 white/L qty=3 stock_after=11.0
[PRODUCER-CONSUMER] Received message on partition 0
[PRODUCER-CONSUMER] ORDER OK order_id=0c008c38-86c5-4977-b2b9-b1d7f25dd0d7 red/XL qty=2 stock_after=13.0
[PRODUCER-CONSUMER] Received message on partition 0
[PRODUCER-CONSUMER] ORDER OK order_id=db801472-b288-4774-bed3-8f2737b8690b white/L qty=1 stock_after=10.0
[PRODUCER-CONSUMER] Received message on partition 0
[PRODUCER-CONSUMER] -> DLQ reason=INVALID_JSON order_id=None
[PRODUCER-CONSUMER] Received message on partition 0
[PRODUCER-CONSUMER] ORDER OK order_id=458b451e-af7f-4a2d-87ca-80dd5b46b4bf black/XL qty=1 stock_after=14.0
[PRODUCER-CONSUMER] Received message on partition 0
[PRODUCER-CONSUMER] -> DLQ reason=INVALID_JSON order_id=None
[PRODUCER-CONSUMER] Received message on partition 0
[PRODUCER-CONSUMER] ORDER OK order_id=7bd56155-5534-41ce-8d62-b9e9f5f6fe4b red/XL qty=3 stock_after=10.0
[PRODUCER-CONSUMER] Received message on partition 0
[PRODUCER-CONSUMER] ORDER OK order_id=dc3d9808-b0eb-46dd-9c8b-74eb4db4249a white/XL qty=3 stock_after=12.0
[PRODUCER-CONSUMER] Received message on partition 0
[PRODUCER-CONSUMER] ORDER OK order_id=e9531407-ef36-4717-ad95-7b4f69cdc4e3 red/L qty=1 stock_after=14.0
[PRODUCER-CONSUMER] Received message on partition 0
[PRODUCER-CONSUMER] ORDER OK order_id=7fda2d3c-f17a-4921-adb1-f76274380ad2 black/XL qty=3 stock_after=11.0
[PRODUCER-CONSUMER] Received message on partition 0
[PRODUCER-CONSUMER] ORDER OK order_id=ce743816-09a7-436e-9eaa-b46adb25347e red/L qty=1 stock_after=13.0
[PRODUCER-CONSUMER] Received message on partition 0
[PRODUCER-CONSUMER] ORDER OK order_id=aa925f99-1b6b-43f6-8fae-eb817554d801 black/S qty=2 stock_after=11.0
[PRODUCER-CONSUMER] Received message on partition 0
[PRODUCER-CONSUMER] -> DLQ reason=INVALID_JSON order_id=None
[PRODUCER-CONSUMER] Received message on partition 0
[PRODUCER-CONSUMER] ORDER OK order_id=e9ca4ec8-f66b-41d1-82a4-c350e54af429 red/M qty=1 stock_after=14.0
[PRODUCER-CONSUMER] Received message on partition 0
[PRODUCER-CONSUMER] ORDER OK order_id=50164d99-6c99-4efe-b29d-6ee28620df2a white/S qty=3 stock_after=12.0
[PRODUCER-CONSUMER] Received message on partition 0
[PRODUCER-CONSUMER] ORDER OK order_id=1e104d08-1e22-4c26-bd08-f983a753fa03 black/M qty=2 stock_after=11.0
[PRODUCER-CONSUMER] Received message on partition 0
[PRODUCER-CONSUMER] ORDER OK order_id=0a189235-dba7-4ec4-ba17-db5701c3049f red/S qty=1 stock_after=14.0
[PRODUCER-CONSUMER] Received message on partition 0
[PRODUCER-CONSUMER] ORDER OK order_id=1fae2d58-8b42-42ad-85ff-5f4ccda05f65 black/M qty=2 stock_after=9.0
[PRODUCER-CONSUMER] Received message on partition 0
[PRODUCER-CONSUMER] ORDER OK order_id=0ae23c9b-595b-488b-a3e2-dcf2c245e545 pink/M qty=1 stock_after=14.0
[PRODUCER-CONSUMER] Received message on partition 0
[PRODUCER-CONSUMER] ORDER OK order_id=e5482a3e-f39c-4a22-8976-8bebe741dccf black/S qty=3 stock_after=8.0
[PRODUCER-CONSUMER] Received message on partition 0
[PRODUCER-CONSUMER] ORDER OK order_id=81eb1c1d-37fd-48f1-be4d-8ef7bc210cfb black/L qty=1 stock_after=14.0
[PRODUCER-CONSUMER] Received message on partition 0
[PRODUCER-CONSUMER] ORDER OK order_id=68a0523e-60ab-4d3d-99d5-b3acaf406caf white/S qty=1 stock_after=11.0
[PRODUCER-CONSUMER] Received message on partition 0
[PRODUCER-CONSUMER] ORDER OK order_id=7fa3f249-4b64-4aa0-8eb5-4d8accd5c58b black/L qty=3 stock_after=11.0
[PRODUCER-CONSUMER] Received message on partition 0
[PRODUCER-CONSUMER] ORDER OK order_id=6ffe7ca3-905d-4ad5-9d8d-b84cec581743 red/XL qty=3 stock_after=7.0
[PRODUCER-CONSUMER] Received message on partition 0
[PRODUCER-CONSUMER] ORDER OK order_id=e3b1b640-03a4-4416-bad2-c0f16badf1df black/M qty=2 stock_after=7.0
[PRODUCER-CONSUMER] Received message on partition 0
[PRODUCER-CONSUMER] ORDER OK order_id=696d78da-1cb7-480c-b6f6-952128cdb5db pink/M qty=2 stock_after=12.0
[PRODUCER-CONSUMER] Received message on partition 0
[PRODUCER-CONSUMER] ORDER OK order_id=627a574e-dbd0-45f7-ac2d-0229202308af pink/XL qty=2 stock_after=13.0
[PRODUCER-CONSUMER] Received message on partition 0
[PRODUCER-CONSUMER] ORDER OK order_id=a6417a31-519d-4aa8-a589-d399b630a5fb red/XL qty=1 stock_after=6.0
[PRODUCER-CONSUMER] Received message on partition 0
[PRODUCER-CONSUMER] ORDER OK order_id=0e28e829-1650-4d29-ad3a-898c7f9520d7 black/XL qty=1 stock_after=10.0
[PRODUCER-CONSUMER] Received message on partition 0
[PRODUCER-CONSUMER] ORDER OK order_id=32225f31-14d4-4e9f-ac65-8bf2b3c11965 pink/XL qty=3 stock_after=10.0
[PRODUCER-CONSUMER] Received message on partition 0
[PRODUCER-CONSUMER] ORDER OK order_id=9e87b5ee-4a0f-44c1-9301-23044087a379 white/L qty=1 stock_after=9.0
[PRODUCER-CONSUMER] Received message on partition 0
[PRODUCER-CONSUMER] ORDER OK order_id=8744c281-a6cc-456c-aefd-83d047b18529 pink/S qty=3 stock_after=12.0
[PRODUCER-CONSUMER] Received message on partition 0
[PRODUCER-CONSUMER] ORDER OK order_id=5d2665d2-56b2-4e4e-b956-73a5aac76353 black/S qty=1 stock_after=7.0
[PRODUCER-CONSUMER] Received message on partition 0
[PRODUCER-CONSUMER] ORDER OK order_id=466fc72a-5d41-4279-a735-fff38a7a6434 red/L qty=3 stock_after=10.0
[PRODUCER-CONSUMER] Received message on partition 0
[PRODUCER-CONSUMER] -> DLQ reason=INVALID_JSON order_id=None
[PRODUCER-CONSUMER] Received message on partition 0
[PRODUCER-CONSUMER] -> DLQ reason=INVALID_JSON order_id=None
[PRODUCER-CONSUMER] Received message on partition 0
[PRODUCER-CONSUMER] ORDER OK order_id=0aefdeeb-b691-47e5-ac50-5823777cae36 pink/XL qty=1 stock_after=9.0
[PRODUCER-CONSUMER] Received message on partition 0
[PRODUCER-CONSUMER] -> DLQ reason=INVALID_JSON order_id=None
[PRODUCER-CONSUMER] Received message on partition 0
[PRODUCER-CONSUMER] ORDER OK order_id=e26194b2-bbae-4418-80c8-65d79a62c2d8 white/M qty=3 stock_after=12.0
[PRODUCER-CONSUMER] Received message on partition 0
[PRODUCER-CONSUMER] -> DLQ reason=INVALID_JSON order_id=None
[PRODUCER-CONSUMER] Received message on partition 0
[PRODUCER-CONSUMER] ORDER OK order_id=95347b81-1815-4fca-8353-26effdb10358 black/M qty=2 stock_after=5.0
[PRODUCER-CONSUMER] Received message on partition 1
[PRODUCER-CONSUMER] ORDER OK order_id=b7817153-402b-40f5-ab35-f7ba640ff2de black/L qty=1 stock_after=10.0
[PRODUCER-CONSUMER] Received message on partition 1
[PRODUCER-CONSUMER] ORDER OK order_id=8a908982-71fc-4143-8b64-dd4a17c76fa9 red/M qty=2 stock_after=12.0
[PRODUCER-CONSUMER] Received message on partition 1
[PRODUCER-CONSUMER] ORDER OK order_id=5dd5255c-d725-4a59-be6f-af8df3bc8d51 pink/S qty=3 stock_after=9.0
[PRODUCER-CONSUMER] Received message on partition 1
[PRODUCER-CONSUMER] ORDER OK order_id=639478f7-03e6-480e-aaea-d57c01bf75c7 red/XL qty=1 stock_after=5.0
[PRODUCER-CONSUMER] Received message on partition 1
[PRODUCER-CONSUMER] -> DLQ reason=INVALID_JSON order_id=None
[PRODUCER-CONSUMER] Received message on partition 1
[PRODUCER-CONSUMER] ORDER OK order_id=45f46673-3081-4cb3-a73c-9059ae7e0d16 pink/M qty=2 stock_after=10.0
[PRODUCER-CONSUMER] Received message on partition 1
[PRODUCER-CONSUMER] ORDER OK order_id=66c8d782-0a79-4c76-89a6-12458a9e7393 pink/XL qty=3 stock_after=6.0
[PRODUCER-CONSUMER] Received message on partition 1
[PRODUCER-CONSUMER] ORDER OK order_id=af53fd05-19d5-4f5f-895a-4a4b979fbbbf white/M qty=1 stock_after=11.0
[PRODUCER-CONSUMER] Received message on partition 1
[PRODUCER-CONSUMER] ORDER OK order_id=f4daebc6-df29-400a-a00d-4dcac8ba5ab8 white/M qty=1 stock_after=10.0
[PRODUCER-CONSUMER] Received message on partition 1
[PRODUCER-CONSUMER] ORDER OK order_id=33fa6a36-a045-456f-a8fb-f7524ea8006c black/XL qty=2 stock_after=8.0
[PRODUCER-CONSUMER] Received message on partition 1
[PRODUCER-CONSUMER] -> DLQ reason=INVALID_JSON order_id=None
[PRODUCER-CONSUMER] Received message on partition 1
[PRODUCER-CONSUMER] ORDER OK order_id=a07187fb-c5be-4e13-ad7d-7df8290ad9cd pink/M qty=2 stock_after=8.0
[PRODUCER-CONSUMER] Received message on partition 1
[PRODUCER-CONSUMER] ORDER OK order_id=2f303ef8-77b1-4306-9871-a40016030e8a black/S qty=2 stock_after=5.0
[PRODUCER-CONSUMER] Received message on partition 1
[PRODUCER-CONSUMER] -> DLQ reason=INVALID_JSON order_id=None
[PRODUCER-CONSUMER] Received message on partition 1
[PRODUCER-CONSUMER] ORDER OK order_id=0240681b-a8dd-4094-8403-f5a9099a275b pink/L qty=2 stock_after=13.0
[PRODUCER-CONSUMER] Received message on partition 1
[PRODUCER-CONSUMER] ORDER OK order_id=4ff76fd1-7d30-4e51-a8b4-4dfe3eefc7dc white/S qty=2 stock_after=9.0
[PRODUCER-CONSUMER] Received message on partition 1
[PRODUCER-CONSUMER] -> DLQ reason=INVALID_JSON order_id=None
[PRODUCER-CONSUMER] Received message on partition 1
[PRODUCER-CONSUMER] ORDER OK order_id=21e23cd3-0fa2-4c02-8e10-c7bf38bce546 white/L qty=2 stock_after=7.0
[PRODUCER-CONSUMER] Received message on partition 1
[PRODUCER-CONSUMER] ORDER OK order_id=b3dadffb-6cac-41cd-a18b-35bd5d4c3c57 red/M qty=1 stock_after=11.0
[PRODUCER-CONSUMER] Received message on partition 1
[PRODUCER-CONSUMER] ORDER OK order_id=41196eb9-0b64-410b-ac99-868b3994ef6e white/S qty=3 stock_after=6.0
[PRODUCER-CONSUMER] Received message on partition 1
[PRODUCER-CONSUMER] ORDER OK order_id=0f06b830-032e-4d70-b2f6-b25b414d2780 white/L qty=3 stock_after=4.0
[PRODUCER-CONSUMER] Received message on partition 1
[PRODUCER-CONSUMER] ORDER OK order_id=f9780d30-8b43-4eb5-a2d8-682db5352e64 pink/XL qty=3 stock_after=3.0
[PRODUCER-CONSUMER] Received message on partition 1
[PRODUCER-CONSUMER] ORDER OK order_id=26733ad9-aa99-41c6-ad6c-14751bd5ca4e pink/XL qty=3 stock_after=0.0
[PRODUCER-CONSUMER] Received message on partition 1
[PRODUCER-CONSUMER] ORDER OK order_id=c4e54079-ef8e-41fc-a38d-753fe824d823 black/XL qty=3 stock_after=5.0
[PRODUCER-CONSUMER] Received message on partition 1
[PRODUCER-CONSUMER] ORDER FAIL order_id=1e7ca84c-2608-4e87-8c50-39d3bf804258 pink/XL (OUT_OF_STOCK have=0.0 need=2)
[PRODUCER-CONSUMER] Received message on partition 1
[PRODUCER-CONSUMER] ORDER OK order_id=be585c2d-59fc-4959-ac2f-b96278856d4f black/S qty=2 stock_after=3.0
[PRODUCER-CONSUMER] Received message on partition 1
[PRODUCER-CONSUMER] ORDER OK order_id=9873e443-6631-427c-a0a7-45a8fd7dd08b black/M qty=2 stock_after=3.0
[PRODUCER-CONSUMER] Received message on partition 1
[PRODUCER-CONSUMER] ORDER OK order_id=092f88bb-e8aa-4c8a-977d-6a319d69e1ba black/M qty=2 stock_after=1.0
[PRODUCER-CONSUMER] Received message on partition 1
[PRODUCER-CONSUMER] ORDER OK order_id=3be1e155-8f59-4bd9-965d-a8af68efee26 red/L qty=3 stock_after=7.0
[PRODUCER-CONSUMER] Received message on partition 1
[PRODUCER-CONSUMER] ORDER FAIL order_id=58fa7957-fd2f-4843-9476-246ccc8b45c9 pink/XL (OUT_OF_STOCK have=0.0 need=3)
[PRODUCER-CONSUMER] Received message on partition 1
[PRODUCER-CONSUMER] ORDER OK order_id=a5043c45-4ef7-46d3-abf9-877d6f45ff5b black/S qty=1 stock_after=2.0
[PRODUCER-CONSUMER] Received message on partition 1
[PRODUCER-CONSUMER] ORDER OK order_id=b9f65811-1857-4a86-9503-ab68cebbfc24 white/L qty=3 stock_after=1.0
[PRODUCER-CONSUMER] Received message on partition 1
[PRODUCER-CONSUMER] ORDER OK order_id=59180003-b045-4b79-a4d6-fabb3a47ae7a red/XL qty=3 stock_after=2.0
[PRODUCER-CONSUMER] Received message on partition 1
[PRODUCER-CONSUMER] ORDER FAIL order_id=410f6ecb-02f3-4b15-a97d-a7f6cc44c966 pink/XL (OUT_OF_STOCK have=0.0 need=1)
[PRODUCER-CONSUMER] Received message on partition 1
[PRODUCER-CONSUMER] ORDER FAIL order_id=e9a80aeb-afc0-49a9-bf24-a3bf51cea450 black/S (OUT_OF_STOCK have=2.0 need=3)
[PRODUCER-CONSUMER] Received message on partition 1
[PRODUCER-CONSUMER] ORDER OK order_id=287c1eed-96b5-4ab3-9901-7210e9d2443b white/XL qty=3 stock_after=9.0
[PRODUCER-CONSUMER] Received message on partition 1
[PRODUCER-CONSUMER] -> DLQ reason=INVALID_JSON order_id=None
[PRODUCER-CONSUMER] Received message on partition 1
[PRODUCER-CONSUMER] ORDER OK order_id=db10e5d5-f245-453b-a05f-c1c2fcccf5a9 pink/L qty=2 stock_after=11.0
[PRODUCER-CONSUMER] Received message on partition 1
[PRODUCER-CONSUMER] -> DLQ reason=INVALID_JSON order_id=None
[PRODUCER-CONSUMER] Received message on partition 1
[PRODUCER-CONSUMER] ORDER OK order_id=bad0e375-f2e4-4f9e-bc17-1d4dcef1e174 red/XL qty=1 stock_after=1.0
[PRODUCER-CONSUMER] Received message on partition 1
[PRODUCER-CONSUMER] ORDER OK order_id=92cd5717-d9b4-40d3-8fe8-ec87261d8f14 red/XL qty=1 stock_after=0.0
[PRODUCER-CONSUMER] Received message on partition 2
[PRODUCER-CONSUMER] -> DLQ reason=INVALID_JSON order_id=None
[PRODUCER-CONSUMER] Received message on partition 2
[PRODUCER-CONSUMER] ORDER FAIL order_id=3cec50c5-191e-4e1d-8c23-7ebbbe9e6ce0 pink/XL (OUT_OF_STOCK have=0.0 need=1)
[PRODUCER-CONSUMER] Received message on partition 2
[PRODUCER-CONSUMER] ORDER OK order_id=7dd06942-5f6f-4f49-bea0-a510925ac5b5 red/L qty=1 stock_after=6.0
[PRODUCER-CONSUMER] Received message on partition 2
[PRODUCER-CONSUMER] ORDER OK order_id=118432a6-1aa7-4325-9ea7-fb79599efae8 white/S qty=3 stock_after=3.0
[PRODUCER-CONSUMER] Received message on partition 2
[PRODUCER-CONSUMER] ORDER OK order_id=3fd066e6-9bb1-429d-bb8a-9d36c03403ab black/XL qty=2 stock_after=3.0
[PRODUCER-CONSUMER] Received message on partition 2
[PRODUCER-CONSUMER] ORDER OK order_id=ab8ee6dd-215d-45e6-8c5b-38a60b95a90f white/XL qty=3 stock_after=6.0
[PRODUCER-CONSUMER] Received message on partition 2
[PRODUCER-CONSUMER] ORDER OK order_id=e6b5ecc2-7722-4f57-aa5b-9d341fd131e4 red/S qty=3 stock_after=11.0
[PRODUCER-CONSUMER] Received message on partition 2
[PRODUCER-CONSUMER] -> DLQ reason=INVALID_JSON order_id=None
[PRODUCER-CONSUMER] Received message on partition 2
[PRODUCER-CONSUMER] ORDER OK order_id=7cc2aa0d-7b63-4740-837a-ab1bf6e358ad black/XL qty=1 stock_after=2.0
[PRODUCER-CONSUMER] Received message on partition 2
[PRODUCER-CONSUMER] ORDER OK order_id=253ea5c9-2c4f-44ac-8202-c30cb24a59b9 white/M qty=3 stock_after=7.0
[PRODUCER-CONSUMER] Received message on partition 2
[PRODUCER-CONSUMER] ORDER OK order_id=91e1656e-083c-4549-82bd-0d7eac9a5d35 black/XL qty=1 stock_after=1.0
[PRODUCER-CONSUMER] Received message on partition 2
[PRODUCER-CONSUMER] ORDER FAIL order_id=89bcd1ae-571a-423b-aa3d-2a63cdcd4570 black/XL (OUT_OF_STOCK have=1.0 need=2)
[PRODUCER-CONSUMER] Received message on partition 2
[PRODUCER-CONSUMER] ORDER OK order_id=8b009f0c-3f34-4f73-a9c5-8ad17e5a09ed pink/L qty=2 stock_after=9.0
[PRODUCER-CONSUMER] Received message on partition 2
[PRODUCER-CONSUMER] ORDER OK order_id=56a73ec0-b189-4e21-934f-85b7d1f04a1c black/S qty=2 stock_after=0.0
[PRODUCER-CONSUMER] Received message on partition 2
[PRODUCER-CONSUMER] ORDER OK order_id=8c48fc60-d77d-4fd2-9c48-005db785804b red/M qty=2 stock_after=9.0
[PRODUCER-CONSUMER] Received message on partition 2
[PRODUCER-CONSUMER] ORDER OK order_id=ce400da3-4ab2-47cb-8434-48e91ec8d741 red/S qty=1 stock_after=10.0
[PRODUCER-CONSUMER] Received message on partition 2
[PRODUCER-CONSUMER] -> DLQ reason=INVALID_JSON order_id=None
[PRODUCER-CONSUMER] Received message on partition 2
[PRODUCER-CONSUMER] ORDER FAIL order_id=0e77ffed-6ea6-4ccf-81ff-3db1f382d173 black/S (OUT_OF_STOCK have=0.0 need=3)
[PRODUCER-CONSUMER] Received message on partition 2
[PRODUCER-CONSUMER] ORDER OK order_id=05b08e42-449d-44a0-8533-27d463670bb5 red/M qty=2 stock_after=7.0
[PRODUCER-CONSUMER] Received message on partition 2
[PRODUCER-CONSUMER] ORDER FAIL order_id=ebc582f6-01c2-49b2-a10e-8a3ef082f7ea pink/XL (OUT_OF_STOCK have=0.0 need=3)
[PRODUCER-CONSUMER] Received message on partition 2
[PRODUCER-CONSUMER] ORDER OK order_id=916f23e6-3e6c-4919-a4da-914f30960c4b white/S qty=3 stock_after=0.0
[PRODUCER-CONSUMER] Received message on partition 2
[PRODUCER-CONSUMER] ORDER OK order_id=541b5f57-f6d8-401b-be84-5f1907decdb5 red/L qty=1 stock_after=5.0
[PRODUCER-CONSUMER] Received message on partition 2
[PRODUCER-CONSUMER] ORDER OK order_id=aa035ade-dacf-42a2-83e9-8a7c1061b7ef pink/M qty=1 stock_after=7.0
[PRODUCER-CONSUMER] Received message on partition 2
[PRODUCER-CONSUMER] ORDER OK order_id=0b5e335e-96f8-4e50-9a5e-86fa98cfb395 black/L qty=2 stock_after=8.0
[PRODUCER-CONSUMER] Received message on partition 2
[PRODUCER-CONSUMER] -> DLQ reason=INVALID_JSON order_id=None
[PRODUCER-CONSUMER] Received message on partition 2
[PRODUCER-CONSUMER] -> DLQ reason=INVALID_JSON order_id=None
[PRODUCER-CONSUMER] Received message on partition 2
[PRODUCER-CONSUMER] ORDER OK order_id=2306e916-655e-4eef-b4da-b3349877a7ac black/L qty=3 stock_after=5.0
[PRODUCER-CONSUMER] Received message on partition 2
[PRODUCER-CONSUMER] ORDER OK order_id=b88fff8e-03d6-4326-9158-d36f9a5e13e0 red/L qty=3 stock_after=2.0
[PRODUCER-CONSUMER] Received message on partition 2
[PRODUCER-CONSUMER] ORDER OK order_id=b39587a3-0d06-4074-a8a2-270fccd8afeb black/XL qty=1 stock_after=0.0
[PRODUCER-CONSUMER] Received message on partition 2
[PRODUCER-CONSUMER] ORDER OK order_id=fc8737c0-e47b-4878-a2b0-3ffc8d6268c3 white/M qty=3 stock_after=4.0
[PRODUCER-CONSUMER] Received message on partition 2
[PRODUCER-CONSUMER] -> DLQ reason=INVALID_JSON order_id=None
[PRODUCER-CONSUMER] Received message on partition 2
[PRODUCER-CONSUMER] ORDER FAIL order_id=9ab0cb48-90e7-437c-a942-7127269f16e2 red/XL (OUT_OF_STOCK have=0.0 need=2)
[PRODUCER-CONSUMER] Received message on partition 2
[PRODUCER-CONSUMER] ORDER OK order_id=dd87ee0e-8c81-41c4-a5b4-1710a670fb4c red/M qty=3 stock_after=4.0
[PRODUCER-CONSUMER] Received message on partition 2
[PRODUCER-CONSUMER] ORDER OK order_id=18c36d38-8ca2-4b73-9eb6-b35174ee74c9 pink/L qty=1 stock_after=8.0
[PRODUCER-CONSUMER] Received message on partition 2
[PRODUCER-CONSUMER] ORDER FAIL order_id=69b0cd58-622c-4e7c-a1df-366f0bb67f7d black/XL (OUT_OF_STOCK have=0.0 need=1)
[PRODUCER-CONSUMER] Received message on partition 2
[PRODUCER-CONSUMER] ORDER FAIL order_id=d634e613-165d-480c-aee8-5793f01cf6a5 white/L (OUT_OF_STOCK have=1.0 need=3)
[PRODUCER-CONSUMER] Received message on partition 1
[PRODUCER-CONSUMER] -> DLQ reason=INVALID_JSON order_id=None
[PRODUCER-CONSUMER] Received message on partition 2
[PRODUCER-CONSUMER] ORDER FAIL order_id=bca492bb-3892-448a-9428-2f564d4a37fa black/S (OUT_OF_STOCK have=0.0 need=1)
[PRODUCER-CONSUMER] Received message on partition 2
[PRODUCER-CONSUMER] ORDER FAIL order_id=7479f3f6-6412-4862-8ade-6802b30cf070 white/L (OUT_OF_STOCK have=1.0 need=2)
[PRODUCER-CONSUMER] Received message on partition 2
[PRODUCER-CONSUMER] ORDER OK order_id=de179f6b-c4ad-4a90-b83b-7efb3e64cf70 white/M qty=2 stock_after=2.0
[PRODUCER-CONSUMER] Received message on partition 1
[PRODUCER-CONSUMER] ORDER OK order_id=0ef37d66-fd5f-4a1b-9f97-f309cd63197a red/S qty=2 stock_after=8.0
[PRODUCER-CONSUMER] Received message on partition 0
[PRODUCER-CONSUMER] ORDER OK order_id=5b87ef8a-e694-4ed3-965a-75bb5de2a0c6 red/S qty=2 stock_after=6.0
[PRODUCER-CONSUMER] Received message on partition 2
[PRODUCER-CONSUMER] -> DLQ reason=INVALID_JSON order_id=None
[PRODUCER-CONSUMER] Received message on partition 2
[PRODUCER-CONSUMER] -> DLQ reason=INVALID_JSON order_id=None
[PRODUCER-CONSUMER] Received message on partition 2
[PRODUCER-CONSUMER] ORDER FAIL order_id=6a42e04b-77f6-4dc3-a473-71353186053d red/XL (OUT_OF_STOCK have=0.0 need=3)
[PRODUCER-CONSUMER] Received message on partition 1
[PRODUCER-CONSUMER] -> DLQ reason=INVALID_JSON order_id=None
[PRODUCER-CONSUMER] Received message on partition 0
[PRODUCER-CONSUMER] -> DLQ reason=INVALID_JSON order_id=None
[PRODUCER-CONSUMER] Received message on partition 2
[PRODUCER-CONSUMER] ORDER FAIL order_id=b2a5ddcb-de5d-4724-af0b-75f8dfa69edb black/S (OUT_OF_STOCK have=0.0 need=3)
[PRODUCER-CONSUMER] Received message on partition 1
[PRODUCER-CONSUMER] ORDER FAIL order_id=e6d033d7-b075-4723-81eb-4e77a588a14e black/S (OUT_OF_STOCK have=0.0 need=3)
[PRODUCER-CONSUMER] Received message on partition 2
[PRODUCER-CONSUMER] ORDER FAIL order_id=2f560e0e-f375-48cb-8590-40bda1d4064a black/M (OUT_OF_STOCK have=1.0 need=2)
[PRODUCER-CONSUMER] Received message on partition 0
[PRODUCER-CONSUMER] ORDER OK order_id=a45cdf69-274f-4f35-a45e-fd9a37efc62a pink/L qty=3 stock_after=5.0
[PRODUCER-CONSUMER] Received message on partition 1
[PRODUCER-CONSUMER] -> DLQ reason=INVALID_JSON order_id=None
[PRODUCER-CONSUMER] Received message on partition 1
[PRODUCER-CONSUMER] ORDER FAIL order_id=fa5f8902-e125-4f8e-b3d4-3466a724116c black/M (OUT_OF_STOCK have=1.0 need=3)
[PRODUCER-CONSUMER] Received message on partition 1
[PRODUCER-CONSUMER] ORDER OK order_id=6585ad0d-5aa3-4df2-9096-d81d97040b46 red/S qty=1 stock_after=5.0
[PRODUCER-CONSUMER] Received message on partition 1
[PRODUCER-CONSUMER] ORDER FAIL order_id=234db73f-7645-4d34-ad4e-3df59d0c45e5 red/L (OUT_OF_STOCK have=2.0 need=3)
[PRODUCER-CONSUMER] Received message on partition 2
[PRODUCER-CONSUMER] ORDER OK order_id=702d94d5-70d9-4971-9caf-2332275b647e white/XL qty=2 stock_after=4.0
[PRODUCER-CONSUMER] Received message on partition 2
[PRODUCER-CONSUMER] -> DLQ reason=INVALID_JSON order_id=None
[PRODUCER-CONSUMER] Received message on partition 2
[PRODUCER-CONSUMER] ORDER OK order_id=5ac67d93-d271-4959-846a-dd2aabede3d1 red/L qty=1 stock_after=1.0
[PRODUCER-CONSUMER] Received message on partition 0
[PRODUCER-CONSUMER] -> DLQ reason=INVALID_JSON order_id=None
[PRODUCER-CONSUMER] Received message on partition 1
[PRODUCER-CONSUMER] ORDER OK order_id=7c946336-b931-435b-a013-f61bab781ac9 red/M qty=1 stock_after=3.0
[PRODUCER-CONSUMER] Received message on partition 0
[PRODUCER-CONSUMER] -> DLQ reason=INVALID_JSON order_id=None
[PRODUCER-CONSUMER] Received message on partition 0
[PRODUCER-CONSUMER] ORDER FAIL order_id=d0daa22d-0f3c-49d8-8988-42cb717d5607 white/S (OUT_OF_STOCK have=0.0 need=3)
[PRODUCER-CONSUMER] Received message on partition 1
[PRODUCER-CONSUMER] -> DLQ reason=INVALID_JSON order_id=None
[PRODUCER-CONSUMER] Received message on partition 0
[PRODUCER-CONSUMER] ORDER OK order_id=92b05177-2f49-48f1-96a5-ee03f037cd0f pink/M qty=2 stock_after=5.0
[PRODUCER-CONSUMER] Received message on partition 2
[PRODUCER-CONSUMER] ORDER OK order_id=5854477c-8a6b-4c3e-ae06-d4b318c64723 red/S qty=1 stock_after=4.0
[PRODUCER-CONSUMER] Received message on partition 2
[PRODUCER-CONSUMER] ORDER FAIL order_id=b0ac6489-2781-455b-b12b-aedf161b9406 black/M (OUT_OF_STOCK have=1.0 need=2)
[PRODUCER-CONSUMER] Received message on partition 2
[PRODUCER-CONSUMER] ORDER FAIL order_id=2d30b42e-23bc-4f9f-b3e3-d485be4a58cc pink/XL (OUT_OF_STOCK have=0.0 need=2)
[PRODUCER-CONSUMER] Received message on partition 0
[PRODUCER-CONSUMER] ORDER FAIL order_id=4192ad91-d5b4-4147-9693-cff8e8444a29 black/XL (OUT_OF_STOCK have=0.0 need=3)
[PRODUCER-CONSUMER] Received message on partition 0
[PRODUCER-CONSUMER] ORDER OK order_id=7c7f95e2-4fbe-4d1b-98b6-77b2fca0f2c6 black/L qty=1 stock_after=4.0
[PRODUCER-CONSUMER] Received message on partition 1
[PRODUCER-CONSUMER] ORDER FAIL order_id=b6d686c5-8394-4b1d-9540-d5f70c73a3ad red/L (OUT_OF_STOCK have=1.0 need=3)
[PRODUCER-CONSUMER] Received message on partition 0
[PRODUCER-CONSUMER] ORDER FAIL order_id=e52d4cee-aa95-4e9f-9859-e9961cf2d001 black/S (OUT_OF_STOCK have=0.0 need=3)
[PRODUCER-CONSUMER] Received message on partition 0
[PRODUCER-CONSUMER] ORDER OK order_id=c869be65-05b5-44e6-9f57-2884a0033b2d pink/S qty=2 stock_after=7.0
[PRODUCER-CONSUMER] Received message on partition 2
[PRODUCER-CONSUMER] ORDER FAIL order_id=3f9b9410-e09e-4808-ab92-fcc932406b67 red/XL (OUT_OF_STOCK have=0.0 need=1)
[PRODUCER-CONSUMER] Received message on partition 2
[PRODUCER-CONSUMER] -> DLQ reason=INVALID_JSON order_id=None
[PRODUCER-CONSUMER] Received message on partition 0
[PRODUCER-CONSUMER] ORDER FAIL order_id=72aefcd6-7d3b-48a6-9062-cf03f08b9e15 red/XL (OUT_OF_STOCK have=0.0 need=1)
[PRODUCER-CONSUMER] Received message on partition 0
[PRODUCER-CONSUMER] ORDER OK order_id=8f999dc3-c1ae-4793-9125-2ce107391fbb white/M qty=2 stock_after=0.0
[PRODUCER-CONSUMER] Received message on partition 0
[PRODUCER-CONSUMER] -> DLQ reason=INVALID_JSON order_id=None
[PRODUCER-CONSUMER] Received message on partition 1
[PRODUCER-CONSUMER] ORDER FAIL order_id=ae9d769b-c0ae-4d21-b59a-04c43d93606d black/XL (OUT_OF_STOCK have=0.0 need=1)
[PRODUCER-CONSUMER] Received message on partition 0
[PRODUCER-CONSUMER] -> DLQ reason=INVALID_JSON order_id=None
[PRODUCER-CONSUMER] Received message on partition 1
[PRODUCER-CONSUMER] -> DLQ reason=INVALID_JSON order_id=None
[PRODUCER-CONSUMER] Received message on partition 1
[PRODUCER-CONSUMER] ORDER OK order_id=16d2175c-e75d-41ce-ae33-085227eba482 red/S qty=2 stock_after=2.0
[PRODUCER-CONSUMER] Received message on partition 1
[PRODUCER-CONSUMER] ORDER OK order_id=0dfc9576-9834-4f41-aa29-abd8cf452adf pink/S qty=2 stock_after=5.0
[PRODUCER-CONSUMER] Received message on partition 2
[PRODUCER-CONSUMER] ORDER FAIL order_id=d6f527cf-ef6f-4658-9256-1366f59291d2 black/S (OUT_OF_STOCK have=0.0 need=2)
[PRODUCER-CONSUMER] Received message on partition 2
[PRODUCER-CONSUMER] ORDER OK order_id=57953e56-7c33-42e6-8f86-dc71ffa600f6 pink/L qty=1 stock_after=4.0
[PRODUCER-CONSUMER] Received message on partition 1
[PRODUCER-CONSUMER] ORDER OK order_id=0e32576a-480c-4bc4-838d-99eeea888d89 pink/M qty=1 stock_after=4.0
[PRODUCER-CONSUMER] Received message on partition 0
[PRODUCER-CONSUMER] ORDER OK order_id=fdbe1061-89ac-4ade-82e3-d309e0185506 red/M qty=3 stock_after=0.0
[PRODUCER-CONSUMER] Received message on partition 0
[PRODUCER-CONSUMER] ORDER FAIL order_id=7fabfe2a-6ae4-4451-872a-a02f601f8d8e pink/XL (OUT_OF_STOCK have=0.0 need=1)
[PRODUCER-CONSUMER] Received message on partition 2
[PRODUCER-CONSUMER] ORDER FAIL order_id=bb9e3d54-c186-45a9-8d8f-b13f705c4fb6 black/M (OUT_OF_STOCK have=1.0 need=2)
[PRODUCER-CONSUMER] Received message on partition 2
[PRODUCER-CONSUMER] ORDER OK order_id=89c6fd60-43f0-4881-b27e-639578c7216c pink/S qty=1 stock_after=4.0
[PRODUCER-CONSUMER] Received message on partition 0
[PRODUCER-CONSUMER] ORDER FAIL order_id=3d5cac24-56f9-43f2-8a26-fe467e8087a5 red/M (OUT_OF_STOCK have=0.0 need=1)
[PRODUCER-CONSUMER] Received message on partition 1
[PRODUCER-CONSUMER] ORDER FAIL order_id=7bc68a6b-54e7-425b-ba56-7b11a4ac397e white/M (OUT_OF_STOCK have=0.0 need=1)
[PRODUCER-CONSUMER] Received message on partition 1
[PRODUCER-CONSUMER] ORDER OK order_id=74855eba-4239-4061-8306-1c2f204bd1bb red/L qty=1 stock_after=0.0
[PRODUCER-CONSUMER] Received message on partition 2
[PRODUCER-CONSUMER] ORDER OK order_id=a4167045-3e1f-44c4-a924-ac38e962e777 red/S qty=1 stock_after=1.0
[PRODUCER-CONSUMER] Received message on partition 1
[PRODUCER-CONSUMER] ORDER OK order_id=39fc58da-0ad1-4ebe-9d21-8c40c5640fc9 white/XL qty=1 stock_after=3.0
[PRODUCER-CONSUMER] Received message on partition 2
[PRODUCER-CONSUMER] -> DLQ reason=INVALID_JSON order_id=None
[PRODUCER-CONSUMER] Received message on partition 0
[PRODUCER-CONSUMER] ORDER OK order_id=c51376b4-386e-4a78-a23d-e345546f8c4b pink/S qty=1 stock_after=3.0
[PRODUCER-CONSUMER] Received message on partition 2
[PRODUCER-CONSUMER] ORDER FAIL order_id=80333a31-8526-4069-8bd1-9bef9c9fd64c white/L (OUT_OF_STOCK have=1.0 need=3)
[PRODUCER-CONSUMER] Received message on partition 0
[PRODUCER-CONSUMER] ORDER FAIL order_id=0395229c-f8e6-49be-b62e-b02af80ba068 black/M (OUT_OF_STOCK have=1.0 need=2)
[PRODUCER-CONSUMER] Received message on partition 0
[PRODUCER-CONSUMER] -> DLQ reason=INVALID_JSON order_id=None
[PRODUCER-CONSUMER] Received message on partition 0
[PRODUCER-CONSUMER] ORDER OK order_id=b5053e64-163a-48bd-8521-e68638b6bce0 black/M qty=1 stock_after=0.0
[PRODUCER-CONSUMER] Received message on partition 2
[PRODUCER-CONSUMER] ORDER FAIL order_id=7c211cac-f04a-4ae6-88f7-99d679a7e9f2 red/S (OUT_OF_STOCK have=1.0 need=2)
[PRODUCER-CONSUMER] Received message on partition 2
[PRODUCER-CONSUMER] ORDER OK order_id=bd8b77c3-72e3-46e1-bf79-a1dd118dc5a3 pink/L qty=3 stock_after=1.0
[PRODUCER-CONSUMER] Received message on partition 1
[PRODUCER-CONSUMER] ORDER FAIL order_id=0908609f-08ad-444e-a08d-47da5e792448 white/L (OUT_OF_STOCK have=1.0 need=3)
[PRODUCER-CONSUMER] Received message on partition 0
[PRODUCER-CONSUMER] ORDER OK order_id=da733d65-5079-45a3-8ea8-bf8ad235aed9 black/L qty=3 stock_after=1.0
[PRODUCER-CONSUMER] Received message on partition 0
[PRODUCER-CONSUMER] ORDER OK order_id=0a3da0f6-1548-465b-9242-afa362924bbb pink/M qty=3 stock_after=1.0
[PRODUCER-CONSUMER] Received message on partition 1
[PRODUCER-CONSUMER] ORDER OK order_id=581fd4bc-91cd-4beb-aae1-838ba3047b8d white/XL qty=2 stock_after=1.0
[PRODUCER-CONSUMER] Received message on partition 0
[PRODUCER-CONSUMER] ORDER FAIL order_id=ee819611-c156-4245-8677-60bd6cad4fcf white/M (OUT_OF_STOCK have=0.0 need=2)
[PRODUCER-CONSUMER] Received message on partition 1
[PRODUCER-CONSUMER] -> DLQ reason=INVALID_JSON order_id=None
[PRODUCER-CONSUMER] Received message on partition 0
[PRODUCER-CONSUMER] ORDER FAIL order_id=11651344-29ed-43ef-81f5-95556c449ab7 pink/M (OUT_OF_STOCK have=1.0 need=2)
[PRODUCER-CONSUMER] Received message on partition 2
[PRODUCER-CONSUMER] ORDER FAIL order_id=4770bdbe-8650-4ecd-8d1c-03747a8e2fa0 white/L (OUT_OF_STOCK have=1.0 need=2)
[PRODUCER-CONSUMER] Received message on partition 2
[PRODUCER-CONSUMER] ORDER FAIL order_id=834cce15-477d-4751-94c4-7c762a9b2ec5 white/M (OUT_OF_STOCK have=0.0 need=3)
[PRODUCER-CONSUMER] Received message on partition 1
[PRODUCER-CONSUMER] ORDER FAIL order_id=9ca351e4-4017-4be6-ad61-6c498dc9f57e red/M (OUT_OF_STOCK have=0.0 need=2)
[PRODUCER-CONSUMER] Received message on partition 2
[PRODUCER-CONSUMER] ORDER FAIL order_id=ef23f7f0-3979-4eeb-bd37-8eab88e0770c white/M (OUT_OF_STOCK have=0.0 need=1)
[PRODUCER-CONSUMER] Received message on partition 2
[PRODUCER-CONSUMER] ORDER FAIL order_id=20e22d7f-1d61-49de-874f-e3a26935a8f4 red/M (OUT_OF_STOCK have=0.0 need=3)
[PRODUCER-CONSUMER] Received message on partition 1
[PRODUCER-CONSUMER] ORDER FAIL order_id=93be37a9-fb5f-46ae-b92d-8315f071eda4 red/M (OUT_OF_STOCK have=0.0 need=2)
[PRODUCER-CONSUMER] Received message on partition 0
[PRODUCER-CONSUMER] -> DLQ reason=INVALID_JSON order_id=None
[PRODUCER-CONSUMER] Received message on partition 2
[PRODUCER-CONSUMER] ORDER FAIL order_id=5abfefde-5b3b-4686-82ce-09ec22b4b4eb white/XL (OUT_OF_STOCK have=1.0 need=3)
[PRODUCER-CONSUMER] Received message on partition 2
[PRODUCER-CONSUMER] ORDER FAIL order_id=d613ac81-3ba3-46a0-bc1d-7347dcead4a2 white/M (OUT_OF_STOCK have=0.0 need=2)
[PRODUCER-CONSUMER] Received message on partition 1
[PRODUCER-CONSUMER] ORDER FAIL order_id=ae884a51-c99d-46e9-8351-380feb15435f pink/XL (OUT_OF_STOCK have=0.0 need=3)
[PRODUCER-CONSUMER] Received message on partition 0
[PRODUCER-CONSUMER] ORDER FAIL order_id=0a6eaa57-f4a2-4126-9956-feba9b1fabae black/M (OUT_OF_STOCK have=0.0 need=3)
[PRODUCER-CONSUMER] Received message on partition 0
[PRODUCER-CONSUMER] ORDER FAIL order_id=1549ba12-3eee-4fe0-aedd-ba56d35631c8 black/M (OUT_OF_STOCK have=0.0 need=3)
[PRODUCER-CONSUMER] Received message on partition 2
[PRODUCER-CONSUMER] ORDER OK order_id=dbfa9f61-6ea4-49c7-90c7-e33e04eea992 pink/S qty=2 stock_after=1.0
[PRODUCER-CONSUMER] Received message on partition 0
[PRODUCER-CONSUMER] -> DLQ reason=INVALID_JSON order_id=None
[PRODUCER-CONSUMER] Received message on partition 1
[PRODUCER-CONSUMER] ORDER FAIL order_id=36e6c1c1-25ed-4ec8-a981-7e0556e85f3f pink/S (OUT_OF_STOCK have=1.0 need=3)
[PRODUCER-CONSUMER] Received message on partition 1
[PRODUCER-CONSUMER] ORDER FAIL order_id=bac1f83e-96df-4fb7-88a4-36ca0654eec9 white/L (OUT_OF_STOCK have=1.0 need=2)
[PRODUCER-CONSUMER] Received message on partition 1
[PRODUCER-CONSUMER] ORDER FAIL order_id=91d76869-6b41-4d6f-96e3-b537b0c1a52e red/L (OUT_OF_STOCK have=0.0 need=3)
[PRODUCER-CONSUMER] Received message on partition 2
[PRODUCER-CONSUMER] ORDER FAIL order_id=4d3a2975-6d29-4044-9112-1a73c20fa393 white/XL (OUT_OF_STOCK have=1.0 need=3)
[PRODUCER-CONSUMER] Received message on partition 1
[PRODUCER-CONSUMER] ORDER FAIL order_id=5138a3b4-89ae-42e0-92dc-8651f4c2240d pink/L (OUT_OF_STOCK have=1.0 need=2)
[PRODUCER-CONSUMER] Received message on partition 1
[PRODUCER-CONSUMER] ORDER FAIL order_id=ef98260c-baf9-455d-b92e-e0fa22d610bd red/S (OUT_OF_STOCK have=1.0 need=2)
[PRODUCER-CONSUMER] Received message on partition 0
[PRODUCER-CONSUMER] ORDER FAIL order_id=e535c65b-af2e-4f53-a929-dbd1f344c736 red/XL (OUT_OF_STOCK have=0.0 need=1)
[PRODUCER-CONSUMER] Received message on partition 0
[PRODUCER-CONSUMER] -> DLQ reason=INVALID_JSON order_id=None
[PRODUCER-CONSUMER] Received message on partition 1
[PRODUCER-CONSUMER] -> DLQ reason=INVALID_JSON order_id=None
[PRODUCER-CONSUMER] Received message on partition 0
[PRODUCER-CONSUMER] ORDER FAIL order_id=bbe54372-16e7-4e54-988e-9367e170e820 pink/XL (OUT_OF_STOCK have=0.0 need=2)
[PRODUCER-CONSUMER] Received message on partition 0
[PRODUCER-CONSUMER] ORDER FAIL order_id=96590db2-2412-4926-abd2-a9d14181629a red/L (OUT_OF_STOCK have=0.0 need=3)
[PRODUCER-CONSUMER] Received message on partition 1
[PRODUCER-CONSUMER] ORDER FAIL order_id=d30f8dcd-66de-4c66-a0b4-799c6ccbffbe red/S (OUT_OF_STOCK have=1.0 need=3)
[PRODUCER-CONSUMER] Received message on partition 2
[PRODUCER-CONSUMER] -> DLQ reason=INVALID_JSON order_id=None
[PRODUCER-CONSUMER] Received message on partition 1
[PRODUCER-CONSUMER] ORDER FAIL order_id=1d7a3671-e3fc-49d1-8a68-750ed1774470 pink/XL (OUT_OF_STOCK have=0.0 need=3)
[PRODUCER-CONSUMER] Received message on partition 0
[PRODUCER-CONSUMER] ORDER FAIL order_id=29e27d38-bd16-4015-8fd7-7b947630134d red/XL (OUT_OF_STOCK have=0.0 need=1)
[PRODUCER-CONSUMER] Received message on partition 0
[PRODUCER-CONSUMER] ORDER FAIL order_id=bd181e6f-3298-44b8-84ac-0e6e6bd66d42 pink/S (OUT_OF_STOCK have=1.0 need=3)
[PRODUCER-CONSUMER] Received message on partition 2
[PRODUCER-CONSUMER] ORDER FAIL order_id=a0d23772-c9ff-441b-a460-c91af848fee5 black/XL (OUT_OF_STOCK have=0.0 need=2)
[PRODUCER-CONSUMER] Received message on partition 0
[PRODUCER-CONSUMER] ORDER FAIL order_id=d6429499-3229-401e-b540-c2546693f18b pink/L (OUT_OF_STOCK have=1.0 need=3)
[PRODUCER-CONSUMER] Received message on partition 0
[PRODUCER-CONSUMER] ORDER FAIL order_id=1c25f835-2197-41b8-b9a4-9a1bf22c9226 red/XL (OUT_OF_STOCK have=0.0 need=1)
[PRODUCER-CONSUMER] Received message on partition 0
[PRODUCER-CONSUMER] ORDER FAIL order_id=4aa250f5-4cd6-4210-95a2-af4cf7a5861d white/XL (OUT_OF_STOCK have=1.0 need=3)
[PRODUCER-CONSUMER] Received message on partition 0
[PRODUCER-CONSUMER] -> DLQ reason=INVALID_JSON order_id=None
[PRODUCER-CONSUMER] Received message on partition 1
[PRODUCER-CONSUMER] -> DLQ reason=INVALID_JSON order_id=None
[PRODUCER-CONSUMER] Received message on partition 2
[PRODUCER-CONSUMER] ORDER FAIL order_id=45d54d2c-6797-49df-8aea-504927a8269b white/XL (OUT_OF_STOCK have=1.0 need=3)
[PRODUCER-CONSUMER] Received message on partition 2
[PRODUCER-CONSUMER] ORDER OK order_id=000ddea5-eb33-4a11-a610-17403f30a3b0 white/L qty=1 stock_after=0.0
[PRODUCER-CONSUMER] Received message on partition 1
[PRODUCER-CONSUMER] ORDER FAIL order_id=6b24ed0c-1799-4062-96bd-38d728afc6b0 red/L (OUT_OF_STOCK have=0.0 need=3)
[PRODUCER-CONSUMER] Received message on partition 2
[PRODUCER-CONSUMER] -> DLQ reason=INVALID_JSON order_id=None
[PRODUCER-CONSUMER] Received message on partition 1
[PRODUCER-CONSUMER] ORDER FAIL order_id=5535511a-7b09-45e5-9001-68a0e8f02cb6 black/M (OUT_OF_STOCK have=0.0 need=3)
[PRODUCER-CONSUMER] Received message on partition 1
[PRODUCER-CONSUMER] ORDER FAIL order_id=344718b6-3a21-4ca1-97ac-1429abfcbd7b pink/XL (OUT_OF_STOCK have=0.0 need=1)
[PRODUCER-CONSUMER] Received message on partition 0
[PRODUCER-CONSUMER] ORDER FAIL order_id=6b2ad2e4-6031-4d35-90bf-f7e5dff1ae7d pink/XL (OUT_OF_STOCK have=0.0 need=3)
[PRODUCER-CONSUMER] Received message on partition 2
[PRODUCER-CONSUMER] ORDER FAIL order_id=cc25ea4d-86c4-4ab5-80e1-11bf67a02f94 white/L (OUT_OF_STOCK have=0.0 need=3)
[PRODUCER-CONSUMER] Received message on partition 2
[PRODUCER-CONSUMER] -> DLQ reason=INVALID_JSON order_id=None
[PRODUCER-CONSUMER] Received message on partition 0
[PRODUCER-CONSUMER] ORDER FAIL order_id=95da349c-cbd1-43b5-b949-4d91eed40c9a black/L (OUT_OF_STOCK have=1.0 need=2)
